2024-06-02 21:04:51,761 [INFO] Activator:176 - 


2024-06-02 21:04:51,763 [INFO] Activator:177 - !SESSION log4j initialized
2024-06-02 21:04:53,645 [INFO] LogOutputStream:77 - [STDOUT_REDIRECT] 
2024-06-02 21:04:55,493 [INFO] ApplicationProperties:184 - Using Application install path: C:\ST\STM32CubeIDE_1.15.1\STM32CubeIDE\plugins\com.st.stm32cube.common.mx_6.11.1.202404110753
2024-06-02 21:04:55,505 [INFO] DbMcusXml:78 - Set database path to: C:\ST\STM32CubeIDE_1.15.1\STM32CubeIDE\plugins\com.st.stm32cube.common.mx_6.11.1.202404110753\\db\/mcu/
2024-06-02 21:04:55,505 [INFO] ApiDb:274 - Set plugin database path to: C:\ST\STM32CubeIDE_1.15.1\STM32CubeIDE\plugins\com.st.stm32cube.common.mx_6.11.1.202404110753\\db\/plugins/boardmanager/
2024-06-02 21:04:55,510 [WARN] ApiDb:259 - Overriding images path with different value:  => C:\ST\STM32CubeIDE_1.15.1\STM32CubeIDE\plugins\com.st.stm32cube.common.mx_6.11.1.202404110753\\db\/plugins/mcufinder/images/
2024-06-02 21:04:55,515 [INFO] ApiDb:250 - Set database path to: C:\Users\nicor\.stmcufinder\plugins\mcufinder//mcu/
2024-06-02 21:04:55,516 [INFO] DbMcusAds:125 - Set database path to: C:\Users\nicor\.stmcufinder\plugins\mcufinder//mcu/
2024-06-02 21:04:55,517 [INFO] CrossReferenceDbSqlite:203 - Set database path to: C:\Users\nicor\.stmcufinder\plugins\mcufinder//mcu/cs/
2024-06-02 21:04:55,596 [INFO] RulesReader:64 - Compatibility file has been processed (297 Rules)
2024-06-02 21:04:55,681 [INFO] DbMcusXml:78 - Set database path to: C:\ST\STM32CubeIDE_1.15.1\STM32CubeIDE\plugins\com.st.stm32cube.common.mx_6.11.1.202404110753\\db\/mcu/
2024-06-02 21:04:55,681 [INFO] ApiDb:274 - Set plugin database path to: C:\ST\STM32CubeIDE_1.15.1\STM32CubeIDE\plugins\com.st.stm32cube.common.mx_6.11.1.202404110753\\db\/plugins/boardmanager/
2024-06-02 21:04:55,681 [INFO] ApiDb:261 - Set plugin images path to: C:\ST\STM32CubeIDE_1.15.1\STM32CubeIDE\plugins\com.st.stm32cube.common.mx_6.11.1.202404110753\\db\/plugins/mcufinder/images/
2024-06-02 21:04:55,681 [WARN] DbFile:41 - Overriding database path with different value: C:\Users\nicor\.stmcufinder\plugins\mcufinder/ => C:\Users\nicor\.stmcufinder\plugins\mcufinder
2024-06-02 21:04:55,681 [INFO] ApiDb:250 - Set database path to: C:\Users\nicor\.stmcufinder\plugins\mcufinder//mcu/
2024-06-02 21:04:55,681 [WARN] DbFile:41 - Overriding database path with different value: C:\Users\nicor\.stmcufinder\plugins\mcufinder/ => C:\Users\nicor\.stmcufinder\plugins\mcufinder
2024-06-02 21:04:55,682 [INFO] DbMcusAds:125 - Set database path to: C:\Users\nicor\.stmcufinder\plugins\mcufinder//mcu/
2024-06-02 21:04:55,682 [WARN] DbFile:41 - Overriding database path with different value: C:\Users\nicor\.stmcufinder\plugins\mcufinder/ => C:\Users\nicor\.stmcufinder\plugins\mcufinder
2024-06-02 21:04:55,682 [WARN] DbFile:41 - Overriding database path with different value: C:\Users\nicor\.stmcufinder\plugins\mcufinder/ => C:\Users\nicor\.stmcufinder\plugins\mcufinder
2024-06-02 21:04:55,682 [INFO] CrossReferenceDbSqlite:203 - Set database path to: C:\Users\nicor\.stmcufinder\plugins\mcufinder//mcu/cs/
2024-06-02 21:04:55,733 [INFO] MainPanel:264 - HeapMemory: 268435456
2024-06-02 21:04:55,782 [INFO] DbMcusXml:78 - Set database path to: C:\ST\STM32CubeIDE_1.15.1\STM32CubeIDE\plugins\com.st.stm32cube.common.mx_6.11.1.202404110753\\db\/mcu/
2024-06-02 21:04:55,782 [INFO] ApiDb:274 - Set plugin database path to: C:\ST\STM32CubeIDE_1.15.1\STM32CubeIDE\plugins\com.st.stm32cube.common.mx_6.11.1.202404110753\\db\/plugins/boardmanager/
2024-06-02 21:04:55,782 [INFO] ApiDb:261 - Set plugin images path to: C:\ST\STM32CubeIDE_1.15.1\STM32CubeIDE\plugins\com.st.stm32cube.common.mx_6.11.1.202404110753\\db\/plugins/mcufinder/images/
2024-06-02 21:04:55,782 [WARN] DbFile:41 - Overriding database path with different value: C:\Users\nicor\.stmcufinder\plugins\mcufinder/ => C:\Users\nicor\.stmcufinder\plugins\mcufinder
2024-06-02 21:04:55,782 [INFO] ApiDb:250 - Set database path to: C:\Users\nicor\.stmcufinder\plugins\mcufinder//mcu/
2024-06-02 21:04:55,782 [WARN] DbFile:41 - Overriding database path with different value: C:\Users\nicor\.stmcufinder\plugins\mcufinder/ => C:\Users\nicor\.stmcufinder\plugins\mcufinder
2024-06-02 21:04:55,782 [INFO] DbMcusAds:125 - Set database path to: C:\Users\nicor\.stmcufinder\plugins\mcufinder//mcu/
2024-06-02 21:04:55,783 [WARN] DbFile:41 - Overriding database path with different value: C:\Users\nicor\.stmcufinder\plugins\mcufinder/ => C:\Users\nicor\.stmcufinder\plugins\mcufinder
2024-06-02 21:04:55,783 [WARN] DbFile:41 - Overriding database path with different value: C:\Users\nicor\.stmcufinder\plugins\mcufinder/ => C:\Users\nicor\.stmcufinder\plugins\mcufinder
2024-06-02 21:04:55,783 [INFO] CrossReferenceDbSqlite:203 - Set database path to: C:\Users\nicor\.stmcufinder\plugins\mcufinder//mcu/cs/
2024-06-02 21:04:55,795 [INFO] ApplicationProperties:184 - Using Application install path: C:\ST\STM32CubeIDE_1.15.1\STM32CubeIDE\plugins\com.st.stm32cube.common.mx_6.11.1.202404110753
2024-06-02 21:04:55,796 [INFO] PluginManage:196 - Search for loadable plugins [exclusion list=, ]
2024-06-02 21:04:55,797 [INFO] PluginManage:310 - Check plugin analytics
2024-06-02 21:04:55,903 [INFO] AnalyticsPlugin:253 - Accepted Software Licenses: 
2024-06-02 21:04:55,904 [INFO] AnalyticsPlugin:255 - Accepted CMSIS Pack Licenses: 
2024-06-02 21:04:55,904 [INFO] AnalyticsPlugin:257 - Accepted Firmware Licenses: FW.F4.1.28.0
2024-06-02 21:04:55,906 [INFO] PluginManage:359 - Loaded plugin analytics (category:tool,tabindex:-1)
2024-06-02 21:04:55,906 [INFO] PluginManage:310 - Check plugin cadmodel
2024-06-02 21:04:55,910 [INFO] CADModel:105 - Init CAD model plugin
2024-06-02 21:04:55,911 [INFO] PluginManage:359 - Loaded plugin cadmodel (category:power,tabindex:5)
2024-06-02 21:04:55,911 [INFO] PluginManage:310 - Check plugin clock
2024-06-02 21:04:55,917 [INFO] PluginManage:359 - Loaded plugin clock (category:base,tabindex:2)
2024-06-02 21:04:55,917 [INFO] PluginManage:310 - Check plugin ddr
2024-06-02 21:04:55,919 [INFO] PluginManage:359 - Loaded plugin ddr (category:tool,tabindex:6)
2024-06-02 21:04:55,919 [INFO] PluginManage:310 - Check plugin filemanager
2024-06-02 21:04:56,006 [INFO] PluginManage:359 - Loaded plugin filemanager (category:base,tabindex:10)
2024-06-02 21:04:56,006 [INFO] PluginManage:310 - Check plugin ipmanager
2024-06-02 21:04:56,011 [INFO] PluginManage:359 - Loaded plugin ipmanager (category:base,tabindex:5)
2024-06-02 21:04:56,011 [INFO] PluginManage:310 - Check plugin lpbam
2024-06-02 21:04:56,018 [INFO] PluginManage:359 - Loaded plugin lpbam (category:base,tabindex:0)
2024-06-02 21:04:56,018 [INFO] PluginManage:310 - Check plugin memorymap
2024-06-02 21:04:56,033 [INFO] PluginManage:359 - Loaded plugin memorymap (category:base,tabindex:4)
2024-06-02 21:04:56,033 [INFO] PluginManage:310 - Check plugin pinoutandconfiguration
2024-06-02 21:04:56,038 [INFO] PluginManage:359 - Loaded plugin pinoutandconfiguration (category:base,tabindex:1)
2024-06-02 21:04:56,038 [INFO] PluginManage:310 - Check plugin pinoutconfig
2024-06-02 21:04:56,102 [WARN] SupportedApi:132 - Cannot load RTOS API schema: s4s-elt-must-match.1: The content of 'definitions' must match (annotation?, (simpleType | complexType)?, (unique | key | keyref)*)). A problem was found starting at: attribute.
2024-06-02 21:04:56,185 [INFO] PluginManage:359 - Loaded plugin pinoutconfig (category:base,tabindex:0)
2024-06-02 21:04:56,185 [INFO] PluginManage:310 - Check plugin power
2024-06-02 21:04:56,190 [INFO] PluginManage:359 - Loaded plugin power (category:power,tabindex:4)
2024-06-02 21:04:56,191 [INFO] PluginManage:310 - Check plugin projectmanager
2024-06-02 21:04:56,201 [INFO] PluginManage:359 - Loaded plugin projectmanager (category:projectmanager,tabindex:3)
2024-06-02 21:04:56,202 [INFO] PluginManage:310 - Check plugin thirdparty
2024-06-02 21:04:56,288 [WARN] IntegrityCheckThread:84 - waiting for thirdparty lock release [integrity check]
2024-06-02 21:04:56,289 [INFO] IntegrityCheckThread:86 - entering critical section [integrity check]
2024-06-02 21:04:56,289 [INFO] PluginManage:359 - Loaded plugin thirdparty (category:base,tabindex:-1)
2024-06-02 21:04:56,289 [INFO] PluginManage:310 - Check plugin tools
2024-06-02 21:04:56,289 [INFO] ThirdPartyUpdaterWithRetryManager:70 - Updater plugin not ready yet. [1/15]
2024-06-02 21:04:56,291 [INFO] PluginManage:359 - Loaded plugin tools (category:base,tabindex:7)
2024-06-02 21:04:56,293 [INFO] PluginManage:310 - Check plugin tutovideos
2024-06-02 21:04:56,398 [INFO] PluginManage:359 - Loaded plugin tutovideos (category:base,tabindex:-1)
2024-06-02 21:04:56,398 [INFO] PluginManage:310 - Check plugin updater
2024-06-02 21:04:56,404 [INFO] PluginManage:359 - Loaded plugin updater (category:base,tabindex:12)
2024-06-02 21:04:56,405 [INFO] PluginManage:310 - Check plugin userauth
2024-06-02 21:04:56,408 [INFO] UserAuth:114 - Init User Auth plugin
2024-06-02 21:04:56,408 [INFO] PluginManage:359 - Loaded plugin userauth (category:base,tabindex:14)
2024-06-02 21:04:56,408 [INFO] PluginManage:283 - PluginManage : Loaded plugins [17]
2024-06-02 21:04:56,555 [INFO] PinOutPanel:1561 - setPackage(No Configuration,No Configuration)
2024-06-02 21:04:56,605 [INFO] CADModel:165 - CPN selected for project level
2024-06-02 21:04:56,605 [INFO] CADModel:114 - Register for checkConnection events
2024-06-02 21:04:56,615 [INFO] IPUIPlugin:80 - create IPUIPlugin
2024-06-02 21:04:56,615 [INFO] PluginManager:220 - loadIPPluginJar : add adc
2024-06-02 21:04:56,617 [INFO] IPUIPlugin:80 - create IPUIPlugin
2024-06-02 21:04:56,617 [INFO] PluginManager:220 - loadIPPluginJar : add aes
2024-06-02 21:04:56,618 [INFO] IPUIPlugin:80 - create IPUIPlugin
2024-06-02 21:04:56,619 [INFO] PluginManager:220 - loadIPPluginJar : add can
2024-06-02 21:04:56,619 [INFO] IPUIPlugin:80 - create IPUIPlugin
2024-06-02 21:04:56,620 [INFO] PluginManager:220 - loadIPPluginJar : add comp
2024-06-02 21:04:56,621 [INFO] IPUIPlugin:80 - create IPUIPlugin
2024-06-02 21:04:56,621 [INFO] PluginManager:220 - loadIPPluginJar : add cryp
2024-06-02 21:04:56,622 [INFO] IPUIPlugin:80 - create IPUIPlugin
2024-06-02 21:04:56,622 [INFO] PluginManager:220 - loadIPPluginJar : add dfsdm
2024-06-02 21:04:56,626 [INFO] IPUIPlugin:80 - create IPUIPlugin
2024-06-02 21:04:56,627 [INFO] PluginManager:220 - loadIPPluginJar : add dma
2024-06-02 21:04:56,628 [INFO] IPUIPlugin:80 - create IPUIPlugin
2024-06-02 21:04:56,628 [INFO] PluginManager:220 - loadIPPluginJar : add dma3
2024-06-02 21:04:56,630 [INFO] IPUIPlugin:80 - create IPUIPlugin
2024-06-02 21:04:56,630 [INFO] PluginManager:220 - loadIPPluginJar : add extmemmanager
2024-06-02 21:04:56,631 [INFO] IPUIPlugin:80 - create IPUIPlugin
2024-06-02 21:04:56,631 [INFO] PluginManager:220 - loadIPPluginJar : add fatfs
2024-06-02 21:04:56,634 [INFO] IPUIPlugin:80 - create IPUIPlugin
2024-06-02 21:04:56,634 [INFO] PluginManager:220 - loadIPPluginJar : add fmc
2024-06-02 21:04:56,638 [INFO] IPUIPlugin:80 - create IPUIPlugin
2024-06-02 21:04:56,638 [INFO] PluginManager:220 - loadIPPluginJar : add freertos
2024-06-02 21:04:56,639 [INFO] IPUIPlugin:80 - create IPUIPlugin
2024-06-02 21:04:56,639 [INFO] PluginManager:220 - loadIPPluginJar : add genericplugin
2024-06-02 21:04:56,640 [INFO] IPUIPlugin:80 - create IPUIPlugin
2024-06-02 21:04:56,640 [INFO] PluginManager:220 - loadIPPluginJar : add gfxmmu
2024-06-02 21:04:56,643 [INFO] IPUIPlugin:80 - create IPUIPlugin
2024-06-02 21:04:56,643 [INFO] PluginManager:220 - loadIPPluginJar : add gic
2024-06-02 21:04:56,647 [INFO] IPUIPlugin:80 - create IPUIPlugin
2024-06-02 21:04:56,647 [INFO] PluginManager:220 - loadIPPluginJar : add gpio
2024-06-02 21:04:56,649 [INFO] IPUIPlugin:80 - create IPUIPlugin
2024-06-02 21:04:56,649 [INFO] PluginManager:220 - loadIPPluginJar : add gtzc
2024-06-02 21:04:56,651 [INFO] IPUIPlugin:80 - create IPUIPlugin
2024-06-02 21:04:56,651 [INFO] PluginManager:220 - loadIPPluginJar : add hash
2024-06-02 21:04:56,653 [INFO] IPUIPlugin:80 - create IPUIPlugin
2024-06-02 21:04:56,653 [INFO] PluginManager:220 - loadIPPluginJar : add i2c
2024-06-02 21:04:56,654 [INFO] IPUIPlugin:80 - create IPUIPlugin
2024-06-02 21:04:56,655 [INFO] PluginManager:220 - loadIPPluginJar : add i2s
2024-06-02 21:04:56,656 [INFO] IPUIPlugin:80 - create IPUIPlugin
2024-06-02 21:04:56,656 [INFO] PluginManager:220 - loadIPPluginJar : add i3c
2024-06-02 21:04:56,659 [INFO] IPUIPlugin:80 - create IPUIPlugin
2024-06-02 21:04:56,659 [INFO] PluginManager:220 - loadIPPluginJar : add ipddr
2024-06-02 21:04:56,664 [INFO] IPUIPlugin:80 - create IPUIPlugin
2024-06-02 21:04:56,664 [INFO] PluginManager:220 - loadIPPluginJar : add linkedlist
2024-06-02 21:04:56,667 [INFO] IPUIPlugin:80 - create IPUIPlugin
2024-06-02 21:04:56,667 [INFO] PluginManager:220 - loadIPPluginJar : add lorawan
2024-06-02 21:04:56,668 [INFO] IPUIPlugin:80 - create IPUIPlugin
2024-06-02 21:04:56,668 [INFO] PluginManager:220 - loadIPPluginJar : add ltdc
2024-06-02 21:04:56,672 [INFO] IPUIPlugin:80 - create IPUIPlugin
2024-06-02 21:04:56,672 [INFO] PluginManager:220 - loadIPPluginJar : add mdma
2024-06-02 21:04:56,674 [INFO] IPUIPlugin:80 - create IPUIPlugin
2024-06-02 21:04:56,675 [INFO] PluginManager:220 - loadIPPluginJar : add nvic
2024-06-02 21:04:56,676 [INFO] IPUIPlugin:80 - create IPUIPlugin
2024-06-02 21:04:56,676 [INFO] PluginManager:220 - loadIPPluginJar : add opamp
2024-06-02 21:04:56,678 [INFO] IPUIPlugin:80 - create IPUIPlugin
2024-06-02 21:04:56,678 [INFO] PluginManager:220 - loadIPPluginJar : add openamp
2024-06-02 21:04:56,680 [INFO] IPUIPlugin:80 - create IPUIPlugin
2024-06-02 21:04:56,680 [INFO] PluginManager:220 - loadIPPluginJar : add pdm2pcm
2024-06-02 21:04:56,685 [INFO] IPUIPlugin:80 - create IPUIPlugin
2024-06-02 21:04:56,687 [INFO] PluginManager:220 - loadIPPluginJar : add plateformsettings
2024-06-02 21:04:56,688 [INFO] IPUIPlugin:80 - create IPUIPlugin
2024-06-02 21:04:56,688 [INFO] PluginManager:220 - loadIPPluginJar : add quadspi
2024-06-02 21:04:56,691 [INFO] IPUIPlugin:80 - create IPUIPlugin
2024-06-02 21:04:56,691 [INFO] PluginManager:220 - loadIPPluginJar : add resmgrutility
2024-06-02 21:04:56,694 [INFO] IPUIPlugin:80 - create IPUIPlugin
2024-06-02 21:04:56,694 [INFO] PluginManager:220 - loadIPPluginJar : add sai
2024-06-02 21:04:56,695 [INFO] IPUIPlugin:80 - create IPUIPlugin
2024-06-02 21:04:56,695 [INFO] PluginManager:220 - loadIPPluginJar : add spi
2024-06-02 21:04:56,699 [INFO] IPUIPlugin:80 - create IPUIPlugin
2024-06-02 21:04:56,699 [INFO] PluginManager:220 - loadIPPluginJar : add stm32_wpan
2024-06-02 21:04:56,700 [INFO] IPUIPlugin:80 - create IPUIPlugin
2024-06-02 21:04:56,701 [INFO] PluginManager:220 - loadIPPluginJar : add tim
2024-06-02 21:04:56,702 [INFO] IPUIPlugin:80 - create IPUIPlugin
2024-06-02 21:04:56,703 [INFO] PluginManager:220 - loadIPPluginJar : add touchsensing
2024-06-02 21:04:56,704 [INFO] IPUIPlugin:80 - create IPUIPlugin
2024-06-02 21:04:56,704 [INFO] PluginManager:220 - loadIPPluginJar : add tracer_emb
2024-06-02 21:04:56,705 [INFO] IPUIPlugin:80 - create IPUIPlugin
2024-06-02 21:04:56,705 [INFO] PluginManager:220 - loadIPPluginJar : add ts
2024-06-02 21:04:56,706 [INFO] IPUIPlugin:80 - create IPUIPlugin
2024-06-02 21:04:56,706 [INFO] PluginManager:220 - loadIPPluginJar : add tsc
2024-06-02 21:04:56,707 [INFO] IPUIPlugin:80 - create IPUIPlugin
2024-06-02 21:04:56,707 [INFO] PluginManager:220 - loadIPPluginJar : add ucpd
2024-06-02 21:04:56,709 [INFO] IPUIPlugin:80 - create IPUIPlugin
2024-06-02 21:04:56,709 [INFO] PluginManager:220 - loadIPPluginJar : add usart
2024-06-02 21:04:56,711 [INFO] IPUIPlugin:80 - create IPUIPlugin
2024-06-02 21:04:56,711 [INFO] PluginManager:220 - loadIPPluginJar : add usbx
2024-06-02 21:04:56,821 [INFO] CADModel:165 - CPN selected for project level
2024-06-02 21:04:56,823 [INFO] CADModel:114 - Register for checkConnection events
2024-06-02 21:04:56,823 [FATAL] Updater:308 - Updater called before beeing initialized
2024-06-02 21:04:56,823 [ERROR] CADModel:125 - Updater not yet initialized, retry later 
2024-06-02 21:04:56,921 [INFO] CADModel:165 - CPN selected for project level
2024-06-02 21:04:56,921 [INFO] CADModel:114 - Register for checkConnection events
2024-06-02 21:04:56,921 [FATAL] Updater:308 - Updater called before beeing initialized
2024-06-02 21:04:56,921 [ERROR] CADModel:125 - Updater not yet initialized, retry later 
2024-06-02 21:04:56,924 [FATAL] Updater:308 - Updater called before beeing initialized
2024-06-02 21:04:56,997 [FATAL] Updater:308 - Updater called before beeing initialized
2024-06-02 21:04:57,000 [INFO] DbMcusAds:53 - JSON generation date=Thu May 16 06:22:00 ART 2024 (1715851320852)
2024-06-02 21:04:57,000 [FATAL] Updater:308 - Updater called before beeing initialized
2024-06-02 21:04:57,025 [WARN] DetailPanel:346 - Failed to get advertising image, set to default
2024-06-02 21:04:57,099 [FATAL] Updater:308 - Updater called before beeing initialized
2024-06-02 21:04:57,101 [FATAL] Updater:308 - Updater called before beeing initialized
2024-06-02 21:04:57,101 [FATAL] Updater:308 - Updater called before beeing initialized
2024-06-02 21:04:57,101 [WARN] DetailPanel:346 - Failed to get advertising image, set to default
2024-06-02 21:04:57,102 [FATAL] Updater:308 - Updater called before beeing initialized
2024-06-02 21:04:57,133 [ERROR] Updater:1120 - MainUpdater not yet initialized. External WinMGr cannot be set.
2024-06-02 21:04:57,134 [INFO] Updater:1056 - Updater Version found : 6.11.1
2024-06-02 21:04:57,146 [INFO] ApplicationProperties:184 - Using Application install path: C:\ST\STM32CubeIDE_1.15.1\STM32CubeIDE\plugins\com.st.stm32cube.common.mx_6.11.1.202404110753
2024-06-02 21:04:58,714 [ERROR] LogOutputStream:75 - [STDERR_REDIRECT] Jun 02, 2024 9:04:58 PM java.util.prefs.WindowsPreferences <init>
2024-06-02 21:04:58,715 [ERROR] LogOutputStream:75 - [STDERR_REDIRECT] WARNING: Could not open/create prefs root node Software\JavaSoft\Prefs at root 0xffffffff80000002. Windows RegCreateKeyEx(...) returned error code 5.
2024-06-02 21:04:58,715 [ERROR] LogOutputStream:75 - [STDERR_REDIRECT] 
2024-06-02 21:04:58,968 [INFO] MainUpdater:2873 - connection check result : 10
2024-06-02 21:04:58,968 [INFO] MainUpdater:290 - Updater Check For Update Now.
2024-06-02 21:04:58,969 [INFO] MicroXplorer:498 - Change Database Version : DB.6.0.111
2024-06-02 21:04:58,973 [INFO] McuFinderGlobals:63 - Set McuFinder mode to 2 (CubeIDE integrated)
2024-06-02 21:04:58,980 [INFO] UserAuth:415 - Internet connection configuration mode: 1
2024-06-02 21:04:59,011 [INFO] JxBrowserEngine:152 - Initiate JxBrowser Engine with user profile folder
2024-06-02 21:04:59,136 [INFO] CheckServerUpdateThread:120 - End of CheckServer Thread
2024-06-02 21:04:59,451 [WARN] PackLoader:240 - Cannot read IP mode file for STMicroelectronics.FP-SNS-MOTENVWB1.1.4.0
2024-06-02 21:04:59,464 [WARN] PackLoader:240 - Cannot read IP mode file for STMicroelectronics.X-CUBE-SMBUS.2.1.0
2024-06-02 21:04:59,468 [WARN] PackLoader:240 - Cannot read IP mode file for STMicroelectronics.X-CUBE-TOUCHGFX.4.23.2
2024-06-02 21:04:59,500 [WARN] PackLoader:240 - Cannot read IP mode file for STMicroelectronics.X-CUBE-AZRTOS-F7.1.1.0
2024-06-02 21:04:59,513 [WARN] PackLoader:240 - Cannot read IP mode file for STMicroelectronics.FP-SNS-FLIGHT1.5.0.2
2024-06-02 21:04:59,537 [WARN] PackLoader:240 - Cannot read IP mode file for STMicroelectronics.X-CUBE-DISPLAY.3.0.0
2024-06-02 21:04:59,557 [WARN] PackLoader:240 - Cannot read IP mode file for STMicroelectronics.X-CUBE-BLE1.7.0.0
2024-06-02 21:04:59,567 [WARN] PackLoader:240 - Cannot read IP mode file for emotas.I-CUBE-CANOPEN.1.3.0
2024-06-02 21:04:59,584 [WARN] PackLoader:240 - Cannot read IP mode file for STMicroelectronics.X-CUBE-BLEMGR.3.1.0
2024-06-02 21:04:59,596 [WARN] PackLoader:240 - Cannot read IP mode file for STMicroelectronics.FP-SNS-SMARTAG2.1.2.0
2024-06-02 21:04:59,609 [INFO] LogOutputStream:77 - [STDOUT_REDIRECT] 1 : Invalid condition id : UX_CORESTACK_Condition cause : null
2024-06-02 21:04:59,610 [INFO] LogOutputStream:77 - [STDOUT_REDIRECT] 1 : Invalid condition id : UX_CORESTACK_Condition cause : null
2024-06-02 21:04:59,612 [INFO] LogOutputStream:77 - [STDOUT_REDIRECT] 1 : Invalid condition id : UX_CORESTACK_Condition cause : null
2024-06-02 21:04:59,613 [INFO] LogOutputStream:77 - [STDOUT_REDIRECT] 1 : Invalid condition id : UX_CORESTACK_Condition cause : null
2024-06-02 21:04:59,613 [INFO] LogOutputStream:77 - [STDOUT_REDIRECT] 1 : Invalid condition id : UX_CORESTACK_Condition cause : null
2024-06-02 21:04:59,619 [WARN] PackLoader:240 - Cannot read IP mode file for STMicroelectronics.X-CUBE-AZRTOS-WL.2.0.0
2024-06-02 21:04:59,625 [WARN] PackLoader:240 - Cannot read IP mode file for STMicroelectronics.FP-SNS-MOTENV1.5.0.0
2024-06-02 21:04:59,637 [WARN] PackLoader:240 - Cannot read IP mode file for WES.I-CUBE-Cesium.1.3.0
2024-06-02 21:04:59,642 [WARN] PackLoader:240 - Cannot read IP mode file for STMicroelectronics.X-CUBE-BLE2.3.3.0
2024-06-02 21:04:59,648 [WARN] PackLoader:240 - Cannot read IP mode file for STMicroelectronics.X-CUBE-TCPP.4.1.0
2024-06-02 21:04:59,666 [WARN] PackLoader:240 - Cannot read IP mode file for STMicroelectronics.X-CUBE-AZRTOS-G0.1.1.0
2024-06-02 21:04:59,674 [WARN] PackLoader:240 - Cannot read IP mode file for STMicroelectronics.X-CUBE-SAFEA1.1.2.2
2024-06-02 21:04:59,680 [WARN] PackLoader:240 - Cannot read IP mode file for STMicroelectronics.X-CUBE-NFC4.3.0.0
2024-06-02 21:04:59,685 [WARN] PackLoader:240 - Cannot read IP mode file for wolfSSL.I-CUBE-wolfMQTT.1.18.0
2024-06-02 21:04:59,688 [WARN] PackLoader:240 - Cannot read IP mode file for wolfSSL.I-CUBE-wolfSSL.5.7.0
2024-06-02 21:04:59,691 [WARN] PackLoader:240 - Cannot read IP mode file for STMicroelectronics.FP-ATR-SIGFOX1.3.2.0
2024-06-02 21:04:59,696 [WARN] PackLoader:240 - Cannot read IP mode file for STMicroelectronics.X-CUBE-EEPRMA1.5.1.0
2024-06-02 21:04:59,702 [WARN] PackLoader:240 - Cannot read IP mode file for ITTIA_DB.I-CUBE-ITTIADB.8.9.0
2024-06-02 21:04:59,743 [WARN] PackLoader:240 - Cannot read IP mode file for SEGGER.I-CUBE-embOS.1.3.1
2024-06-02 21:04:59,771 [WARN] PackLoader:240 - Cannot read IP mode file for STMicroelectronics.X-CUBE-ALGOBUILD.1.4.0
2024-06-02 21:04:59,777 [WARN] PackLoader:240 - Cannot read IP mode file for STMicroelectronics.X-CUBE-GNSS1.6.0.0
2024-06-02 21:04:59,790 [WARN] PackLoader:240 - Cannot read IP mode file for STMicroelectronics.X-CUBE-AZRTOS-F4.1.1.0
2024-06-02 21:04:59,797 [WARN] PackLoader:240 - Cannot read IP mode file for STMicroelectronics.X-CUBE-FREERTOS.1.2.0
2024-06-02 21:04:59,809 [WARN] PackLoader:240 - Cannot read IP mode file for STMicroelectronics.X-CUBE-AZRTOS-L5.2.0.0
2024-06-02 21:04:59,818 [WARN] PackLoader:240 - Cannot read IP mode file for STMicroelectronics.X-CUBE-NFC6.3.1.0
2024-06-02 21:04:59,822 [WARN] PackLoader:240 - Cannot read IP mode file for STMicroelectronics.X-CUBE-AI.9.0.0
2024-06-02 21:04:59,826 [WARN] PackLoader:240 - Cannot read IP mode file for STMicroelectronics.X-CUBE-NFC7.1.0.1
2024-06-02 21:04:59,846 [WARN] ConditionMgr:438 - getConditionDescription Invalid condition id : LAN8742 Phy interface Condition cause : null
2024-06-02 21:04:59,847 [WARN] PackLoader:240 - Cannot read IP mode file for STMicroelectronics.X-CUBE-AZRTOS-L4.2.0.0
2024-06-02 21:04:59,848 [WARN] ConditionMgr:1039 - genDependencies : Invalid condition id : LAN8742 Phy interface Condition cause : null
2024-06-02 21:04:59,848 [WARN] ConditionMgr:1039 - genDependencies : Invalid condition id : LAN8742 Phy interface Condition cause : null
2024-06-02 21:04:59,849 [WARN] ConditionMgr:1039 - genDependencies : Invalid condition id : LAN8742 Phy interface Condition cause : null
2024-06-02 21:04:59,855 [WARN] PackLoader:240 - Cannot read IP mode file for STMicroelectronics.X-CUBE-SFXS2LP1.4.0.0
2024-06-02 21:04:59,864 [WARN] ConditionMgr:438 - getConditionDescription Invalid condition id : UX DEVICE CLASS RTOS Condition cause : null
2024-06-02 21:04:59,864 [WARN] ConditionMgr:438 - getConditionDescription Invalid condition id : UX DEVICE CLASS RTOS Condition cause : null
2024-06-02 21:04:59,867 [WARN] PackLoader:240 - Cannot read IP mode file for STMicroelectronics.X-CUBE-AZRTOS-WB.2.0.0
2024-06-02 21:04:59,867 [WARN] ConditionMgr:1039 - genDependencies : Invalid condition id : UX DEVICE CLASS RTOS Condition cause : null
2024-06-02 21:04:59,867 [WARN] ConditionMgr:1039 - genDependencies : Invalid condition id : UX DEVICE CLASS RTOS Condition cause : null
2024-06-02 21:04:59,868 [WARN] ConditionMgr:1039 - genDependencies : Invalid condition id : UX DEVICE CLASS RTOS Condition cause : null
2024-06-02 21:04:59,868 [WARN] ConditionMgr:1039 - genDependencies : Invalid condition id : UX DEVICE CLASS RTOS Condition cause : null
2024-06-02 21:04:59,868 [WARN] ConditionMgr:1039 - genDependencies : Invalid condition id : UX DEVICE CLASS RTOS Condition cause : null
2024-06-02 21:04:59,877 [WARN] PackLoader:240 - Cannot read IP mode file for STMicroelectronics.X-CUBE-SUBG2.5.0.0
2024-06-02 21:04:59,885 [WARN] PackLoader:240 - Cannot read IP mode file for Cesanta.I-CUBE-Mongoose.7.13.0
2024-06-02 21:04:59,893 [WARN] PackLoader:240 - Cannot read IP mode file for STMicroelectronics.X-CUBE-AZRTOS-G4.2.0.0
2024-06-02 21:04:59,899 [WARN] PackLoader:240 - Cannot read IP mode file for STMicroelectronics.X-CUBE-ISPU.2.0.0
2024-06-02 21:04:59,903 [WARN] PackLoader:240 - Cannot read IP mode file for STMicroelectronics.X-CUBE-ALS.1.0.2
2024-06-02 21:04:59,931 [WARN] PackLoader:240 - Cannot read IP mode file for STMicroelectronics.X-CUBE-MEMS1.10.0.0
2024-06-02 21:05:00,012 [WARN] PackLoader:240 - Cannot read IP mode file for portGmbH.I-Cube-SoM-uGOAL.1.1.0
2024-06-02 21:05:00,026 [WARN] PackLoader:240 - Cannot read IP mode file for STMicroelectronics.X-CUBE-AZRTOS-H7RS.1.0.0
2024-06-02 21:05:00,031 [WARN] PackLoader:240 - Cannot read IP mode file for STMicroelectronics.FP-ATR-ASTRA1.2.0.0
2024-06-02 21:05:00,040 [WARN] PackLoader:240 - Cannot read IP mode file for STMicroelectronics.X-CUBE-TOF1.3.4.1
2024-06-02 21:05:00,056 [WARN] PackLoader:240 - Cannot read IP mode file for STMicroelectronics.X-CUBE-AZRTOS-H7.3.2.0
2024-06-02 21:05:00,066 [WARN] PackLoader:240 - Cannot read IP mode file for Infineon.AIROC-Wi-Fi-Bluetooth-STM32.1.6.0
2024-06-02 21:05:00,071 [INFO] ThirdParty:978 - Integrity check success = true
2024-06-02 21:05:00,071 [INFO] IntegrityCheckThread:100 - exiting critical section [integrity check]
2024-06-02 21:05:00,071 [INFO] IntegrityCheckThread:103 - End integrity checks thread
2024-06-02 21:05:00,075 [INFO] WebApp:161 - Instantiating new browser for Auth
2024-06-02 21:05:00,739 [INFO] WebApp:779 - Register for checkConnection events
2024-06-02 21:05:00,739 [INFO] WebApp:414 - Apply proxy settings
2024-06-02 21:05:00,739 [INFO] WebApp:499 - Chromium requires no authentication
2024-06-02 21:05:00,745 [INFO] WebApp:442 - Direct internet connection detected
2024-06-02 21:05:00,863 [INFO] WebApp:192 - Starting web application
2024-06-02 21:05:00,863 [INFO] WebApp:544 - Web application path used C:\ST\STM32CubeIDE_1.15.1\STM32CubeIDE\plugins\com.st.stm32cube.common.mx_6.11.1.202404110753\db\plugins\mcufinder\reactClient1\index.html
2024-06-02 21:05:19,674 [ERROR] LogOutputStream:75 - [STDERR_REDIRECT] 
2024-06-02 21:05:19,674 [ERROR] LogOutputStream:75 - [STDERR_REDIRECT] 
