2025-06-10 13:36:32,237 [INFO] Activator:176 - 


2025-06-10 13:36:32,248 [INFO] Activator:177 - !SESSION log4j initialized
2025-06-10 13:36:38,064 [INFO] LogOutputStream:77 - [STDOUT_REDIRECT] 
2025-06-10 13:36:40,448 [INFO] ApplicationProperties:184 - Using Application install path: C:\ST\STM32CubeIDE_1.15.1\STM32CubeIDE\plugins\com.st.stm32cube.common.mx_6.11.1.202404110753
2025-06-10 13:36:40,466 [INFO] DbMcusXml:78 - Set database path to: C:\ST\STM32CubeIDE_1.15.1\STM32CubeIDE\plugins\com.st.stm32cube.common.mx_6.11.1.202404110753\\db\/mcu/
2025-06-10 13:36:40,468 [INFO] ApiDb:274 - Set plugin database path to: C:\ST\STM32CubeIDE_1.15.1\STM32CubeIDE\plugins\com.st.stm32cube.common.mx_6.11.1.202404110753\\db\/plugins/boardmanager/
2025-06-10 13:36:40,468 [WARN] ApiDb:259 - Overriding images path with different value:  => C:\ST\STM32CubeIDE_1.15.1\STM32CubeIDE\plugins\com.st.stm32cube.common.mx_6.11.1.202404110753\\db\/plugins/mcufinder/images/
2025-06-10 13:36:40,477 [INFO] ApiDb:250 - Set database path to: C:\Users\nicor\.stmcufinder\plugins\mcufinder//mcu/
2025-06-10 13:36:40,478 [INFO] DbMcusAds:125 - Set database path to: C:\Users\nicor\.stmcufinder\plugins\mcufinder//mcu/
2025-06-10 13:36:40,479 [INFO] CrossReferenceDbSqlite:203 - Set database path to: C:\Users\nicor\.stmcufinder\plugins\mcufinder//mcu/cs/
2025-06-10 13:36:40,574 [INFO] RulesReader:64 - Compatibility file has been processed (297 Rules)
2025-06-10 13:36:40,658 [INFO] DbMcusXml:78 - Set database path to: C:\ST\STM32CubeIDE_1.15.1\STM32CubeIDE\plugins\com.st.stm32cube.common.mx_6.11.1.202404110753\\db\/mcu/
2025-06-10 13:36:40,658 [INFO] ApiDb:274 - Set plugin database path to: C:\ST\STM32CubeIDE_1.15.1\STM32CubeIDE\plugins\com.st.stm32cube.common.mx_6.11.1.202404110753\\db\/plugins/boardmanager/
2025-06-10 13:36:40,658 [INFO] ApiDb:261 - Set plugin images path to: C:\ST\STM32CubeIDE_1.15.1\STM32CubeIDE\plugins\com.st.stm32cube.common.mx_6.11.1.202404110753\\db\/plugins/mcufinder/images/
2025-06-10 13:36:40,658 [WARN] DbFile:41 - Overriding database path with different value: C:\Users\nicor\.stmcufinder\plugins\mcufinder/ => C:\Users\nicor\.stmcufinder\plugins\mcufinder
2025-06-10 13:36:40,658 [INFO] ApiDb:250 - Set database path to: C:\Users\nicor\.stmcufinder\plugins\mcufinder//mcu/
2025-06-10 13:36:40,658 [WARN] DbFile:41 - Overriding database path with different value: C:\Users\nicor\.stmcufinder\plugins\mcufinder/ => C:\Users\nicor\.stmcufinder\plugins\mcufinder
2025-06-10 13:36:40,659 [INFO] DbMcusAds:125 - Set database path to: C:\Users\nicor\.stmcufinder\plugins\mcufinder//mcu/
2025-06-10 13:36:40,659 [WARN] DbFile:41 - Overriding database path with different value: C:\Users\nicor\.stmcufinder\plugins\mcufinder/ => C:\Users\nicor\.stmcufinder\plugins\mcufinder
2025-06-10 13:36:40,659 [WARN] DbFile:41 - Overriding database path with different value: C:\Users\nicor\.stmcufinder\plugins\mcufinder/ => C:\Users\nicor\.stmcufinder\plugins\mcufinder
2025-06-10 13:36:40,659 [INFO] CrossReferenceDbSqlite:203 - Set database path to: C:\Users\nicor\.stmcufinder\plugins\mcufinder//mcu/cs/
2025-06-10 13:36:40,731 [INFO] MainPanel:264 - HeapMemory: 268435456
2025-06-10 13:36:40,819 [INFO] DbMcusXml:78 - Set database path to: C:\ST\STM32CubeIDE_1.15.1\STM32CubeIDE\plugins\com.st.stm32cube.common.mx_6.11.1.202404110753\\db\/mcu/
2025-06-10 13:36:40,820 [INFO] ApiDb:274 - Set plugin database path to: C:\ST\STM32CubeIDE_1.15.1\STM32CubeIDE\plugins\com.st.stm32cube.common.mx_6.11.1.202404110753\\db\/plugins/boardmanager/
2025-06-10 13:36:40,820 [INFO] ApiDb:261 - Set plugin images path to: C:\ST\STM32CubeIDE_1.15.1\STM32CubeIDE\plugins\com.st.stm32cube.common.mx_6.11.1.202404110753\\db\/plugins/mcufinder/images/
2025-06-10 13:36:40,820 [WARN] DbFile:41 - Overriding database path with different value: C:\Users\nicor\.stmcufinder\plugins\mcufinder/ => C:\Users\nicor\.stmcufinder\plugins\mcufinder
2025-06-10 13:36:40,820 [INFO] ApiDb:250 - Set database path to: C:\Users\nicor\.stmcufinder\plugins\mcufinder//mcu/
2025-06-10 13:36:40,820 [WARN] DbFile:41 - Overriding database path with different value: C:\Users\nicor\.stmcufinder\plugins\mcufinder/ => C:\Users\nicor\.stmcufinder\plugins\mcufinder
2025-06-10 13:36:40,820 [INFO] DbMcusAds:125 - Set database path to: C:\Users\nicor\.stmcufinder\plugins\mcufinder//mcu/
2025-06-10 13:36:40,820 [WARN] DbFile:41 - Overriding database path with different value: C:\Users\nicor\.stmcufinder\plugins\mcufinder/ => C:\Users\nicor\.stmcufinder\plugins\mcufinder
2025-06-10 13:36:40,820 [WARN] DbFile:41 - Overriding database path with different value: C:\Users\nicor\.stmcufinder\plugins\mcufinder/ => C:\Users\nicor\.stmcufinder\plugins\mcufinder
2025-06-10 13:36:40,820 [INFO] CrossReferenceDbSqlite:203 - Set database path to: C:\Users\nicor\.stmcufinder\plugins\mcufinder//mcu/cs/
2025-06-10 13:36:40,838 [INFO] ApplicationProperties:184 - Using Application install path: C:\ST\STM32CubeIDE_1.15.1\STM32CubeIDE\plugins\com.st.stm32cube.common.mx_6.11.1.202404110753
2025-06-10 13:36:40,839 [INFO] PluginManage:196 - Search for loadable plugins [exclusion list=, ]
2025-06-10 13:36:40,840 [INFO] PluginManage:310 - Check plugin analytics
2025-06-10 13:36:40,974 [INFO] AnalyticsPlugin:253 - Accepted Software Licenses: 
2025-06-10 13:36:40,975 [INFO] AnalyticsPlugin:255 - Accepted CMSIS Pack Licenses: 
2025-06-10 13:36:40,975 [INFO] AnalyticsPlugin:257 - Accepted Firmware Licenses: FW.F4.1.28.0
2025-06-10 13:36:40,977 [INFO] PluginManage:359 - Loaded plugin analytics (category:tool,tabindex:-1)
2025-06-10 13:36:40,977 [INFO] PluginManage:310 - Check plugin cadmodel
2025-06-10 13:36:40,994 [INFO] CADModel:105 - Init CAD model plugin
2025-06-10 13:36:40,994 [INFO] PluginManage:359 - Loaded plugin cadmodel (category:power,tabindex:5)
2025-06-10 13:36:40,994 [INFO] PluginManage:310 - Check plugin clock
2025-06-10 13:36:41,014 [INFO] PluginManage:359 - Loaded plugin clock (category:base,tabindex:2)
2025-06-10 13:36:41,014 [INFO] PluginManage:310 - Check plugin ddr
2025-06-10 13:36:41,016 [INFO] PluginManage:359 - Loaded plugin ddr (category:tool,tabindex:6)
2025-06-10 13:36:41,016 [INFO] PluginManage:310 - Check plugin filemanager
2025-06-10 13:36:41,126 [INFO] PluginManage:359 - Loaded plugin filemanager (category:base,tabindex:10)
2025-06-10 13:36:41,126 [INFO] PluginManage:310 - Check plugin ipmanager
2025-06-10 13:36:41,133 [INFO] PluginManage:359 - Loaded plugin ipmanager (category:base,tabindex:5)
2025-06-10 13:36:41,133 [INFO] PluginManage:310 - Check plugin lpbam
2025-06-10 13:36:41,149 [INFO] PluginManage:359 - Loaded plugin lpbam (category:base,tabindex:0)
2025-06-10 13:36:41,150 [INFO] PluginManage:310 - Check plugin memorymap
2025-06-10 13:36:41,172 [INFO] PluginManage:359 - Loaded plugin memorymap (category:base,tabindex:4)
2025-06-10 13:36:41,173 [INFO] PluginManage:310 - Check plugin pinoutandconfiguration
2025-06-10 13:36:41,191 [INFO] PluginManage:359 - Loaded plugin pinoutandconfiguration (category:base,tabindex:1)
2025-06-10 13:36:41,191 [INFO] PluginManage:310 - Check plugin pinoutconfig
2025-06-10 13:36:41,269 [WARN] SupportedApi:132 - Cannot load RTOS API schema: s4s-elt-must-match.1: The content of 'definitions' must match (annotation?, (simpleType | complexType)?, (unique | key | keyref)*)). A problem was found starting at: attribute.
2025-06-10 13:36:41,371 [INFO] PluginManage:359 - Loaded plugin pinoutconfig (category:base,tabindex:0)
2025-06-10 13:36:41,371 [INFO] PluginManage:310 - Check plugin power
2025-06-10 13:36:41,392 [INFO] PluginManage:359 - Loaded plugin power (category:power,tabindex:4)
2025-06-10 13:36:41,392 [INFO] PluginManage:310 - Check plugin projectmanager
2025-06-10 13:36:41,404 [INFO] PluginManage:359 - Loaded plugin projectmanager (category:projectmanager,tabindex:3)
2025-06-10 13:36:41,404 [INFO] PluginManage:310 - Check plugin thirdparty
2025-06-10 13:36:41,679 [INFO] PluginManage:359 - Loaded plugin thirdparty (category:base,tabindex:-1)
2025-06-10 13:36:41,679 [INFO] PluginManage:310 - Check plugin tools
2025-06-10 13:36:41,679 [WARN] IntegrityCheckThread:84 - waiting for thirdparty lock release [integrity check]
2025-06-10 13:36:41,680 [INFO] IntegrityCheckThread:86 - entering critical section [integrity check]
2025-06-10 13:36:41,680 [INFO] ThirdPartyUpdaterWithRetryManager:70 - Updater plugin not ready yet. [1/15]
2025-06-10 13:36:41,713 [INFO] PluginManage:359 - Loaded plugin tools (category:base,tabindex:7)
2025-06-10 13:36:41,714 [INFO] PluginManage:310 - Check plugin tutovideos
2025-06-10 13:36:41,879 [INFO] PluginManage:359 - Loaded plugin tutovideos (category:base,tabindex:-1)
2025-06-10 13:36:41,879 [INFO] PluginManage:310 - Check plugin updater
2025-06-10 13:36:41,888 [INFO] PluginManage:359 - Loaded plugin updater (category:base,tabindex:12)
2025-06-10 13:36:41,888 [INFO] PluginManage:310 - Check plugin userauth
2025-06-10 13:36:41,893 [INFO] UserAuth:114 - Init User Auth plugin
2025-06-10 13:36:41,893 [INFO] PluginManage:359 - Loaded plugin userauth (category:base,tabindex:14)
2025-06-10 13:36:41,893 [INFO] PluginManage:283 - PluginManage : Loaded plugins [17]
2025-06-10 13:36:42,079 [INFO] PinOutPanel:1561 - setPackage(No Configuration,No Configuration)
2025-06-10 13:36:42,143 [INFO] CADModel:165 - CPN selected for project level
2025-06-10 13:36:42,143 [INFO] CADModel:114 - Register for checkConnection events
2025-06-10 13:36:42,168 [INFO] IPUIPlugin:80 - create IPUIPlugin
2025-06-10 13:36:42,168 [INFO] PluginManager:220 - loadIPPluginJar : add adc
2025-06-10 13:36:42,204 [INFO] IPUIPlugin:80 - create IPUIPlugin
2025-06-10 13:36:42,204 [INFO] PluginManager:220 - loadIPPluginJar : add aes
2025-06-10 13:36:42,247 [INFO] IPUIPlugin:80 - create IPUIPlugin
2025-06-10 13:36:42,247 [INFO] PluginManager:220 - loadIPPluginJar : add can
2025-06-10 13:36:42,276 [INFO] IPUIPlugin:80 - create IPUIPlugin
2025-06-10 13:36:42,276 [INFO] PluginManager:220 - loadIPPluginJar : add comp
2025-06-10 13:36:42,326 [INFO] IPUIPlugin:80 - create IPUIPlugin
2025-06-10 13:36:42,326 [INFO] PluginManager:220 - loadIPPluginJar : add cryp
2025-06-10 13:36:42,374 [INFO] IPUIPlugin:80 - create IPUIPlugin
2025-06-10 13:36:42,374 [INFO] PluginManager:220 - loadIPPluginJar : add dfsdm
2025-06-10 13:36:42,390 [INFO] IPUIPlugin:80 - create IPUIPlugin
2025-06-10 13:36:42,390 [INFO] PluginManager:220 - loadIPPluginJar : add dma
2025-06-10 13:36:42,447 [INFO] IPUIPlugin:80 - create IPUIPlugin
2025-06-10 13:36:42,447 [INFO] PluginManager:220 - loadIPPluginJar : add dma3
2025-06-10 13:36:42,500 [INFO] IPUIPlugin:80 - create IPUIPlugin
2025-06-10 13:36:42,500 [INFO] PluginManager:220 - loadIPPluginJar : add extmemmanager
2025-06-10 13:36:42,531 [INFO] IPUIPlugin:80 - create IPUIPlugin
2025-06-10 13:36:42,531 [INFO] PluginManager:220 - loadIPPluginJar : add fatfs
2025-06-10 13:36:42,586 [INFO] IPUIPlugin:80 - create IPUIPlugin
2025-06-10 13:36:42,586 [INFO] PluginManager:220 - loadIPPluginJar : add fmc
2025-06-10 13:36:42,602 [INFO] IPUIPlugin:80 - create IPUIPlugin
2025-06-10 13:36:42,602 [INFO] PluginManager:220 - loadIPPluginJar : add freertos
2025-06-10 13:36:42,625 [INFO] IPUIPlugin:80 - create IPUIPlugin
2025-06-10 13:36:42,625 [INFO] PluginManager:220 - loadIPPluginJar : add genericplugin
2025-06-10 13:36:42,730 [INFO] IPUIPlugin:80 - create IPUIPlugin
2025-06-10 13:36:42,730 [INFO] PluginManager:220 - loadIPPluginJar : add gfxmmu
2025-06-10 13:36:42,876 [INFO] IPUIPlugin:80 - create IPUIPlugin
2025-06-10 13:36:42,876 [INFO] PluginManager:220 - loadIPPluginJar : add gic
2025-06-10 13:36:42,889 [INFO] IPUIPlugin:80 - create IPUIPlugin
2025-06-10 13:36:42,889 [INFO] PluginManager:220 - loadIPPluginJar : add gpio
2025-06-10 13:36:42,974 [INFO] IPUIPlugin:80 - create IPUIPlugin
2025-06-10 13:36:42,974 [INFO] PluginManager:220 - loadIPPluginJar : add gtzc
2025-06-10 13:36:43,004 [INFO] IPUIPlugin:80 - create IPUIPlugin
2025-06-10 13:36:43,006 [INFO] PluginManager:220 - loadIPPluginJar : add hash
2025-06-10 13:36:43,051 [INFO] IPUIPlugin:80 - create IPUIPlugin
2025-06-10 13:36:43,051 [INFO] PluginManager:220 - loadIPPluginJar : add i2c
2025-06-10 13:36:43,091 [INFO] IPUIPlugin:80 - create IPUIPlugin
2025-06-10 13:36:43,092 [INFO] PluginManager:220 - loadIPPluginJar : add i2s
2025-06-10 13:36:43,136 [INFO] IPUIPlugin:80 - create IPUIPlugin
2025-06-10 13:36:43,136 [INFO] PluginManager:220 - loadIPPluginJar : add i3c
2025-06-10 13:36:43,235 [INFO] IPUIPlugin:80 - create IPUIPlugin
2025-06-10 13:36:43,235 [INFO] PluginManager:220 - loadIPPluginJar : add ipddr
2025-06-10 13:36:43,316 [INFO] IPUIPlugin:80 - create IPUIPlugin
2025-06-10 13:36:43,316 [INFO] PluginManager:220 - loadIPPluginJar : add linkedlist
2025-06-10 13:36:43,348 [INFO] IPUIPlugin:80 - create IPUIPlugin
2025-06-10 13:36:43,348 [INFO] PluginManager:220 - loadIPPluginJar : add lorawan
2025-06-10 13:36:43,386 [INFO] IPUIPlugin:80 - create IPUIPlugin
2025-06-10 13:36:43,386 [INFO] PluginManager:220 - loadIPPluginJar : add ltdc
2025-06-10 13:36:43,400 [INFO] IPUIPlugin:80 - create IPUIPlugin
2025-06-10 13:36:43,400 [INFO] PluginManager:220 - loadIPPluginJar : add mdma
2025-06-10 13:36:43,414 [INFO] IPUIPlugin:80 - create IPUIPlugin
2025-06-10 13:36:43,414 [INFO] PluginManager:220 - loadIPPluginJar : add nvic
2025-06-10 13:36:43,456 [INFO] IPUIPlugin:80 - create IPUIPlugin
2025-06-10 13:36:43,456 [INFO] PluginManager:220 - loadIPPluginJar : add opamp
2025-06-10 13:36:43,519 [INFO] IPUIPlugin:80 - create IPUIPlugin
2025-06-10 13:36:43,519 [INFO] PluginManager:220 - loadIPPluginJar : add openamp
2025-06-10 13:36:43,566 [INFO] IPUIPlugin:80 - create IPUIPlugin
2025-06-10 13:36:43,566 [INFO] PluginManager:220 - loadIPPluginJar : add pdm2pcm
2025-06-10 13:36:43,581 [INFO] IPUIPlugin:80 - create IPUIPlugin
2025-06-10 13:36:43,582 [INFO] PluginManager:220 - loadIPPluginJar : add plateformsettings
2025-06-10 13:36:43,608 [INFO] IPUIPlugin:80 - create IPUIPlugin
2025-06-10 13:36:43,608 [INFO] PluginManager:220 - loadIPPluginJar : add quadspi
2025-06-10 13:36:43,622 [INFO] IPUIPlugin:80 - create IPUIPlugin
2025-06-10 13:36:43,623 [INFO] PluginManager:220 - loadIPPluginJar : add resmgrutility
2025-06-10 13:36:43,673 [INFO] IPUIPlugin:80 - create IPUIPlugin
2025-06-10 13:36:43,673 [INFO] PluginManager:220 - loadIPPluginJar : add sai
2025-06-10 13:36:43,712 [INFO] IPUIPlugin:80 - create IPUIPlugin
2025-06-10 13:36:43,712 [INFO] PluginManager:220 - loadIPPluginJar : add spi
2025-06-10 13:36:43,771 [INFO] IPUIPlugin:80 - create IPUIPlugin
2025-06-10 13:36:43,771 [INFO] PluginManager:220 - loadIPPluginJar : add stm32_wpan
2025-06-10 13:36:43,794 [INFO] IPUIPlugin:80 - create IPUIPlugin
2025-06-10 13:36:43,794 [INFO] PluginManager:220 - loadIPPluginJar : add tim
2025-06-10 13:36:43,846 [INFO] IPUIPlugin:80 - create IPUIPlugin
2025-06-10 13:36:43,846 [INFO] PluginManager:220 - loadIPPluginJar : add touchsensing
2025-06-10 13:36:43,869 [INFO] IPUIPlugin:80 - create IPUIPlugin
2025-06-10 13:36:43,870 [INFO] PluginManager:220 - loadIPPluginJar : add tracer_emb
2025-06-10 13:36:43,893 [INFO] IPUIPlugin:80 - create IPUIPlugin
2025-06-10 13:36:43,893 [INFO] PluginManager:220 - loadIPPluginJar : add ts
2025-06-10 13:36:43,916 [INFO] IPUIPlugin:80 - create IPUIPlugin
2025-06-10 13:36:43,916 [INFO] PluginManager:220 - loadIPPluginJar : add tsc
2025-06-10 13:36:43,938 [INFO] IPUIPlugin:80 - create IPUIPlugin
2025-06-10 13:36:43,938 [INFO] PluginManager:220 - loadIPPluginJar : add ucpd
2025-06-10 13:36:43,977 [INFO] IPUIPlugin:80 - create IPUIPlugin
2025-06-10 13:36:43,977 [INFO] PluginManager:220 - loadIPPluginJar : add usart
2025-06-10 13:36:44,018 [INFO] IPUIPlugin:80 - create IPUIPlugin
2025-06-10 13:36:44,018 [INFO] PluginManager:220 - loadIPPluginJar : add usbx
2025-06-10 13:36:44,139 [INFO] CADModel:165 - CPN selected for project level
2025-06-10 13:36:44,139 [INFO] CADModel:114 - Register for checkConnection events
2025-06-10 13:36:44,139 [FATAL] Updater:308 - Updater called before beeing initialized
2025-06-10 13:36:44,139 [ERROR] CADModel:125 - Updater not yet initialized, retry later 
2025-06-10 13:36:44,254 [INFO] CADModel:165 - CPN selected for project level
2025-06-10 13:36:44,254 [INFO] CADModel:114 - Register for checkConnection events
2025-06-10 13:36:44,254 [FATAL] Updater:308 - Updater called before beeing initialized
2025-06-10 13:36:44,254 [ERROR] CADModel:125 - Updater not yet initialized, retry later 
2025-06-10 13:36:44,257 [FATAL] Updater:308 - Updater called before beeing initialized
2025-06-10 13:36:44,351 [FATAL] Updater:308 - Updater called before beeing initialized
2025-06-10 13:36:44,362 [INFO] DbMcusAds:53 - JSON generation date=Wed May 07 06:07:55 ART 2025 (1746608875484)
2025-06-10 13:36:44,362 [FATAL] Updater:308 - Updater called before beeing initialized
2025-06-10 13:36:44,438 [WARN] DetailPanel:346 - Failed to get advertising image, set to default
2025-06-10 13:36:44,526 [FATAL] Updater:308 - Updater called before beeing initialized
2025-06-10 13:36:44,537 [FATAL] Updater:308 - Updater called before beeing initialized
2025-06-10 13:36:44,537 [FATAL] Updater:308 - Updater called before beeing initialized
2025-06-10 13:36:44,537 [WARN] DetailPanel:346 - Failed to get advertising image, set to default
2025-06-10 13:36:44,538 [FATAL] Updater:308 - Updater called before beeing initialized
2025-06-10 13:36:44,604 [ERROR] Updater:1120 - MainUpdater not yet initialized. External WinMGr cannot be set.
2025-06-10 13:36:44,615 [INFO] Updater:1056 - Updater Version found : 6.11.1
2025-06-10 13:36:44,638 [INFO] ApplicationProperties:184 - Using Application install path: C:\ST\STM32CubeIDE_1.15.1\STM32CubeIDE\plugins\com.st.stm32cube.common.mx_6.11.1.202404110753
2025-06-10 13:36:44,681 [INFO] ThirdPartyUpdaterWithRetryManager:70 - Updater plugin not ready yet. [2/15]
2025-06-10 13:36:45,004 [INFO] MainUpdater:2873 - connection check result : 10
2025-06-10 13:36:45,004 [INFO] MainUpdater:290 - Updater Check For Update Now.
2025-06-10 13:36:45,004 [INFO] MicroXplorer:498 - Change Database Version : DB.6.0.111
2025-06-10 13:36:45,021 [INFO] McuFinderGlobals:63 - Set McuFinder mode to 2 (CubeIDE integrated)
2025-06-10 13:36:45,032 [INFO] UserAuth:415 - Internet connection configuration mode: 1
2025-06-10 13:36:45,060 [INFO] JxBrowserEngine:152 - Initiate JxBrowser Engine with user profile folder
2025-06-10 13:36:45,193 [INFO] CheckServerUpdateThread:120 - End of CheckServer Thread
2025-06-10 13:36:47,905 [WARN] PackLoader:240 - Cannot read IP mode file for STMicroelectronics.FP-SNS-MOTENVWB1.1.4.0
2025-06-10 13:36:47,919 [WARN] PackLoader:240 - Cannot read IP mode file for STMicroelectronics.FP-ATR-ASTRA1.2.0.2
2025-06-10 13:36:47,930 [WARN] PackLoader:240 - Cannot read IP mode file for STMicroelectronics.FP-ATR-ASTRA1.2.0.1
2025-06-10 13:36:47,942 [WARN] PackLoader:240 - Cannot read IP mode file for STMicroelectronics.X-CUBE-SMBUS.2.1.0
2025-06-10 13:36:47,957 [WARN] PackLoader:240 - Cannot read IP mode file for STMicroelectronics.X-CUBE-WB05N.1.1.0
2025-06-10 13:36:47,967 [ERROR] Engine:466 - C:\Users\nicor\.stm32cubemx\thirdparties\pdsc\STMicroelectronics.X-CUBE-ST60.1.0.0.pdsc: PDSC version is not supported
2025-06-10 13:36:47,977 [WARN] PackLoader:240 - Cannot read IP mode file for STMicroelectronics.X-CUBE-TOUCHGFX.4.23.2
2025-06-10 13:36:48,007 [WARN] PackLoader:240 - Cannot read IP mode file for STMicroelectronics.X-CUBE-AZRTOS-F7.1.1.0
2025-06-10 13:36:48,067 [WARN] PackLoader:240 - Cannot read IP mode file for STMicroelectronics.X-CUBE-MEMS1.11.0.0
2025-06-10 13:36:48,189 [WARN] PackLoader:240 - Cannot read IP mode file for STMicroelectronics.FP-SNS-FLIGHT1.5.0.2
2025-06-10 13:36:48,206 [WARN] PackLoader:240 - Cannot read IP mode file for STMicroelectronics.X-CUBE-DISPLAY.3.0.0
2025-06-10 13:36:48,225 [WARN] PackLoader:240 - Cannot read IP mode file for STMicroelectronics.X-CUBE-BLE1.7.0.0
2025-06-10 13:36:48,242 [WARN] PackLoader:240 - Cannot read IP mode file for STMicroelectronics.X-CUBE-NFC10.1.0.0
2025-06-10 13:36:48,261 [WARN] PackLoader:240 - Cannot read IP mode file for STMicroelectronics.X-CUBE-BLEMGR.4.0.0
2025-06-10 13:36:48,279 [WARN] PackLoader:240 - Cannot read IP mode file for emotas.I-CUBE-CANOPEN.1.3.0
2025-06-10 13:36:48,294 [WARN] PackLoader:240 - Cannot read IP mode file for STMicroelectronics.X-CUBE-BLEMGR.3.1.0
2025-06-10 13:36:48,314 [WARN] PackLoader:240 - Cannot read IP mode file for STMicroelectronics.X-CUBE-AI.10.0.0
2025-06-10 13:36:48,332 [WARN] PackLoader:240 - Cannot read IP mode file for STMicroelectronics.FP-SNS-SMARTAG2.1.2.0
2025-06-10 13:36:48,354 [ERROR] Engine:466 - C:\Users\nicor\.stm32cubemx\thirdparties\pdsc\STMicroelectronics.FP-SNS-FLIGHT1.5.1.0.pdsc: PDSC version is not supported
2025-06-10 13:36:48,377 [INFO] LogOutputStream:77 - [STDOUT_REDIRECT] 1 : Invalid condition id : UX_CORESTACK_Condition cause : null
2025-06-10 13:36:48,378 [INFO] LogOutputStream:77 - [STDOUT_REDIRECT] 1 : Invalid condition id : UX_CORESTACK_Condition cause : null
2025-06-10 13:36:48,379 [INFO] LogOutputStream:77 - [STDOUT_REDIRECT] 1 : Invalid condition id : UX_CORESTACK_Condition cause : null
2025-06-10 13:36:48,380 [INFO] LogOutputStream:77 - [STDOUT_REDIRECT] 1 : Invalid condition id : UX_CORESTACK_Condition cause : null
2025-06-10 13:36:48,382 [INFO] LogOutputStream:77 - [STDOUT_REDIRECT] 1 : Invalid condition id : UX_CORESTACK_Condition cause : null
2025-06-10 13:36:48,385 [WARN] PackLoader:240 - Cannot read IP mode file for STMicroelectronics.X-CUBE-AZRTOS-WL.2.0.0
2025-06-10 13:36:48,412 [WARN] PackLoader:240 - Cannot read IP mode file for STMicroelectronics.FP-SNS-MOTENV1.5.0.0
2025-06-10 13:36:48,434 [WARN] PackLoader:240 - Cannot read IP mode file for wolfSSL.I-CUBE-wolfMQTT.1.19.0
2025-06-10 13:36:48,451 [WARN] PackLoader:240 - Cannot read IP mode file for WES.I-CUBE-Cesium.1.3.0
2025-06-10 13:36:48,464 [WARN] PackLoader:240 - Cannot read IP mode file for STMicroelectronics.X-CUBE-BLE2.3.3.0
2025-06-10 13:36:48,479 [WARN] PackLoader:240 - Cannot read IP mode file for STMicroelectronics.X-CUBE-NFC9.1.0.0
2025-06-10 13:36:48,493 [WARN] PackLoader:240 - Cannot read IP mode file for STMicroelectronics.X-CUBE-BLE1.7.1.0
2025-06-10 13:36:48,509 [WARN] PackLoader:240 - Cannot read IP mode file for STMicroelectronics.X-CUBE-TCPP.4.1.0
2025-06-10 13:36:48,525 [WARN] PackLoader:240 - Cannot read IP mode file for STMicroelectronics.X-CUBE-AI.10.1.0
2025-06-10 13:36:48,575 [WARN] PackLoader:240 - Cannot read IP mode file for STMicroelectronics.X-CUBE-MEMS1.11.2.0
2025-06-10 13:36:48,680 [WARN] PackLoader:240 - Cannot read IP mode file for STMicroelectronics.X-CUBE-AZRTOS-G0.1.1.0
2025-06-10 13:36:48,698 [WARN] PackLoader:240 - Cannot read IP mode file for STMicroelectronics.X-CUBE-SAFEA1.1.2.2
2025-06-10 13:36:48,720 [WARN] PackLoader:240 - Cannot read IP mode file for STMicroelectronics.X-CUBE-NFC4.3.0.0
2025-06-10 13:36:48,738 [WARN] PackLoader:240 - Cannot read IP mode file for wolfSSL.I-CUBE-wolfMQTT.1.18.0
2025-06-10 13:36:48,758 [WARN] PackLoader:240 - Cannot read IP mode file for EmbeddedOffice.I-CUBE-FS-RTOS.1.0.1
2025-06-10 13:36:48,759 [ERROR] ConditionMgr:805 - Attr not supported : Dmpu
2025-06-10 13:36:48,759 [ERROR] ConditionMgr:805 - Attr not supported : Dmpu
2025-06-10 13:36:48,759 [ERROR] ConditionMgr:805 - Attr not supported : Dmpu
2025-06-10 13:36:48,759 [ERROR] ConditionMgr:805 - Attr not supported : Dmpu
2025-06-10 13:36:48,759 [ERROR] ConditionMgr:805 - Attr not supported : Dmpu
2025-06-10 13:36:48,759 [ERROR] ConditionMgr:805 - Attr not supported : Dmpu
2025-06-10 13:36:48,759 [ERROR] ConditionMgr:805 - Attr not supported : Dmpu
2025-06-10 13:36:48,759 [ERROR] ConditionMgr:805 - Attr not supported : Dmpu
2025-06-10 13:36:48,759 [ERROR] ConditionMgr:805 - Attr not supported : Dmpu
2025-06-10 13:36:48,759 [ERROR] ConditionMgr:805 - Attr not supported : Dmpu
2025-06-10 13:36:48,759 [ERROR] ConditionMgr:805 - Attr not supported : Dmpu
2025-06-10 13:36:48,759 [ERROR] ConditionMgr:805 - Attr not supported : Dmpu
2025-06-10 13:36:48,759 [ERROR] ConditionMgr:805 - Attr not supported : Dmpu
2025-06-10 13:36:48,759 [ERROR] ConditionMgr:805 - Attr not supported : Dmpu
2025-06-10 13:36:48,759 [ERROR] ConditionMgr:805 - Attr not supported : Dmpu
2025-06-10 13:36:48,759 [ERROR] ConditionMgr:805 - Attr not supported : Dmpu
2025-06-10 13:36:48,759 [ERROR] ConditionMgr:805 - Attr not supported : Dmpu
2025-06-10 13:36:48,759 [ERROR] ConditionMgr:805 - Attr not supported : Dmpu
2025-06-10 13:36:48,761 [ERROR] ConditionMgr:805 - Attr not supported : Dmpu
2025-06-10 13:36:48,761 [ERROR] ConditionMgr:805 - Attr not supported : Dmpu
2025-06-10 13:36:48,761 [ERROR] ConditionMgr:805 - Attr not supported : Dmpu
2025-06-10 13:36:48,761 [ERROR] ConditionMgr:805 - Attr not supported : Dmpu
2025-06-10 13:36:48,761 [ERROR] ConditionMgr:805 - Attr not supported : Dmpu
2025-06-10 13:36:48,761 [ERROR] ConditionMgr:805 - Attr not supported : Dmpu
2025-06-10 13:36:48,761 [ERROR] ConditionMgr:805 - Attr not supported : Dmpu
2025-06-10 13:36:48,761 [ERROR] ConditionMgr:805 - Attr not supported : Dmpu
2025-06-10 13:36:48,761 [ERROR] ConditionMgr:805 - Attr not supported : Dmpu
2025-06-10 13:36:48,761 [ERROR] ConditionMgr:805 - Attr not supported : Dmpu
2025-06-10 13:36:48,761 [ERROR] ConditionMgr:805 - Attr not supported : Dmpu
2025-06-10 13:36:48,761 [ERROR] ConditionMgr:805 - Attr not supported : Dmpu
2025-06-10 13:36:48,761 [ERROR] ConditionMgr:805 - Attr not supported : Dmpu
2025-06-10 13:36:48,761 [ERROR] ConditionMgr:805 - Attr not supported : Dmpu
2025-06-10 13:36:48,761 [ERROR] ConditionMgr:805 - Attr not supported : Dmpu
2025-06-10 13:36:48,761 [ERROR] ConditionMgr:805 - Attr not supported : Dmpu
2025-06-10 13:36:48,761 [ERROR] ConditionMgr:805 - Attr not supported : Dmpu
2025-06-10 13:36:48,761 [ERROR] ConditionMgr:805 - Attr not supported : Dmpu
2025-06-10 13:36:48,761 [ERROR] ConditionMgr:805 - Attr not supported : Dmpu
2025-06-10 13:36:48,761 [ERROR] ConditionMgr:805 - Attr not supported : Dmpu
2025-06-10 13:36:48,761 [ERROR] ConditionMgr:805 - Attr not supported : Dmpu
2025-06-10 13:36:48,761 [ERROR] ConditionMgr:805 - Attr not supported : Dmpu
2025-06-10 13:36:48,761 [ERROR] ConditionMgr:805 - Attr not supported : Dmpu
2025-06-10 13:36:48,761 [ERROR] ConditionMgr:805 - Attr not supported : Dmpu
2025-06-10 13:36:48,761 [ERROR] ConditionMgr:805 - Attr not supported : Dmpu
2025-06-10 13:36:48,762 [ERROR] ConditionMgr:805 - Attr not supported : Dmpu
2025-06-10 13:36:48,762 [ERROR] ConditionMgr:805 - Attr not supported : Dmpu
2025-06-10 13:36:48,762 [ERROR] ConditionMgr:805 - Attr not supported : Dmpu
2025-06-10 13:36:48,762 [ERROR] ConditionMgr:805 - Attr not supported : Dmpu
2025-06-10 13:36:48,762 [ERROR] ConditionMgr:805 - Attr not supported : Dmpu
2025-06-10 13:36:48,762 [ERROR] ConditionMgr:805 - Attr not supported : Dmpu
2025-06-10 13:36:48,762 [ERROR] ConditionMgr:805 - Attr not supported : Dmpu
2025-06-10 13:36:48,762 [ERROR] ConditionMgr:805 - Attr not supported : Dmpu
2025-06-10 13:36:48,762 [ERROR] ConditionMgr:805 - Attr not supported : Dmpu
2025-06-10 13:36:48,762 [ERROR] ConditionMgr:805 - Attr not supported : Dmpu
2025-06-10 13:36:48,762 [ERROR] ConditionMgr:805 - Attr not supported : Dmpu
2025-06-10 13:36:48,762 [ERROR] ConditionMgr:805 - Attr not supported : Dmpu
2025-06-10 13:36:48,762 [ERROR] ConditionMgr:805 - Attr not supported : Dmpu
2025-06-10 13:36:48,762 [ERROR] ConditionMgr:805 - Attr not supported : Dmpu
2025-06-10 13:36:48,762 [ERROR] ConditionMgr:805 - Attr not supported : Dmpu
2025-06-10 13:36:48,762 [ERROR] ConditionMgr:805 - Attr not supported : Dmpu
2025-06-10 13:36:48,762 [ERROR] ConditionMgr:805 - Attr not supported : Dmpu
2025-06-10 13:36:48,762 [ERROR] ConditionMgr:805 - Attr not supported : Dmpu
2025-06-10 13:36:48,762 [ERROR] ConditionMgr:805 - Attr not supported : Dmpu
2025-06-10 13:36:48,762 [ERROR] ConditionMgr:805 - Attr not supported : Dmpu
2025-06-10 13:36:48,762 [ERROR] ConditionMgr:805 - Attr not supported : Dmpu
2025-06-10 13:36:48,777 [WARN] PackLoader:240 - Cannot read IP mode file for STMicroelectronics.X-CUBE-WB05N.2.0.0
2025-06-10 13:36:48,791 [ERROR] Engine:466 - C:\Users\nicor\.stm32cubemx\thirdparties\pdsc\STMicroelectronics.X-CUBE-TCPP.4.2.0.pdsc: PDSC version is not supported
2025-06-10 13:36:48,806 [WARN] PackLoader:240 - Cannot read IP mode file for RealThread.X-CUBE-RT-Thread_Nano.4.1.1
2025-06-10 13:36:48,824 [WARN] PackLoader:240 - Cannot read IP mode file for wolfSSL.I-CUBE-wolfSSL.5.7.0
2025-06-10 13:36:48,844 [WARN] PackLoader:240 - Cannot read IP mode file for STMicroelectronics.FP-ATR-SIGFOX1.3.2.0
2025-06-10 13:36:48,865 [WARN] ConditionMgr:438 - getConditionDescription Invalid condition id : Cortex-A Device cause : null
2025-06-10 13:36:48,893 [WARN] ConditionMgr:1039 - genDependencies : Invalid condition id : Cortex-A Device cause : null
2025-06-10 13:36:48,893 [WARN] ConditionMgr:1039 - genDependencies : Invalid condition id : Cortex-A Device cause : null
2025-06-10 13:36:48,893 [WARN] ConditionMgr:1039 - genDependencies : Invalid condition id : Cortex-A Device cause : null
2025-06-10 13:36:48,916 [WARN] PackLoader:240 - Cannot read IP mode file for STMicroelectronics.X-CUBE-EEPRMA1.5.1.0
2025-06-10 13:36:48,943 [WARN] PackLoader:240 - Cannot read IP mode file for ITTIA_DB.I-CUBE-ITTIADB.8.9.0
2025-06-10 13:36:48,958 [ERROR] Engine:466 - C:\Users\nicor\.stm32cubemx\thirdparties\pdsc\STMicroelectronics.X-CUBE-ST67W61.1.0.0.pdsc: PDSC version is not supported
2025-06-10 13:36:48,998 [WARN] PackLoader:240 - Cannot read IP mode file for SEGGER.I-CUBE-embOS.1.3.1
2025-06-10 13:36:49,054 [WARN] PackLoader:240 - Cannot read IP mode file for STMicroelectronics.X-CUBE-ALGOBUILD.1.4.0
2025-06-10 13:36:49,071 [WARN] PackLoader:240 - Cannot read IP mode file for STMicroelectronics.X-CUBE-AI.9.1.0
2025-06-10 13:36:49,088 [WARN] PackLoader:240 - Cannot read IP mode file for STMicroelectronics.X-CUBE-GNSS1.6.0.0
2025-06-10 13:36:49,124 [WARN] PackLoader:240 - Cannot read IP mode file for STMicroelectronics.X-CUBE-AZRTOS-F4.1.1.0
2025-06-10 13:36:49,143 [ERROR] Engine:466 - C:\Users\nicor\.stm32cubemx\thirdparties\pdsc\Avnet-IotConnect.X-CUBE-IoTC-DA16k-PMOD.1.0.0.pdsc: PDSC version is not supported
2025-06-10 13:36:49,158 [WARN] PackLoader:240 - Cannot read IP mode file for STMicroelectronics.X-CUBE-ISPU.2.1.0
2025-06-10 13:36:49,173 [WARN] PackLoader:240 - Cannot read IP mode file for STMicroelectronics.X-CUBE-FREERTOS.1.2.0
2025-06-10 13:36:49,198 [WARN] PackLoader:240 - Cannot read IP mode file for STMicroelectronics.X-CUBE-AZRTOS-L5.2.0.0
2025-06-10 13:36:49,214 [WARN] PackLoader:240 - Cannot read IP mode file for STMicroelectronics.X-CUBE-NFC6.3.1.0
2025-06-10 13:36:49,232 [WARN] PackLoader:240 - Cannot read IP mode file for STMicroelectronics.X-CUBE-DPower.1.2.0
2025-06-10 13:36:49,246 [WARN] PackLoader:240 - Cannot read IP mode file for STMicroelectronics.X-CUBE-AI.9.0.0
2025-06-10 13:36:49,260 [WARN] PackLoader:240 - Cannot read IP mode file for STMicroelectronics.X-CUBE-FREERTOS.1.3.1
2025-06-10 13:36:49,277 [WARN] PackLoader:240 - Cannot read IP mode file for STMicroelectronics.X-CUBE-FREERTOS.1.3.0
2025-06-10 13:36:49,294 [WARN] PackLoader:240 - Cannot read IP mode file for STMicroelectronics.X-CUBE-NFC7.1.0.1
2025-06-10 13:36:49,319 [WARN] PackLoader:240 - Cannot read IP mode file for wolfSSL.I-CUBE-wolfTPM.3.2.0
2025-06-10 13:36:49,337 [WARN] PackLoader:240 - Cannot read IP mode file for STMicroelectronics.X-CUBE-DPower.1.3.0
2025-06-10 13:36:49,375 [WARN] ConditionMgr:438 - getConditionDescription Invalid condition id : LAN8742 Phy interface Condition cause : null
2025-06-10 13:36:49,376 [WARN] PackLoader:240 - Cannot read IP mode file for STMicroelectronics.X-CUBE-AZRTOS-L4.2.0.0
2025-06-10 13:36:49,377 [WARN] ConditionMgr:1039 - genDependencies : Invalid condition id : LAN8742 Phy interface Condition cause : null
2025-06-10 13:36:49,377 [WARN] ConditionMgr:1039 - genDependencies : Invalid condition id : LAN8742 Phy interface Condition cause : null
2025-06-10 13:36:49,378 [WARN] ConditionMgr:1039 - genDependencies : Invalid condition id : LAN8742 Phy interface Condition cause : null
2025-06-10 13:36:49,398 [WARN] PackLoader:240 - Cannot read IP mode file for STMicroelectronics.X-CUBE-SFXS2LP1.4.0.0
2025-06-10 13:36:49,426 [WARN] PackLoader:240 - Cannot read IP mode file for STMicroelectronics.X-CUBE-AZRTOS-H7.3.3.0
2025-06-10 13:36:49,452 [WARN] PackLoader:240 - Cannot read IP mode file for STMicroelectronics.X-CUBE-IPS.3.0.0
2025-06-10 13:36:49,493 [WARN] ConditionMgr:438 - getConditionDescription Invalid condition id : UX DEVICE CLASS RTOS Condition cause : null
2025-06-10 13:36:49,494 [WARN] ConditionMgr:438 - getConditionDescription Invalid condition id : UX DEVICE CLASS RTOS Condition cause : null
2025-06-10 13:36:49,496 [WARN] PackLoader:240 - Cannot read IP mode file for STMicroelectronics.X-CUBE-AZRTOS-WB.2.0.0
2025-06-10 13:36:49,497 [WARN] ConditionMgr:1039 - genDependencies : Invalid condition id : UX DEVICE CLASS RTOS Condition cause : null
2025-06-10 13:36:49,497 [WARN] ConditionMgr:1039 - genDependencies : Invalid condition id : UX DEVICE CLASS RTOS Condition cause : null
2025-06-10 13:36:49,498 [WARN] ConditionMgr:1039 - genDependencies : Invalid condition id : UX DEVICE CLASS RTOS Condition cause : null
2025-06-10 13:36:49,498 [WARN] ConditionMgr:1039 - genDependencies : Invalid condition id : UX DEVICE CLASS RTOS Condition cause : null
2025-06-10 13:36:49,498 [WARN] ConditionMgr:1039 - genDependencies : Invalid condition id : UX DEVICE CLASS RTOS Condition cause : null
2025-06-10 13:36:49,520 [WARN] PackLoader:240 - Cannot read IP mode file for STMicroelectronics.X-CUBE-GNSS1.7.0.0
2025-06-10 13:36:49,541 [WARN] PackLoader:240 - Cannot read IP mode file for STMicroelectronics.X-CUBE-GNSS1.7.0.1
2025-06-10 13:36:49,557 [WARN] PackLoader:240 - Cannot read IP mode file for STMicroelectronics.X-CUBE-TOUCHGFX.4.25.0
2025-06-10 13:36:49,573 [WARN] PackLoader:240 - Cannot read IP mode file for STMicroelectronics.FP-SNS-STBOX1.2.0.0
2025-06-10 13:36:49,592 [WARN] PackLoader:240 - Cannot read IP mode file for STMicroelectronics.X-CUBE-SUBG2.5.0.0
2025-06-10 13:36:49,621 [WARN] PackLoader:240 - Cannot read IP mode file for STMicroelectronics.X-CUBE-AZRTOS-H7RS.1.1.0
2025-06-10 13:36:49,635 [WARN] PackLoader:240 - Cannot read IP mode file for Cesanta.I-CUBE-Mongoose.7.13.0
2025-06-10 13:36:49,660 [WARN] PackLoader:240 - Cannot read IP mode file for STMicroelectronics.X-CUBE-AZRTOS-G4.2.0.0
2025-06-10 13:36:49,674 [WARN] PackLoader:240 - Cannot read IP mode file for STMicroelectronics.X-CUBE-NFC7.2.0.0
2025-06-10 13:36:49,686 [WARN] PackLoader:240 - Cannot read IP mode file for STMicroelectronics.X-CUBE-ISPU.2.0.0
2025-06-10 13:36:49,698 [ERROR] Engine:466 - C:\Users\nicor\.stm32cubemx\thirdparties\pdsc\STMicroelectronics.X-CUBE-IPS.3.1.0.pdsc: PDSC version is not supported
2025-06-10 13:36:49,712 [WARN] PackLoader:240 - Cannot read IP mode file for STMicroelectronics.X-CUBE-ALS.1.0.2
2025-06-10 13:36:49,754 [INFO] WebApp:161 - Instantiating new browser for Auth
2025-06-10 13:36:49,755 [WARN] PackLoader:240 - Cannot read IP mode file for STMicroelectronics.X-CUBE-MEMS1.10.0.0
2025-06-10 13:36:49,843 [WARN] PackLoader:240 - Cannot read IP mode file for STMicroelectronics.X-CUBE-TOUCHGFX.4.24.0
2025-06-10 13:36:49,859 [WARN] PackLoader:240 - Cannot read IP mode file for STMicroelectronics.X-CUBE-TOUCHGFX.4.24.1
2025-06-10 13:36:49,875 [WARN] PackLoader:240 - Cannot read IP mode file for portGmbH.I-Cube-SoM-uGOAL.1.1.0
2025-06-10 13:36:49,900 [WARN] PackLoader:240 - Cannot read IP mode file for STMicroelectronics.X-CUBE-AZRTOS-H7RS.1.0.0
2025-06-10 13:36:49,914 [WARN] PackLoader:240 - Cannot read IP mode file for STMicroelectronics.FP-ATR-ASTRA1.2.0.0
2025-06-10 13:36:49,931 [WARN] PackLoader:240 - Cannot read IP mode file for STMicroelectronics.X-CUBE-TOF1.3.4.2
2025-06-10 13:36:49,949 [ERROR] Engine:466 - C:\Users\nicor\.stm32cubemx\thirdparties\pdsc\STMicroelectronics.X-CUBE-TOF1.3.4.3.pdsc: PDSC version is not supported
2025-06-10 13:36:49,966 [WARN] PackLoader:240 - Cannot read IP mode file for STMicroelectronics.X-CUBE-TOF1.3.4.1
2025-06-10 13:36:49,991 [WARN] PackLoader:240 - Cannot read IP mode file for STMicroelectronics.X-CUBE-AZRTOS-H7.3.2.0
2025-06-10 13:36:50,013 [WARN] PackLoader:240 - Cannot read IP mode file for Infineon.AIROC-Wi-Fi-Bluetooth-STM32.1.6.0
2025-06-10 13:36:50,028 [WARN] PackLoader:240 - Cannot read IP mode file for wolfSSL.I-CUBE-wolfSSH.1.4.17
2025-06-10 13:36:50,029 [INFO] ThirdParty:978 - Integrity check success = true
2025-06-10 13:36:50,029 [INFO] IntegrityCheckThread:100 - exiting critical section [integrity check]
2025-06-10 13:36:50,029 [INFO] IntegrityCheckThread:103 - End integrity checks thread
2025-06-10 13:36:50,331 [INFO] WebApp:779 - Register for checkConnection events
2025-06-10 13:36:50,331 [INFO] WebApp:414 - Apply proxy settings
2025-06-10 13:36:50,331 [INFO] WebApp:499 - Chromium requires no authentication
2025-06-10 13:36:50,338 [INFO] WebApp:442 - Direct internet connection detected
2025-06-10 13:36:50,504 [INFO] WebApp:192 - Starting web application
2025-06-10 13:36:50,504 [INFO] WebApp:544 - Web application path used C:\ST\STM32CubeIDE_1.15.1\STM32CubeIDE\plugins\com.st.stm32cube.common.mx_6.11.1.202404110753\db\plugins\mcufinder\reactClient1\index.html
2025-06-10 19:41:42,686 [INFO] McuFinderGlobals:63 - Set McuFinder mode to 2 (CubeIDE integrated)
2025-06-10 19:41:42,803 [INFO] MainUpdater:2873 - connection check result : 10
2025-06-10 19:41:42,811 [INFO] MainUpdater:2873 - connection check result : 10
2025-06-10 19:41:43,012 [INFO] MicroXplorer:468 - Change Database Path : 
2025-06-10 19:41:43,012 [INFO] MicroXplorer:498 - Change Database Version : DB.6.0.111
2025-06-10 19:41:43,017 [WARN] ThirdParty:871 - waiting for thirdparty lock release [close project]
2025-06-10 19:41:43,017 [INFO] ThirdParty:873 - entering critical section [close project]
2025-06-10 19:41:43,018 [INFO] ThirdParty:883 - exiting critical section [close project]
2025-06-10 19:41:43,020 [INFO] PinOutPanel:1561 - setPackage(No Configuration,No Configuration)
2025-06-10 19:41:43,023 [INFO] UtilMem:75 - Begin LoadConfig() Used Memory: 793979480 Bytes (1073741824)
2025-06-10 19:41:43,024 [INFO] MicroXplorer:468 - Change Database Path : 
2025-06-10 19:41:43,024 [INFO] MicroXplorer:498 - Change Database Version : DB.6.0.111
2025-06-10 19:41:43,024 [INFO] OpenFileManager:312 - Change cursor
2025-06-10 19:41:43,061 [INFO] Mcu:2021 - Initializing MCU STM32F401C(B-C)Ux STM32F401CCUx STM32F401CCU6
2025-06-10 19:41:44,222 [INFO] Context:663 - Trying to add GPIOservice into a context  which must be forbidden
2025-06-10 19:41:44,733 [INFO] RtosManager:555 - Registered RTOS mode: class=CMSIS, group=RTOS, mode=CMSIS_V1, owner=FREERTOS
2025-06-10 19:41:44,734 [INFO] RtosManager:555 - Registered RTOS mode: class=CMSIS, group=RTOS2, mode=CMSIS_V2, owner=FREERTOS
2025-06-10 19:41:44,734 [INFO] RtosManager:555 - Registered RTOS mode: class=RTOS, group=Core, mode=CMSIS_V1, owner=FREERTOS
2025-06-10 19:41:44,734 [INFO] RtosManager:555 - Registered RTOS mode: class=RTOS, group=Core, mode=CMSIS_V2, owner=FREERTOS
2025-06-10 19:41:44,734 [WARN] ModelIntegratedComponent:184 - Missing modes for component STMicroelectronics:FreeRTOS:0.0.1:STMicroelectronics:RTOS:FreeRTOS:Core:::10.2.0:
2025-06-10 19:41:44,741 [WARN] ModelIntegratedComponent:63 - No mode defined for component null
2025-06-10 19:41:44,741 [WARN] ModelIntegratedComponent:63 - No mode defined for component null
2025-06-10 19:41:44,741 [WARN] ModelIntegratedComponent:63 - No mode defined for component null
2025-06-10 19:41:44,741 [WARN] ModelIntegratedComponent:63 - No mode defined for component null
2025-06-10 19:41:44,741 [WARN] ModelIntegratedComponent:63 - No mode defined for component null
2025-06-10 19:41:44,741 [WARN] ModelIntegratedComponent:63 - No mode defined for component null
2025-06-10 19:41:44,741 [WARN] ModelIntegratedComponent:63 - No mode defined for component null
2025-06-10 19:41:44,741 [WARN] ModelIntegratedComponent:63 - No mode defined for component null
2025-06-10 19:41:44,741 [WARN] ModelIntegratedComponent:63 - No mode defined for component null
2025-06-10 19:41:44,741 [WARN] ModelIntegratedComponent:63 - No mode defined for component null
2025-06-10 19:41:44,741 [WARN] ModelIntegratedComponent:63 - No mode defined for component null
2025-06-10 19:41:44,741 [WARN] ModelIntegratedComponent:63 - No mode defined for component null
2025-06-10 19:41:44,741 [WARN] ModelIntegratedComponent:63 - No mode defined for component null
2025-06-10 19:41:44,741 [WARN] ModelIntegratedComponent:63 - No mode defined for component null
2025-06-10 19:41:44,741 [WARN] ModelIntegratedComponent:63 - No mode defined for component null
2025-06-10 19:41:44,741 [WARN] ModelIntegratedComponent:63 - No mode defined for component null
2025-06-10 19:41:44,741 [WARN] ModelIntegratedComponent:63 - No mode defined for component null
2025-06-10 19:41:44,741 [WARN] ModelIntegratedComponent:63 - No mode defined for component null
2025-06-10 19:41:44,741 [WARN] ModelIntegratedComponent:63 - No mode defined for component null
2025-06-10 19:41:44,741 [WARN] ModelIntegratedComponent:63 - No mode defined for component null
2025-06-10 19:41:44,741 [WARN] ModelIntegratedComponent:63 - No mode defined for component null
2025-06-10 19:41:44,741 [WARN] ModelIntegratedComponent:63 - No mode defined for component null
2025-06-10 19:41:44,741 [WARN] ModelIntegratedComponent:63 - No mode defined for component null
2025-06-10 19:41:44,741 [WARN] ModelIntegratedComponent:63 - No mode defined for component null
2025-06-10 19:41:44,741 [WARN] ModelIntegratedComponent:63 - No mode defined for component null
2025-06-10 19:41:44,742 [WARN] ModelIntegratedComponent:63 - No mode defined for component null
2025-06-10 19:41:44,742 [WARN] ModelIntegratedComponent:63 - No mode defined for component null
2025-06-10 19:41:44,742 [WARN] ModelIntegratedComponent:63 - No mode defined for component null
2025-06-10 19:41:44,742 [WARN] ModelIntegratedComponent:63 - No mode defined for component null
2025-06-10 19:41:44,742 [WARN] ModelIntegratedComponent:63 - No mode defined for component null
2025-06-10 19:41:44,742 [WARN] ModelIntegratedComponent:63 - No mode defined for component null
2025-06-10 19:41:44,742 [WARN] ModelIntegratedComponent:63 - No mode defined for component null
2025-06-10 19:41:44,742 [WARN] ModelIntegratedComponent:63 - No mode defined for component null
2025-06-10 19:41:44,742 [WARN] ModelIntegratedComponent:63 - No mode defined for component null
2025-06-10 19:41:44,747 [WARN] ModelIntegratedComponent:182 - Modes not found for component STMicroelectronics:USB_DEVICE:1.0.0:STMicroelectronics:USB::USB Device:Audio HS::1.0:USB_DEVICE_1_0_RESTRICTED_HS
2025-06-10 19:41:44,748 [WARN] ModelIntegratedComponent:188 - Modes not found for component STMicroelectronics:USB_DEVICE:1.0.0:STMicroelectronics:USB::USB Device:Audio HS::1.0:USB_DEVICE_1_0_RESTRICTED_HS
2025-06-10 19:41:44,748 [WARN] ModelIntegratedComponent:182 - Modes not found for component STMicroelectronics:USB_DEVICE:1.0.0:STMicroelectronics:USB::USB Device:CDC HS::1.0:USB_DEVICE_1_0_RESTRICTED_HS
2025-06-10 19:41:44,748 [WARN] ModelIntegratedComponent:188 - Modes not found for component STMicroelectronics:USB_DEVICE:1.0.0:STMicroelectronics:USB::USB Device:CDC HS::1.0:USB_DEVICE_1_0_RESTRICTED_HS
2025-06-10 19:41:44,748 [WARN] ModelIntegratedComponent:182 - Modes not found for component STMicroelectronics:USB_DEVICE:1.0.0:STMicroelectronics:USB::USB Device:DFU HS::1.0:USB_DEVICE_1_0_RESTRICTED_HS
2025-06-10 19:41:44,748 [WARN] ModelIntegratedComponent:188 - Modes not found for component STMicroelectronics:USB_DEVICE:1.0.0:STMicroelectronics:USB::USB Device:DFU HS::1.0:USB_DEVICE_1_0_RESTRICTED_HS
2025-06-10 19:41:44,748 [WARN] ModelIntegratedComponent:182 - Modes not found for component STMicroelectronics:USB_DEVICE:1.0.0:STMicroelectronics:USB::USB Device:HID HS::1.0:USB_DEVICE_1_0_RESTRICTED_HS
2025-06-10 19:41:44,748 [WARN] ModelIntegratedComponent:188 - Modes not found for component STMicroelectronics:USB_DEVICE:1.0.0:STMicroelectronics:USB::USB Device:HID HS::1.0:USB_DEVICE_1_0_RESTRICTED_HS
2025-06-10 19:41:44,748 [WARN] ModelIntegratedComponent:182 - Modes not found for component STMicroelectronics:USB_DEVICE:1.0.0:STMicroelectronics:USB::USB Device:Custom HID HS::1.0:USB_DEVICE_1_0_RESTRICTED_HS
2025-06-10 19:41:44,748 [WARN] ModelIntegratedComponent:188 - Modes not found for component STMicroelectronics:USB_DEVICE:1.0.0:STMicroelectronics:USB::USB Device:Custom HID HS::1.0:USB_DEVICE_1_0_RESTRICTED_HS
2025-06-10 19:41:44,748 [WARN] ModelIntegratedComponent:182 - Modes not found for component STMicroelectronics:USB_DEVICE:1.0.0:STMicroelectronics:USB::USB Device:MSC HS::1.0:USB_DEVICE_1_0_RESTRICTED_HS
2025-06-10 19:41:44,748 [WARN] ModelIntegratedComponent:188 - Modes not found for component STMicroelectronics:USB_DEVICE:1.0.0:STMicroelectronics:USB::USB Device:MSC HS::1.0:USB_DEVICE_1_0_RESTRICTED_HS
2025-06-10 19:41:44,823 [WARN] ModelIntegratedComponent:182 - Modes not found for component STMicroelectronics:USB_HOST:1.0.0:STMicroelectronics:USB::USB Host:Audio HS::1.0:USB_HOST_1_0_RESTRICTED_HS
2025-06-10 19:41:44,823 [WARN] ModelIntegratedComponent:188 - Modes not found for component STMicroelectronics:USB_HOST:1.0.0:STMicroelectronics:USB::USB Host:Audio HS::1.0:USB_HOST_1_0_RESTRICTED_HS
2025-06-10 19:41:44,823 [WARN] ModelIntegratedComponent:182 - Modes not found for component STMicroelectronics:USB_HOST:1.0.0:STMicroelectronics:USB::USB Host:CDC HS::1.0:USB_HOST_1_0_RESTRICTED_HS
2025-06-10 19:41:44,823 [WARN] ModelIntegratedComponent:188 - Modes not found for component STMicroelectronics:USB_HOST:1.0.0:STMicroelectronics:USB::USB Host:CDC HS::1.0:USB_HOST_1_0_RESTRICTED_HS
2025-06-10 19:41:44,823 [WARN] ModelIntegratedComponent:182 - Modes not found for component STMicroelectronics:USB_HOST:1.0.0:STMicroelectronics:USB::USB Host:MSC HS::1.0:USB_HOST_1_0_RESTRICTED_HS
2025-06-10 19:41:44,823 [WARN] ModelIntegratedComponent:188 - Modes not found for component STMicroelectronics:USB_HOST:1.0.0:STMicroelectronics:USB::USB Host:MSC HS::1.0:USB_HOST_1_0_RESTRICTED_HS
2025-06-10 19:41:44,823 [WARN] ModelIntegratedComponent:182 - Modes not found for component STMicroelectronics:USB_HOST:1.0.0:STMicroelectronics:USB::USB Host:HID HS::1.0:USB_HOST_1_0_RESTRICTED_HS
2025-06-10 19:41:44,823 [WARN] ModelIntegratedComponent:188 - Modes not found for component STMicroelectronics:USB_HOST:1.0.0:STMicroelectronics:USB::USB Host:HID HS::1.0:USB_HOST_1_0_RESTRICTED_HS
2025-06-10 19:41:44,823 [WARN] ModelIntegratedComponent:182 - Modes not found for component STMicroelectronics:USB_HOST:1.0.0:STMicroelectronics:USB::USB Host:MTP HS::1.0:USB_HOST_1_0_RESTRICTED_HS
2025-06-10 19:41:44,824 [WARN] ModelIntegratedComponent:188 - Modes not found for component STMicroelectronics:USB_HOST:1.0.0:STMicroelectronics:USB::USB Host:MTP HS::1.0:USB_HOST_1_0_RESTRICTED_HS
2025-06-10 19:41:44,897 [INFO] ThirdPartyModel:298 - Start build external matchings
2025-06-10 19:41:45,589 [INFO] ThirdPartyModel:316 - End build external matchings
2025-06-10 19:41:45,614 [WARN] IP:2120 - I2C_Coeff_DF not found: check if there is a RefParameter without a condition.
2025-06-10 19:41:45,614 [WARN] IP:2120 - Analog_Filter not found: check if there is a RefParameter without a condition.
2025-06-10 19:41:45,916 [INFO] ApiDb:581 - Connected to CubeFinder SQLite database (C:\Users\nicor\.stmcufinder\plugins\mcufinder\mcu\cube-finder-db.db)
2025-06-10 19:41:46,000 [INFO] ApiDb:668 - CubeFinder database Data Model version=2.1
2025-06-10 19:41:46,002 [INFO] ApiDb:669 - CubeFinder database Configuration version=3.0.39
2025-06-10 19:41:46,002 [INFO] ApiDb:670 - CubeFinder database generation date=2025-05-20 (1747743314)
2025-06-10 19:41:46,003 [INFO] ApiDb:671 - CubeFinder database FW Pack versions=[FP-ATR-ASTRA1_V2.0.0, FP-SNS-FLIGHT1_V5.1.0, FP-SNS-MOTENV1_V5.0.0, FP-SNS-MOTENVWB1_V1.4.0, FP-SNS-SMARTAG2_V1.2.0, FP-SNS-STBOX1_V2.0.0, STM32Cube_FW_C0_V1.4.0, STM32Cube_FW_F4_V1.28.2, STM32Cube_FW_F7_V1.17.3, STM32Cube_FW_G0_V1.6.2, STM32Cube_FW_G4_V1.6.1, STM32Cube_FW_H5_V1.5.0, STM32Cube_FW_H7RS_V1.2.0, STM32Cube_FW_H7_V1.12.1, STM32Cube_FW_L0_V1.12.2, STM32Cube_FW_L4_V1.18.1, STM32Cube_FW_L5_V1.5.1, STM32Cube_FW_N6_V1.1.1, STM32Cube_FW_U0_V1.2.0, STM32Cube_FW_U3_V1.1.0, STM32Cube_FW_U5_V1.7.0, STM32Cube_FW_WB0_V1.2.0, STM32Cube_FW_WBA_V1.6.0, STM32Cube_FW_WB_V1.22.0, STM32Cube_FW_WL3_V1.1.0, STM32Cube_FW_WL_V1.3.1, X-CUBE-ALGOBUILD_V1.4.0, X-CUBE-ALS_V1.0.2, X-CUBE-AZRTOS-F4_V1.1.0, X-CUBE-AZRTOS-F7_V1.1.0, X-CUBE-AZRTOS-G0_V1.1.0, X-CUBE-AZRTOS-G4_V2.0.0, X-CUBE-AZRTOS-H7RS_V1.1.0, X-CUBE-AZRTOS-H7_V3.3.0, X-CUBE-AZRTOS-L4_V2.0.0, X-CUBE-AZRTOS-L5_V2.0.0, X-CUBE-AZRTOS-WB_V2.0.0, X-CUBE-AZRTOS-WL_V2.0.0, X-CUBE-BLE1_V7.1.0, X-CUBE-BLE2_V3.3.0, X-CUBE-BLEMGR_V4.0.0, X-CUBE-EEPRMA1_V5.1.0, X-CUBE-FREERTOS_V1.3.1, X-CUBE-GNSS1_V6.0.0, X-CUBE-MEMS1_V11.2.0, X-CUBE-NFC4_V3.0.0, X-CUBE-NFC7_V2.0.0, X-CUBE-SFXS2LP1_V4.0.0, X-CUBE-SUBG2_V5.0.0, X-CUBE-TOF1_V3.4.3]
2025-06-10 19:41:46,121 [INFO] DbBoardsSqlite:226 - include board P-NUCLEO-WB55-NUCLEO as a kit item of type 'Nucleo-64'
2025-06-10 19:41:46,121 [INFO] DbBoardsSqlite:226 - include board P-NUCLEO-WB55-USBDONGLE as a kit item of type 'Nucleo USB Dongle'
2025-06-10 19:41:46,123 [INFO] DbBoardsSqlite:226 - include board STEVAL-IDP005V1 as a kit item of type 'Evaluation Board'
2025-06-10 19:41:46,123 [INFO] DbBoardsSqlite:226 - include board STEVAL-IDP005V2 as a kit item of type 'Evaluation Board'
2025-06-10 19:41:46,555 [INFO] ApiDb:240 - Found 483 in-development CPN: [B-G473E-ZEST1S, B-WB1M-WPAN1, B-WL5M-SUBG1, NUCLEO-C031C6, NUCLEO-H503RB, NUCLEO-H533RE, NUCLEO-H563ZI, NUCLEO-H7S3L8, NUCLEO-U031R8, NUCLEO-U083RC, NUCLEO-U545RE-Q, NUCLEO-U5A5ZJ-Q, NUCLEO-WBA52CG, NUCLEO-WBA55CG, STEVAL-PROTEUS1, STEVAL-SMARTAG2, STEVAL-STWINBX1, STM320518-EVAL, STM32C0116-DK, STM32C011D6Y3TR, STM32C011D6Y6TR, STM32C011F4P3, STM32C011F4P6, STM32C011F4U3, STM32C011F4U6TR, STM32C011F6P3, STM32C011F6P6, STM32C011F6U3, STM32C011F6U6TR, STM32C011J4M3, STM32C011J4M6, STM32C011J6M3, STM32C011J6M6, STM32C0316-DK, STM32C031C4T3, STM32C031C4T6, STM32C031C4U3, STM32C031C4U6, STM32C031C6T3, STM32C031C6T6, STM32C031C6U3, STM32C031C6U6, STM32C031F4P3, STM32C031F4P6, STM32C031F6P3, STM32C031F6P6, STM32C031G4U3, STM32C031G4U6, STM32C031G6U3, STM32C031G6U6, STM32C031K4T3, STM32C031K4T6, STM32C031K4U3, STM32C031K4U6, STM32C031K6T3, STM32C031K6T6, STM32C031K6U3, STM32C031K6U6, STM32G071K8TXN, STM32G071K8UXN, STM32G081GBU6N, STM32G081KBT6N, STM32G081KBUXN, STM32G0B1CCT6N, STM32G0B1KCT6, STM32G0B1NEY6TR, STM32G0B1RCT6N, STM32G0C1CCT6, STM32G0C1CCT6N, STM32G0C1CCU6N, STM32G0C1CET6N, STM32G0C1CEU6N, STM32G0C1KCT6, STM32G0C1NEY6TR, STM32G0C1RCI6N, STM32G0C1RCT6N, STM32G0C1REI6N, STM32G0C1RET6N, STM32G0C1VCI6, STM32G0C1VEI6, STM32G471CCT6, STM32G471CCU6, STM32G471CET3, STM32G471CET6, STM32G471CEU3, STM32G471CEU6, STM32G471MCT6, STM32G471MET3, STM32G471MET6, STM32G471MEY6TR, STM32G471QCT6, STM32G471QET3, STM32G471RCT6, STM32G471RET3, STM32G471RET6, STM32G471VCH6, STM32G471VCI6, STM32G471VCT6, STM32G471VEH3, STM32G471VEH6, STM32G471VEI3, STM32G471VEI6, STM32G471VET3, STM32G471VET6, STM32G474CCT6, STM32H503CBT6, STM32H503CBU6, STM32H503EBY6TR, STM32H503KBU6, STM32H503RBT6, STM32H523CCT6, STM32H523CCU6, STM32H523CET6, STM32H523CEU6, STM32H523HEY6TR, STM32H523RCT6, STM32H523RET6, STM32H523VCI6, STM32H523VCT6, STM32H523VEI6, STM32H523VET6, STM32H523ZCJ6, STM32H523ZCT6, STM32H523ZEJ6, STM32H523ZET6, STM32H533CET6, STM32H533CEU6, STM32H533HEY6TR, STM32H533RET6, STM32H533VEI6, STM32H533VET6, STM32H533ZEJ6, STM32H533ZET6, STM32H562AGI6, STM32H562AII6, STM32H562IGK6, STM32H562IGT6, STM32H562IIK6, STM32H562IIT6, STM32H562RGT6, STM32H562RGV6, STM32H562RIT6, STM32H562RIV6, STM32H562VGT6, STM32H562VIT6, STM32H562ZGT6, STM32H562ZIT6, STM32H563AGI6, STM32H563AII3Q, STM32H563AII6, STM32H563IGK6, STM32H563IGT6, STM32H563IIK3Q, STM32H563IIK6, STM32H563IIT3Q, STM32H563IIT6, STM32H563MIY3QTR, STM32H563RGT6, STM32H563RGV6, STM32H563RIT6, STM32H563RIV6, STM32H563VGT6, STM32H563VIT3Q, STM32H563VIT6, STM32H563ZGT6, STM32H563ZIT3Q, STM32H563ZIT6, STM32H573AII3Q, STM32H573AII6, STM32H573I-DK, STM32H573IIK3Q, STM32H573IIK6, STM32H573IIT3Q, STM32H573IIT6, STM32H573MIY3QTR, STM32H573RIT6, STM32H573RIV6, STM32H573VIT3Q, STM32H573VIT6, STM32H573ZIT3Q, STM32H573ZIT6, STM32H7R3A8I6, STM32H7R3I8K6, STM32H7R3I8T6, STM32H7R3L8H6, STM32H7R3L8H6H, STM32H7R3R8V6, STM32H7R3V8H6, STM32H7R3V8T6, STM32H7R3V8Y6, STM32H7R3Z8J6, STM32H7R3Z8T6, STM32H7R7A8I6, STM32H7R7I8K6, STM32H7R7I8T6, STM32H7R7L8H6, STM32H7R7L8H6H, STM32H7R7Z8J6, STM32H7S3A8I6, STM32H7S3I8K6, STM32H7S3I8T6, STM32H7S3L8H6, STM32H7S3L8H6H, STM32H7S3R8V6, STM32H7S3V8H6, STM32H7S3V8T6, STM32H7S3V8Y6, STM32H7S3Z8J6, STM32H7S3Z8T6, STM32H7S78-DK, STM32H7S7A8I6, STM32H7S7I8K6, STM32H7S7I8T6, STM32H7S7L8H6, STM32H7S7L8H6H, STM32H7S7Z8J6, STM32L4R5QGI6STR, STM32MP131AAE3, STM32MP131AAF3, STM32MP131AAG3, STM32MP131CAE3, STM32MP131CAF3, STM32MP131CAG3, STM32MP131DAE7, STM32MP131DAF7, STM32MP131DAG7, STM32MP131FAE7, STM32MP131FAF7, STM32MP131FAG7, STM32MP133AAE3, STM32MP133AAF3, STM32MP133AAG3, STM32MP133CAE3, STM32MP133CAF3, STM32MP133CAG3, STM32MP133DAE7, STM32MP133DAF7, STM32MP133DAG7, STM32MP133FAE7, STM32MP133FAF7, STM32MP133FAG7, STM32MP135AAE3, STM32MP135AAF3, STM32MP135AAG3, STM32MP135CAE3, STM32MP135CAF3, STM32MP135CAG3, STM32MP135DAE7, STM32MP135DAF7, STM32MP135DAG7, STM32MP135F-DK, STM32MP135FAE7, STM32MP135FAF7, STM32MP135FAF7T, STM32MP135FAF7U, STM32MP135FAG7, STM32U031C6T6, STM32U031C6U6, STM32U031C8T6, STM32U031C8U6, STM32U031F4P6, STM32U031F6P6, STM32U031F8P6, STM32U031G6Y6TR, STM32U031G8Y6TR, STM32U031K4U6, STM32U031K6U6, STM32U031K8U6, STM32U031R6I6, STM32U031R6T6, STM32U031R8I6, STM32U031R8T6, STM32U073C8T6, STM32U073C8U6, STM32U073CBT6, STM32U073CBU6, STM32U073CCT6, STM32U073CCU6, STM32U073H8Y6TR, STM32U073HBY6TR, STM32U073HCY6TR, STM32U073K8U6, STM32U073KBU6, STM32U073KCU6, STM32U073M8I6, STM32U073M8T6, STM32U073MBI6, STM32U073MBT6, STM32U073MCI6, STM32U073MCT6, STM32U073R8I6, STM32U073R8T6, STM32U073RBI6, STM32U073RBT6, STM32U073RCI6, STM32U073RCT6, STM32U083C-DK, STM32U083CCT6, STM32U083CCU6, STM32U083HCY6TR, STM32U083KCU6, STM32U083MCI6, STM32U083MCT6, STM32U083RCI6, STM32U083RCT6, STM32U535CBT6, STM32U535CBT6Q, STM32U535CBU6, STM32U535CBU6Q, STM32U535CCT6, STM32U535CCT6Q, STM32U535CCU6, STM32U535CCU6Q, STM32U535CET6, STM32U535CET6Q, STM32U535CEU6, STM32U535CEU6Q, STM32U535JEY6QTR, STM32U535NCY6QTR, STM32U535NEY6QTR, STM32U535RBI6, STM32U535RBI6Q, STM32U535RBT6, STM32U535RBT6Q, STM32U535RCI6, STM32U535RCI6Q, STM32U535RCT6, STM32U535RCT6Q, STM32U535REI6, STM32U535REI6Q, STM32U535RET6, STM32U535RET6Q, STM32U535VCI6, STM32U535VCI6Q, STM32U535VCT6, STM32U535VCT6Q, STM32U535VEI6, STM32U535VEI6Q, STM32U535VET6, STM32U535VET6Q, STM32U545CET6, STM32U545CET6Q, STM32U545CEU6, STM32U545CEU6Q, STM32U545JEY6QTR, STM32U545NEY6QTR, STM32U545REI6, STM32U545REI6Q, STM32U545RET6, STM32U545RET6Q, STM32U545VEI6, STM32U545VEI6Q, STM32U545VET6, STM32U545VET6Q, STM32U595AIH6, STM32U595AIH6Q, STM32U595AJH6, STM32U595AJH6Q, STM32U595QII6, STM32U595QII6Q, STM32U595QJI6, STM32U595QJI6Q, STM32U595RIT6, STM32U595RIT6Q, STM32U595RJT6, STM32U595RJT6Q, STM32U595VIT6, STM32U595VIT6Q, STM32U595VJT6, STM32U595VJT6Q, STM32U595ZIT6, STM32U595ZIT6Q, STM32U595ZIY6QTR, STM32U595ZJT6, STM32U595ZJT6Q, STM32U595ZJY6QTR, STM32U599BJY6QTR, STM32U599NIH6Q, STM32U599NJH6Q, STM32U599VIT6Q, STM32U599VJT6, STM32U599VJT6Q, STM32U599ZIT6Q, STM32U599ZIY6QTR, STM32U599ZJT6Q, STM32U599ZJY6QTR, STM32U5A5AJH6, STM32U5A5AJH6Q, STM32U5A5QII3Q , STM32U5A5QJI6, STM32U5A5QJI6Q, STM32U5A5RJT6, STM32U5A5RJT6Q, STM32U5A5VJT6, STM32U5A5VJT6Q, STM32U5A5ZJT6, STM32U5A5ZJT6Q, STM32U5A5ZJY6QTR, STM32U5A9BJY6QTR, STM32U5A9J-DK, STM32U5A9NJH6Q, STM32U5A9VJT6Q, STM32U5A9ZJT6Q, STM32U5A9ZJY6QTR, STM32U5F7VIT6, STM32U5F7VIT6Q, STM32U5F7VJT6, STM32U5F7VJT6Q, STM32U5F9BJY6QTR, STM32U5F9NJH6Q, STM32U5F9VIT6Q, STM32U5F9VJT6Q, STM32U5F9ZIJ6QTR, STM32U5F9ZIT6Q, STM32U5F9ZJJ6QTR, STM32U5F9ZJT6Q, STM32U5G7VJT6, STM32U5G7VJT6Q, STM32U5G9BJY6QTR, STM32U5G9J-DK1, STM32U5G9J-DK2, STM32U5G9NJH6Q, STM32U5G9VJT6Q, STM32U5G9ZJJ6QTR, STM32U5G9ZJT6Q, STM32WB1MMCH6, STM32WBA50KEU6, STM32WBA50KEU6TR, STM32WBA50KGU6, STM32WBA50KGU6TR, STM32WBA52CEU6, STM32WBA52CEU6TR, STM32WBA52CEU7, STM32WBA52CEU7TR, STM32WBA52CGU6, STM32WBA52CGU6TR, STM32WBA52CGU6U, STM32WBA52CGU7, STM32WBA52CGU7TR, STM32WBA52KEU6, STM32WBA52KEU6TR, STM32WBA52KGU6, STM32WBA52KGU6TR, STM32WBA54CEU6, STM32WBA54CEU6TR, STM32WBA54CEU7, STM32WBA54CEU7TR, STM32WBA54CGU6, STM32WBA54CGU6TR, STM32WBA54CGU7, STM32WBA54CGU7TR, STM32WBA54KEU6, STM32WBA54KEU6TR, STM32WBA54KEU7, STM32WBA54KEU7TR, STM32WBA54KGU6, STM32WBA54KGU6TR, STM32WBA54KGU7, STM32WBA54KGU7TR, STM32WBA55CEU6, STM32WBA55CEU6TR, STM32WBA55CEU7, STM32WBA55CEU7TR, STM32WBA55CGU6, STM32WBA55CGU6TR, STM32WBA55CGU6U, STM32WBA55CGU7, STM32WBA55CGU7TR, STM32WBA55G-DK1, STM32WBA55HEF6, STM32WBA55HEF7, STM32WBA55HGF6, STM32WBA55HGF7, STM32WBA55UEI6, STM32WBA55UEI6TR, STM32WBA55UEI7, STM32WBA55UEI7TR, STM32WBA55UGI6, STM32WBA55UGI6TR, STM32WBA55UGI7, STM32WBA55UGI7TR, STM32WL5MOCH6, STM32WL5MOCH6TR]
2025-06-10 19:41:46,584 [INFO] BoardInfo:889 - No configuration file found for board B-WBA5M-WPAN
2025-06-10 19:41:46,584 [INFO] DbBoards:161 - Board is not supported: B-WBA5M-WPAN
2025-06-10 19:41:46,587 [INFO] BoardInfo:889 - No configuration file found for board NUCLEO-C051C8
2025-06-10 19:41:46,587 [INFO] DbBoards:161 - Board is not supported: NUCLEO-C051C8
2025-06-10 19:41:46,589 [INFO] BoardInfo:889 - No configuration file found for board NUCLEO-C071RB
2025-06-10 19:41:46,590 [INFO] DbBoards:161 - Board is not supported: NUCLEO-C071RB
2025-06-10 19:41:46,591 [INFO] BoardInfo:889 - No configuration file found for board NUCLEO-C092RC
2025-06-10 19:41:46,591 [INFO] DbBoards:161 - Board is not supported: NUCLEO-C092RC
2025-06-10 19:41:46,660 [INFO] BoardInfo:889 - No configuration file found for board NUCLEO-N657X0-Q
2025-06-10 19:41:46,661 [INFO] DbBoards:161 - Board is not supported: NUCLEO-N657X0-Q
2025-06-10 19:41:46,664 [INFO] BoardInfo:889 - No configuration file found for board NUCLEO-U385RG-Q
2025-06-10 19:41:46,664 [INFO] DbBoards:161 - Board is not supported: NUCLEO-U385RG-Q
2025-06-10 19:41:46,668 [INFO] BoardInfo:889 - No configuration file found for board NUCLEO-WB05KZ
2025-06-10 19:41:46,668 [INFO] DbBoards:161 - Board is not supported: NUCLEO-WB05KZ
2025-06-10 19:41:46,669 [INFO] BoardInfo:889 - No configuration file found for board NUCLEO-WB07CC
2025-06-10 19:41:46,669 [INFO] DbBoards:161 - Board is not supported: NUCLEO-WB07CC
2025-06-10 19:41:46,670 [INFO] BoardInfo:889 - No configuration file found for board NUCLEO-WB09KE
2025-06-10 19:41:46,671 [INFO] DbBoards:161 - Board is not supported: NUCLEO-WB09KE
2025-06-10 19:41:46,675 [INFO] BoardInfo:889 - No configuration file found for board NUCLEO-WBA65RI
2025-06-10 19:41:46,676 [INFO] DbBoards:161 - Board is not supported: NUCLEO-WBA65RI
2025-06-10 19:41:46,676 [INFO] BoardInfo:889 - No configuration file found for board NUCLEO-WL33CC1
2025-06-10 19:41:46,676 [INFO] DbBoards:161 - Board is not supported: NUCLEO-WL33CC1
2025-06-10 19:41:46,678 [INFO] BoardInfo:889 - No configuration file found for board NUCLEO-WL33CC2
2025-06-10 19:41:46,678 [INFO] DbBoards:161 - Board is not supported: NUCLEO-WL33CC2
2025-06-10 19:41:46,683 [INFO] BoardInfo:889 - No configuration file found for board P-NUCLEO-WB55
2025-06-10 19:41:46,684 [INFO] DbBoards:161 - Kit is not supported: P-NUCLEO-WB55
2025-06-10 19:41:46,687 [INFO] BoardInfo:889 - No configuration file found for board STEVAL-BFA001V1B
2025-06-10 19:41:46,688 [INFO] DbBoards:161 - Kit is not supported: STEVAL-BFA001V1B
2025-06-10 19:41:46,688 [INFO] BoardInfo:889 - No configuration file found for board STEVAL-BFA001V2B
2025-06-10 19:41:46,689 [INFO] DbBoards:161 - Kit is not supported: STEVAL-BFA001V2B
2025-06-10 19:41:46,785 [INFO] BoardInfo:889 - No configuration file found for board STM32MP257F-DK
2025-06-10 19:41:46,785 [INFO] DbBoards:161 - Board is not supported: STM32MP257F-DK
2025-06-10 19:41:46,786 [INFO] BoardInfo:889 - No configuration file found for board STM32MP257F-EV1
2025-06-10 19:41:46,787 [INFO] DbBoards:161 - Board is not supported: STM32MP257F-EV1
2025-06-10 19:41:46,787 [INFO] BoardInfo:889 - No configuration file found for board STM32N6570-DK
2025-06-10 19:41:46,787 [INFO] DbBoards:161 - Board is not supported: STM32N6570-DK
2025-06-10 19:41:46,796 [INFO] BoardInfo:889 - No configuration file found for board STM32WBA65I-DK1
2025-06-10 19:41:46,796 [INFO] DbBoards:161 - Board is not supported: STM32WBA65I-DK1
2025-06-10 19:41:46,796 [INFO] DbBoards:168 - Found 211 boards, 192 are supported
2025-06-10 19:41:46,797 [INFO] DbBoards:169 - Found 211 boards, 8 of them is supported for  Bsp
2025-06-10 19:41:46,799 [INFO] ApiDb:668 - CubeFinder database Data Model version=2.1
2025-06-10 19:41:46,799 [INFO] ApiDb:669 - CubeFinder database Configuration version=3.0.39
2025-06-10 19:41:46,799 [INFO] ApiDb:670 - CubeFinder database generation date=2025-05-20 (1747743314)
2025-06-10 19:41:46,799 [INFO] ApiDb:671 - CubeFinder database FW Pack versions=[FP-ATR-ASTRA1_V2.0.0, FP-SNS-FLIGHT1_V5.1.0, FP-SNS-MOTENV1_V5.0.0, FP-SNS-MOTENVWB1_V1.4.0, FP-SNS-SMARTAG2_V1.2.0, FP-SNS-STBOX1_V2.0.0, STM32Cube_FW_C0_V1.4.0, STM32Cube_FW_F4_V1.28.2, STM32Cube_FW_F7_V1.17.3, STM32Cube_FW_G0_V1.6.2, STM32Cube_FW_G4_V1.6.1, STM32Cube_FW_H5_V1.5.0, STM32Cube_FW_H7RS_V1.2.0, STM32Cube_FW_H7_V1.12.1, STM32Cube_FW_L0_V1.12.2, STM32Cube_FW_L4_V1.18.1, STM32Cube_FW_L5_V1.5.1, STM32Cube_FW_N6_V1.1.1, STM32Cube_FW_U0_V1.2.0, STM32Cube_FW_U3_V1.1.0, STM32Cube_FW_U5_V1.7.0, STM32Cube_FW_WB0_V1.2.0, STM32Cube_FW_WBA_V1.6.0, STM32Cube_FW_WB_V1.22.0, STM32Cube_FW_WL3_V1.1.0, STM32Cube_FW_WL_V1.3.1, X-CUBE-ALGOBUILD_V1.4.0, X-CUBE-ALS_V1.0.2, X-CUBE-AZRTOS-F4_V1.1.0, X-CUBE-AZRTOS-F7_V1.1.0, X-CUBE-AZRTOS-G0_V1.1.0, X-CUBE-AZRTOS-G4_V2.0.0, X-CUBE-AZRTOS-H7RS_V1.1.0, X-CUBE-AZRTOS-H7_V3.3.0, X-CUBE-AZRTOS-L4_V2.0.0, X-CUBE-AZRTOS-L5_V2.0.0, X-CUBE-AZRTOS-WB_V2.0.0, X-CUBE-AZRTOS-WL_V2.0.0, X-CUBE-BLE1_V7.1.0, X-CUBE-BLE2_V3.3.0, X-CUBE-BLEMGR_V4.0.0, X-CUBE-EEPRMA1_V5.1.0, X-CUBE-FREERTOS_V1.3.1, X-CUBE-GNSS1_V6.0.0, X-CUBE-MEMS1_V11.2.0, X-CUBE-NFC4_V3.0.0, X-CUBE-NFC7_V2.0.0, X-CUBE-SFXS2LP1_V4.0.0, X-CUBE-SUBG2_V5.0.0, X-CUBE-TOF1_V3.4.3]
2025-06-10 19:41:48,697 [INFO] ApiDb:240 - Found 483 in-development CPN: [B-G473E-ZEST1S, B-WB1M-WPAN1, B-WL5M-SUBG1, NUCLEO-C031C6, NUCLEO-H503RB, NUCLEO-H533RE, NUCLEO-H563ZI, NUCLEO-H7S3L8, NUCLEO-U031R8, NUCLEO-U083RC, NUCLEO-U545RE-Q, NUCLEO-U5A5ZJ-Q, NUCLEO-WBA52CG, NUCLEO-WBA55CG, STEVAL-PROTEUS1, STEVAL-SMARTAG2, STEVAL-STWINBX1, STM320518-EVAL, STM32C0116-DK, STM32C011D6Y3TR, STM32C011D6Y6TR, STM32C011F4P3, STM32C011F4P6, STM32C011F4U3, STM32C011F4U6TR, STM32C011F6P3, STM32C011F6P6, STM32C011F6U3, STM32C011F6U6TR, STM32C011J4M3, STM32C011J4M6, STM32C011J6M3, STM32C011J6M6, STM32C0316-DK, STM32C031C4T3, STM32C031C4T6, STM32C031C4U3, STM32C031C4U6, STM32C031C6T3, STM32C031C6T6, STM32C031C6U3, STM32C031C6U6, STM32C031F4P3, STM32C031F4P6, STM32C031F6P3, STM32C031F6P6, STM32C031G4U3, STM32C031G4U6, STM32C031G6U3, STM32C031G6U6, STM32C031K4T3, STM32C031K4T6, STM32C031K4U3, STM32C031K4U6, STM32C031K6T3, STM32C031K6T6, STM32C031K6U3, STM32C031K6U6, STM32G071K8TXN, STM32G071K8UXN, STM32G081GBU6N, STM32G081KBT6N, STM32G081KBUXN, STM32G0B1CCT6N, STM32G0B1KCT6, STM32G0B1NEY6TR, STM32G0B1RCT6N, STM32G0C1CCT6, STM32G0C1CCT6N, STM32G0C1CCU6N, STM32G0C1CET6N, STM32G0C1CEU6N, STM32G0C1KCT6, STM32G0C1NEY6TR, STM32G0C1RCI6N, STM32G0C1RCT6N, STM32G0C1REI6N, STM32G0C1RET6N, STM32G0C1VCI6, STM32G0C1VEI6, STM32G471CCT6, STM32G471CCU6, STM32G471CET3, STM32G471CET6, STM32G471CEU3, STM32G471CEU6, STM32G471MCT6, STM32G471MET3, STM32G471MET6, STM32G471MEY6TR, STM32G471QCT6, STM32G471QET3, STM32G471RCT6, STM32G471RET3, STM32G471RET6, STM32G471VCH6, STM32G471VCI6, STM32G471VCT6, STM32G471VEH3, STM32G471VEH6, STM32G471VEI3, STM32G471VEI6, STM32G471VET3, STM32G471VET6, STM32G474CCT6, STM32H503CBT6, STM32H503CBU6, STM32H503EBY6TR, STM32H503KBU6, STM32H503RBT6, STM32H523CCT6, STM32H523CCU6, STM32H523CET6, STM32H523CEU6, STM32H523HEY6TR, STM32H523RCT6, STM32H523RET6, STM32H523VCI6, STM32H523VCT6, STM32H523VEI6, STM32H523VET6, STM32H523ZCJ6, STM32H523ZCT6, STM32H523ZEJ6, STM32H523ZET6, STM32H533CET6, STM32H533CEU6, STM32H533HEY6TR, STM32H533RET6, STM32H533VEI6, STM32H533VET6, STM32H533ZEJ6, STM32H533ZET6, STM32H562AGI6, STM32H562AII6, STM32H562IGK6, STM32H562IGT6, STM32H562IIK6, STM32H562IIT6, STM32H562RGT6, STM32H562RGV6, STM32H562RIT6, STM32H562RIV6, STM32H562VGT6, STM32H562VIT6, STM32H562ZGT6, STM32H562ZIT6, STM32H563AGI6, STM32H563AII3Q, STM32H563AII6, STM32H563IGK6, STM32H563IGT6, STM32H563IIK3Q, STM32H563IIK6, STM32H563IIT3Q, STM32H563IIT6, STM32H563MIY3QTR, STM32H563RGT6, STM32H563RGV6, STM32H563RIT6, STM32H563RIV6, STM32H563VGT6, STM32H563VIT3Q, STM32H563VIT6, STM32H563ZGT6, STM32H563ZIT3Q, STM32H563ZIT6, STM32H573AII3Q, STM32H573AII6, STM32H573I-DK, STM32H573IIK3Q, STM32H573IIK6, STM32H573IIT3Q, STM32H573IIT6, STM32H573MIY3QTR, STM32H573RIT6, STM32H573RIV6, STM32H573VIT3Q, STM32H573VIT6, STM32H573ZIT3Q, STM32H573ZIT6, STM32H7R3A8I6, STM32H7R3I8K6, STM32H7R3I8T6, STM32H7R3L8H6, STM32H7R3L8H6H, STM32H7R3R8V6, STM32H7R3V8H6, STM32H7R3V8T6, STM32H7R3V8Y6, STM32H7R3Z8J6, STM32H7R3Z8T6, STM32H7R7A8I6, STM32H7R7I8K6, STM32H7R7I8T6, STM32H7R7L8H6, STM32H7R7L8H6H, STM32H7R7Z8J6, STM32H7S3A8I6, STM32H7S3I8K6, STM32H7S3I8T6, STM32H7S3L8H6, STM32H7S3L8H6H, STM32H7S3R8V6, STM32H7S3V8H6, STM32H7S3V8T6, STM32H7S3V8Y6, STM32H7S3Z8J6, STM32H7S3Z8T6, STM32H7S78-DK, STM32H7S7A8I6, STM32H7S7I8K6, STM32H7S7I8T6, STM32H7S7L8H6, STM32H7S7L8H6H, STM32H7S7Z8J6, STM32L4R5QGI6STR, STM32MP131AAE3, STM32MP131AAF3, STM32MP131AAG3, STM32MP131CAE3, STM32MP131CAF3, STM32MP131CAG3, STM32MP131DAE7, STM32MP131DAF7, STM32MP131DAG7, STM32MP131FAE7, STM32MP131FAF7, STM32MP131FAG7, STM32MP133AAE3, STM32MP133AAF3, STM32MP133AAG3, STM32MP133CAE3, STM32MP133CAF3, STM32MP133CAG3, STM32MP133DAE7, STM32MP133DAF7, STM32MP133DAG7, STM32MP133FAE7, STM32MP133FAF7, STM32MP133FAG7, STM32MP135AAE3, STM32MP135AAF3, STM32MP135AAG3, STM32MP135CAE3, STM32MP135CAF3, STM32MP135CAG3, STM32MP135DAE7, STM32MP135DAF7, STM32MP135DAG7, STM32MP135F-DK, STM32MP135FAE7, STM32MP135FAF7, STM32MP135FAF7T, STM32MP135FAF7U, STM32MP135FAG7, STM32U031C6T6, STM32U031C6U6, STM32U031C8T6, STM32U031C8U6, STM32U031F4P6, STM32U031F6P6, STM32U031F8P6, STM32U031G6Y6TR, STM32U031G8Y6TR, STM32U031K4U6, STM32U031K6U6, STM32U031K8U6, STM32U031R6I6, STM32U031R6T6, STM32U031R8I6, STM32U031R8T6, STM32U073C8T6, STM32U073C8U6, STM32U073CBT6, STM32U073CBU6, STM32U073CCT6, STM32U073CCU6, STM32U073H8Y6TR, STM32U073HBY6TR, STM32U073HCY6TR, STM32U073K8U6, STM32U073KBU6, STM32U073KCU6, STM32U073M8I6, STM32U073M8T6, STM32U073MBI6, STM32U073MBT6, STM32U073MCI6, STM32U073MCT6, STM32U073R8I6, STM32U073R8T6, STM32U073RBI6, STM32U073RBT6, STM32U073RCI6, STM32U073RCT6, STM32U083C-DK, STM32U083CCT6, STM32U083CCU6, STM32U083HCY6TR, STM32U083KCU6, STM32U083MCI6, STM32U083MCT6, STM32U083RCI6, STM32U083RCT6, STM32U535CBT6, STM32U535CBT6Q, STM32U535CBU6, STM32U535CBU6Q, STM32U535CCT6, STM32U535CCT6Q, STM32U535CCU6, STM32U535CCU6Q, STM32U535CET6, STM32U535CET6Q, STM32U535CEU6, STM32U535CEU6Q, STM32U535JEY6QTR, STM32U535NCY6QTR, STM32U535NEY6QTR, STM32U535RBI6, STM32U535RBI6Q, STM32U535RBT6, STM32U535RBT6Q, STM32U535RCI6, STM32U535RCI6Q, STM32U535RCT6, STM32U535RCT6Q, STM32U535REI6, STM32U535REI6Q, STM32U535RET6, STM32U535RET6Q, STM32U535VCI6, STM32U535VCI6Q, STM32U535VCT6, STM32U535VCT6Q, STM32U535VEI6, STM32U535VEI6Q, STM32U535VET6, STM32U535VET6Q, STM32U545CET6, STM32U545CET6Q, STM32U545CEU6, STM32U545CEU6Q, STM32U545JEY6QTR, STM32U545NEY6QTR, STM32U545REI6, STM32U545REI6Q, STM32U545RET6, STM32U545RET6Q, STM32U545VEI6, STM32U545VEI6Q, STM32U545VET6, STM32U545VET6Q, STM32U595AIH6, STM32U595AIH6Q, STM32U595AJH6, STM32U595AJH6Q, STM32U595QII6, STM32U595QII6Q, STM32U595QJI6, STM32U595QJI6Q, STM32U595RIT6, STM32U595RIT6Q, STM32U595RJT6, STM32U595RJT6Q, STM32U595VIT6, STM32U595VIT6Q, STM32U595VJT6, STM32U595VJT6Q, STM32U595ZIT6, STM32U595ZIT6Q, STM32U595ZIY6QTR, STM32U595ZJT6, STM32U595ZJT6Q, STM32U595ZJY6QTR, STM32U599BJY6QTR, STM32U599NIH6Q, STM32U599NJH6Q, STM32U599VIT6Q, STM32U599VJT6, STM32U599VJT6Q, STM32U599ZIT6Q, STM32U599ZIY6QTR, STM32U599ZJT6Q, STM32U599ZJY6QTR, STM32U5A5AJH6, STM32U5A5AJH6Q, STM32U5A5QII3Q , STM32U5A5QJI6, STM32U5A5QJI6Q, STM32U5A5RJT6, STM32U5A5RJT6Q, STM32U5A5VJT6, STM32U5A5VJT6Q, STM32U5A5ZJT6, STM32U5A5ZJT6Q, STM32U5A5ZJY6QTR, STM32U5A9BJY6QTR, STM32U5A9J-DK, STM32U5A9NJH6Q, STM32U5A9VJT6Q, STM32U5A9ZJT6Q, STM32U5A9ZJY6QTR, STM32U5F7VIT6, STM32U5F7VIT6Q, STM32U5F7VJT6, STM32U5F7VJT6Q, STM32U5F9BJY6QTR, STM32U5F9NJH6Q, STM32U5F9VIT6Q, STM32U5F9VJT6Q, STM32U5F9ZIJ6QTR, STM32U5F9ZIT6Q, STM32U5F9ZJJ6QTR, STM32U5F9ZJT6Q, STM32U5G7VJT6, STM32U5G7VJT6Q, STM32U5G9BJY6QTR, STM32U5G9J-DK1, STM32U5G9J-DK2, STM32U5G9NJH6Q, STM32U5G9VJT6Q, STM32U5G9ZJJ6QTR, STM32U5G9ZJT6Q, STM32WB1MMCH6, STM32WBA50KEU6, STM32WBA50KEU6TR, STM32WBA50KGU6, STM32WBA50KGU6TR, STM32WBA52CEU6, STM32WBA52CEU6TR, STM32WBA52CEU7, STM32WBA52CEU7TR, STM32WBA52CGU6, STM32WBA52CGU6TR, STM32WBA52CGU6U, STM32WBA52CGU7, STM32WBA52CGU7TR, STM32WBA52KEU6, STM32WBA52KEU6TR, STM32WBA52KGU6, STM32WBA52KGU6TR, STM32WBA54CEU6, STM32WBA54CEU6TR, STM32WBA54CEU7, STM32WBA54CEU7TR, STM32WBA54CGU6, STM32WBA54CGU6TR, STM32WBA54CGU7, STM32WBA54CGU7TR, STM32WBA54KEU6, STM32WBA54KEU6TR, STM32WBA54KEU7, STM32WBA54KEU7TR, STM32WBA54KGU6, STM32WBA54KGU6TR, STM32WBA54KGU7, STM32WBA54KGU7TR, STM32WBA55CEU6, STM32WBA55CEU6TR, STM32WBA55CEU7, STM32WBA55CEU7TR, STM32WBA55CGU6, STM32WBA55CGU6TR, STM32WBA55CGU6U, STM32WBA55CGU7, STM32WBA55CGU7TR, STM32WBA55G-DK1, STM32WBA55HEF6, STM32WBA55HEF7, STM32WBA55HGF6, STM32WBA55HGF7, STM32WBA55UEI6, STM32WBA55UEI6TR, STM32WBA55UEI7, STM32WBA55UEI7TR, STM32WBA55UGI6, STM32WBA55UGI6TR, STM32WBA55UGI7, STM32WBA55UGI7TR, STM32WL5MOCH6, STM32WL5MOCH6TR]
2025-06-10 19:41:48,699 [INFO] DbMcus:218 - Found 4657 MCUs, 4657 are supported
2025-06-10 19:41:48,700 [INFO] ApiDb:423 - Load user favorites file C:\Users\nicor/.stm32cubeide/favorites.mcus.txt: 0 item(s)
2025-06-10 19:41:48,700 [INFO] ApiDb:427 - User favorites MCUs=[]
2025-06-10 19:41:48,700 [INFO] DbMcus:224 - Set 0 / 0 favorites MCUs
2025-06-10 19:41:48,960 [INFO] ApiDb:414 - User favorites file not found: C:\Users\nicor/.stm32cubeide/favorites.boards.txt
2025-06-10 19:41:48,960 [INFO] DbBoards:198 - Set 0 / 0 favorites Boards
2025-06-10 19:41:49,024 [INFO] UtilMem:75 - End LoadConfig() Used Memory: 884609224 Bytes (1073741824)
2025-06-10 19:41:49,159 [WARN] ThirdParty:833 - waiting for thirdparty lock release [change project]
2025-06-10 19:41:49,159 [INFO] ThirdParty:835 - entering critical section [change project]
2025-06-10 19:41:49,160 [INFO] ThirdParty:1030 - CMSIS Pack Vendor :STMicroelectronics USBPD 4.1
2025-06-10 19:41:49,160 [INFO] ThirdParty:1030 - CMSIS Pack Vendor :STMicroelectronics X-CUBE-GNSS1 6.0.0
2025-06-10 19:41:49,160 [INFO] ThirdParty:1030 - CMSIS Pack Vendor :STMicroelectronics USB_HOST 2.0.0
2025-06-10 19:41:49,160 [INFO] ThirdParty:1030 - CMSIS Pack Vendor :STMicroelectronics FP-SNS-MOTENVWB1 1.4.0
2025-06-10 19:41:49,160 [INFO] ThirdParty:1030 - CMSIS Pack Vendor :STMicroelectronics X-CUBE-AZRTOS-F4 1.1.0
2025-06-10 19:41:49,160 [INFO] ThirdParty:1030 - CMSIS Pack Vendor :STMicroelectronics LIBJPEG 8.0.0
2025-06-10 19:41:49,160 [INFO] ThirdParty:1030 - CMSIS Pack Vendor :STMicroelectronics FP-ATR-ASTRA1 2.0.2
2025-06-10 19:41:49,160 [INFO] ThirdParty:1030 - CMSIS Pack Vendor :STMicroelectronics FP-ATR-ASTRA1 2.0.1
2025-06-10 19:41:49,160 [INFO] ThirdParty:1030 - CMSIS Pack Vendor :STMicroelectronics X-CUBE-SMBUS 2.1.0
2025-06-10 19:41:49,160 [INFO] ThirdParty:1030 - CMSIS Pack Vendor :STMicroelectronics X-CUBE-WB05N 1.1.0
2025-06-10 19:41:49,160 [INFO] ThirdParty:1030 - CMSIS Pack Vendor :STMicroelectronics X-CUBE-ISPU 2.1.0
2025-06-10 19:41:49,160 [INFO] ThirdParty:1030 - CMSIS Pack Vendor :STMicroelectronics X-CUBE-FREERTOS 1.2.0
2025-06-10 19:41:49,160 [INFO] ThirdParty:1030 - CMSIS Pack Vendor :STMicroelectronics X-CUBE-TOUCHGFX 4.23.2
2025-06-10 19:41:49,160 [INFO] ThirdParty:1030 - CMSIS Pack Vendor :STMicroelectronics X-CUBE-AZRTOS-F7 1.1.0
2025-06-10 19:41:49,160 [INFO] ThirdParty:1030 - CMSIS Pack Vendor :STMicroelectronics X-CUBE-AZRTOS-L5 2.0.0
2025-06-10 19:41:49,160 [INFO] ThirdParty:1030 - CMSIS Pack Vendor :STMicroelectronics USB_DEVICE 2.0.0
2025-06-10 19:41:49,160 [INFO] ThirdParty:1030 - CMSIS Pack Vendor :STMicroelectronics X-CUBE-NFC6 3.1.0
2025-06-10 19:41:49,160 [INFO] ThirdParty:1030 - CMSIS Pack Vendor :STMicroelectronics X-CUBE-MEMS1 11.0.0
2025-06-10 19:41:49,160 [INFO] ThirdParty:1030 - CMSIS Pack Vendor :STMicroelectronics FreeRTOS 0.0.1
2025-06-10 19:41:49,160 [INFO] ThirdParty:1030 - CMSIS Pack Vendor :STMicroelectronics X-CUBE-DPower 1.2.0
2025-06-10 19:41:49,160 [INFO] ThirdParty:1030 - CMSIS Pack Vendor :STMicroelectronics FP-SNS-FLIGHT1 5.0.2
2025-06-10 19:41:49,160 [INFO] ThirdParty:1030 - CMSIS Pack Vendor :STMicroelectronics X-CUBE-AI 9.0.0
2025-06-10 19:41:49,160 [INFO] ThirdParty:1030 - CMSIS Pack Vendor :STMicroelectronics PDM2PCM 3.3.0
2025-06-10 19:41:49,160 [INFO] ThirdParty:1030 - CMSIS Pack Vendor :STMicroelectronics X-CUBE-DISPLAY 3.0.0
2025-06-10 19:41:49,160 [INFO] ThirdParty:1030 - CMSIS Pack Vendor :STMicroelectronics X-CUBE-BLE1 7.0.0
2025-06-10 19:41:49,160 [INFO] ThirdParty:1030 - CMSIS Pack Vendor :STMicroelectronics X-CUBE-NFC10 1.0.0
2025-06-10 19:41:49,160 [INFO] ThirdParty:1030 - CMSIS Pack Vendor :STMicroelectronics X-CUBE-BLEMGR 4.0.0
2025-06-10 19:41:49,160 [INFO] ThirdParty:1030 - CMSIS Pack Vendor :STMicroelectronics X-CUBE-FREERTOS 1.3.1
2025-06-10 19:41:49,160 [INFO] ThirdParty:1030 - CMSIS Pack Vendor :STMicroelectronics HAL Drivers 0.0.0
2025-06-10 19:41:49,160 [INFO] ThirdParty:1030 - CMSIS Pack Vendor :emotas I-CUBE-CANOPEN 1.3.0
2025-06-10 19:41:49,160 [INFO] ThirdParty:1030 - CMSIS Pack Vendor :STMicroelectronics X-CUBE-FREERTOS 1.3.0
2025-06-10 19:41:49,160 [INFO] ThirdParty:1030 - CMSIS Pack Vendor :STMicroelectronics X-CUBE-NFC7 1.0.1
2025-06-10 19:41:49,160 [INFO] ThirdParty:1030 - CMSIS Pack Vendor :STMicroelectronics MBEDTLS 2.14.1
2025-06-10 19:41:49,160 [INFO] ThirdParty:1030 - CMSIS Pack Vendor :wolfSSL I-CUBE-wolfTPM 3.2.0
2025-06-10 19:41:49,160 [INFO] ThirdParty:1030 - CMSIS Pack Vendor :STMicroelectronics X-CUBE-BLEMGR 3.1.0
2025-06-10 19:41:49,160 [INFO] ThirdParty:1030 - CMSIS Pack Vendor :STMicroelectronics X-CUBE-AI 10.0.0
2025-06-10 19:41:49,160 [INFO] ThirdParty:1030 - CMSIS Pack Vendor :STMicroelectronics FP-SNS-SMARTAG2 1.2.0
2025-06-10 19:41:49,160 [INFO] ThirdParty:1030 - CMSIS Pack Vendor :STMicroelectronics X-CUBE-AZRTOS-WL 2.0.0
2025-06-10 19:41:49,161 [INFO] ThirdParty:1030 - CMSIS Pack Vendor :STMicroelectronics X-CUBE-DPower 1.3.0
2025-06-10 19:41:49,161 [INFO] ThirdParty:1030 - CMSIS Pack Vendor :STMicroelectronics FP-SNS-MOTENV1 5.0.0
2025-06-10 19:41:49,161 [INFO] ThirdParty:1030 - CMSIS Pack Vendor :STMicroelectronics USB_DEVICE 1.0.0
2025-06-10 19:41:49,161 [INFO] ThirdParty:1030 - CMSIS Pack Vendor :wolfSSL I-CUBE-wolfMQTT 1.19.0
2025-06-10 19:41:49,161 [INFO] ThirdParty:1030 - CMSIS Pack Vendor :STMicroelectronics X-CUBE-AZRTOS-L4 2.0.0
2025-06-10 19:41:49,161 [INFO] ThirdParty:1030 - CMSIS Pack Vendor :STMicroelectronics ThreadX 0.0.2
2025-06-10 19:41:49,161 [INFO] ThirdParty:1030 - CMSIS Pack Vendor :WES I-CUBE-Cesium 1.3.0
2025-06-10 19:41:49,161 [INFO] ThirdParty:1030 - CMSIS Pack Vendor :STMicroelectronics lwIP 2.1.2
2025-06-10 19:41:49,161 [INFO] ThirdParty:1030 - CMSIS Pack Vendor :STMicroelectronics X-CUBE-SFXS2LP1 4.0.0
2025-06-10 19:41:49,161 [INFO] ThirdParty:1030 - CMSIS Pack Vendor :STMicroelectronics X-CUBE-BLE2 3.3.0
2025-06-10 19:41:49,161 [INFO] ThirdParty:1030 - CMSIS Pack Vendor :STMicroelectronics PDM2PCM 3.2.0
2025-06-10 19:41:49,161 [INFO] ThirdParty:1030 - CMSIS Pack Vendor :STMicroelectronics X-CUBE-AZRTOS-H7 3.3.0
2025-06-10 19:41:49,161 [INFO] ThirdParty:1030 - CMSIS Pack Vendor :STMicroelectronics X-CUBE-NFC9 1.0.0
2025-06-10 19:41:49,161 [INFO] ThirdParty:1030 - CMSIS Pack Vendor :STMicroelectronics X-CUBE-BLE1 7.1.0
2025-06-10 19:41:49,161 [INFO] ThirdParty:1030 - CMSIS Pack Vendor :STMicroelectronics USB_DEVICE 3.0.0
2025-06-10 19:41:49,161 [INFO] ThirdParty:1030 - CMSIS Pack Vendor :STMicroelectronics X-CUBE-TCPP 4.1.0
2025-06-10 19:41:49,161 [INFO] ThirdParty:1030 - CMSIS Pack Vendor :STMicroelectronics X-CUBE-IPS 3.0.0
2025-06-10 19:41:49,161 [INFO] ThirdParty:1030 - CMSIS Pack Vendor :STMicroelectronics X-CUBE-AZRTOS-WB 2.0.0
2025-06-10 19:41:49,161 [INFO] ThirdParty:1030 - CMSIS Pack Vendor :STMicroelectronics X-CUBE-GNSS1 7.0.0
2025-06-10 19:41:49,161 [INFO] ThirdParty:1030 - CMSIS Pack Vendor :STMicroelectronics X-CUBE-GNSS1 7.0.1
2025-06-10 19:41:49,161 [INFO] ThirdParty:1030 - CMSIS Pack Vendor :STMicroelectronics X-CUBE-TOUCHGFX 4.25.0
2025-06-10 19:41:49,161 [INFO] ThirdParty:1030 - CMSIS Pack Vendor :STMicroelectronics X-CUBE-AI 10.1.0
2025-06-10 19:41:49,161 [INFO] ThirdParty:1030 - CMSIS Pack Vendor :STMicroelectronics FP-SNS-STBOX1 2.0.0
2025-06-10 19:41:49,161 [INFO] ThirdParty:1030 - CMSIS Pack Vendor :STMicroelectronics X-CUBE-MEMS1 11.2.0
2025-06-10 19:41:49,161 [INFO] ThirdParty:1030 - CMSIS Pack Vendor :STMicroelectronics X-CUBE-AZRTOS-G0 1.1.0
2025-06-10 19:41:49,161 [INFO] ThirdParty:1030 - CMSIS Pack Vendor :STMicroelectronics X-CUBE-SAFEA1 1.2.2
2025-06-10 19:41:49,161 [INFO] ThirdParty:1030 - CMSIS Pack Vendor :STMicroelectronics X-CUBE-NFC4 3.0.0
2025-06-10 19:41:49,161 [INFO] ThirdParty:1030 - CMSIS Pack Vendor :STMicroelectronics X-CUBE-SUBG2 5.0.0
2025-06-10 19:41:49,161 [INFO] ThirdParty:1030 - CMSIS Pack Vendor :STMicroelectronics X-CUBE-AZRTOS-H7RS 1.1.0
2025-06-10 19:41:49,161 [INFO] ThirdParty:1030 - CMSIS Pack Vendor :STMicroelectronics STM32_WPAN 1.0.0
2025-06-10 19:41:49,161 [INFO] ThirdParty:1030 - CMSIS Pack Vendor :wolfSSL I-CUBE-wolfMQTT 1.18.0
2025-06-10 19:41:49,161 [INFO] ThirdParty:1030 - CMSIS Pack Vendor :EmbeddedOffice I-CUBE-FS-RTOS 1.0.1
2025-06-10 19:41:49,161 [INFO] ThirdParty:1030 - CMSIS Pack Vendor :STMicroelectronics lwIP 2.0.3
2025-06-10 19:41:49,161 [INFO] ThirdParty:1030 - CMSIS Pack Vendor :Cesanta I-CUBE-Mongoose 7.13.0
2025-06-10 19:41:49,161 [INFO] ThirdParty:1030 - CMSIS Pack Vendor :STMicroelectronics USB_HOST 1.0.0
2025-06-10 19:41:49,161 [INFO] ThirdParty:1030 - CMSIS Pack Vendor :STMicroelectronics X-CUBE-AZRTOS-G4 2.0.0
2025-06-10 19:41:49,161 [INFO] ThirdParty:1030 - CMSIS Pack Vendor :STMicroelectronics X-CUBE-WB05N 2.0.0
2025-06-10 19:41:49,161 [INFO] ThirdParty:1030 - CMSIS Pack Vendor :STMicroelectronics PDM2PCM 3.1.0
2025-06-10 19:41:49,161 [INFO] ThirdParty:1030 - CMSIS Pack Vendor :STMicroelectronics X-CUBE-NFC7 2.0.0
2025-06-10 19:41:49,161 [INFO] ThirdParty:1030 - CMSIS Pack Vendor :RealThread X-CUBE-RT-Thread_Nano 4.1.1
2025-06-10 19:41:49,161 [INFO] ThirdParty:1030 - CMSIS Pack Vendor :wolfSSL I-CUBE-wolfSSL 5.7.0
2025-06-10 19:41:49,161 [INFO] ThirdParty:1030 - CMSIS Pack Vendor :STMicroelectronics FP-ATR-SIGFOX1 3.2.0
2025-06-10 19:41:49,161 [INFO] ThirdParty:1030 - CMSIS Pack Vendor :quantropi X-CUBE-qispace-sdk-base 1.9.3
2025-06-10 19:41:49,161 [INFO] ThirdParty:1030 - CMSIS Pack Vendor :STMicroelectronics X-CUBE-ISPU 2.0.0
2025-06-10 19:41:49,161 [INFO] ThirdParty:1030 - CMSIS Pack Vendor :STMicroelectronics X-CUBE-EEPRMA1 5.1.0
2025-06-10 19:41:49,161 [INFO] ThirdParty:1030 - CMSIS Pack Vendor :STMicroelectronics MBEDTLS 2.16.2
2025-06-10 19:41:49,161 [INFO] ThirdParty:1030 - CMSIS Pack Vendor :STMicroelectronics X-CUBE-ALS 1.0.2
2025-06-10 19:41:49,161 [INFO] ThirdParty:1030 - CMSIS Pack Vendor :STMicroelectronics X-CUBE-MEMS1 10.0.0
2025-06-10 19:41:49,162 [INFO] ThirdParty:1030 - CMSIS Pack Vendor :STMicroelectronics X-CUBE-TOUCHGFX 4.24.0
2025-06-10 19:41:49,162 [INFO] ThirdParty:1030 - CMSIS Pack Vendor :ITTIA_DB I-CUBE-ITTIADB 8.9.0
2025-06-10 19:41:49,162 [INFO] ThirdParty:1030 - CMSIS Pack Vendor :STMicroelectronics X-CUBE-TOUCHGFX 4.24.1
2025-06-10 19:41:49,162 [INFO] ThirdParty:1030 - CMSIS Pack Vendor :portGmbH I-Cube-SoM-uGOAL 1.1.0
2025-06-10 19:41:49,162 [INFO] ThirdParty:1030 - CMSIS Pack Vendor :STMicroelectronics ThreadX 1.0.0
2025-06-10 19:41:49,162 [INFO] ThirdParty:1030 - CMSIS Pack Vendor :SEGGER I-CUBE-embOS 1.3.1
2025-06-10 19:41:49,162 [INFO] ThirdParty:1030 - CMSIS Pack Vendor :STMicroelectronics X-CUBE-ALGOBUILD 1.4.0
2025-06-10 19:41:49,162 [INFO] ThirdParty:1030 - CMSIS Pack Vendor :STMicroelectronics X-CUBE-AZRTOS-H7RS 1.0.0
2025-06-10 19:41:49,162 [INFO] ThirdParty:1030 - CMSIS Pack Vendor :STMicroelectronics FP-ATR-ASTRA1 2.0.0
2025-06-10 19:41:49,162 [INFO] ThirdParty:1030 - CMSIS Pack Vendor :STMicroelectronics X-CUBE-TOF1 3.4.2
2025-06-10 19:41:49,162 [INFO] ThirdParty:1030 - CMSIS Pack Vendor :STMicroelectronics X-CUBE-AI 9.1.0
2025-06-10 19:41:49,162 [INFO] ThirdParty:1030 - CMSIS Pack Vendor :STMicroelectronics X-CUBE-TOF1 3.4.1
2025-06-10 19:41:49,162 [INFO] ThirdParty:1030 - CMSIS Pack Vendor :STMicroelectronics X-CUBE-AZRTOS-H7 3.2.0
2025-06-10 19:41:49,162 [INFO] ThirdParty:1030 - CMSIS Pack Vendor :Infineon AIROC-Wi-Fi-Bluetooth-STM32 1.6.0
2025-06-10 19:41:49,162 [INFO] ThirdParty:1030 - CMSIS Pack Vendor :wolfSSL I-CUBE-wolfSSH 1.4.17
2025-06-10 19:41:49,162 [INFO] ThirdParty:841 - exiting critical section [change project]
2025-06-10 19:41:49,443 [INFO] PinOutPanel:1561 - setPackage(No Configuration,No Configuration)
2025-06-10 19:41:49,445 [INFO] PinOutPanel:1561 - setPackage(STM32F401CCUx,UFQFPN48)
2025-06-10 19:41:49,854 [INFO] UtilMem:75 - Before build in PCC Used Memory: 728173232 Bytes (1073741824)
2025-06-10 19:41:50,881 [INFO] UtilMem:75 - After build in PCC Used Memory: 791842480 Bytes (1073741824)
2025-06-10 19:41:50,908 [INFO] IPUIPlugin:80 - create IPUIPlugin
2025-06-10 19:41:50,910 [INFO] IPUIPlugin:80 - create IPUIPlugin
2025-06-10 19:41:50,910 [INFO] IPUIPlugin:80 - create IPUIPlugin
2025-06-10 19:41:50,910 [INFO] IPUIPlugin:80 - create IPUIPlugin
2025-06-10 19:41:50,910 [INFO] IPUIPlugin:80 - create IPUIPlugin
2025-06-10 19:41:50,910 [INFO] IPUIPlugin:80 - create IPUIPlugin
2025-06-10 19:41:50,910 [INFO] IPUIPlugin:80 - create IPUIPlugin
2025-06-10 19:41:50,910 [INFO] IPUIPlugin:80 - create IPUIPlugin
2025-06-10 19:41:50,910 [INFO] IPUIPlugin:80 - create IPUIPlugin
2025-06-10 19:41:50,910 [INFO] IPUIPlugin:80 - create IPUIPlugin
2025-06-10 19:41:50,910 [INFO] IPUIPlugin:80 - create IPUIPlugin
2025-06-10 19:41:50,910 [INFO] IPUIPlugin:80 - create IPUIPlugin
2025-06-10 19:41:50,910 [INFO] IPUIPlugin:80 - create IPUIPlugin
2025-06-10 19:41:50,910 [INFO] IPUIPlugin:80 - create IPUIPlugin
2025-06-10 19:41:50,911 [INFO] IPUIPlugin:80 - create IPUIPlugin
2025-06-10 19:41:50,911 [INFO] IPUIPlugin:80 - create IPUIPlugin
2025-06-10 19:41:50,911 [INFO] IPUIPlugin:80 - create IPUIPlugin
2025-06-10 19:41:50,911 [INFO] IPUIPlugin:80 - create IPUIPlugin
2025-06-10 19:41:50,911 [INFO] IPUIPlugin:80 - create IPUIPlugin
2025-06-10 19:41:50,911 [INFO] IPUIPlugin:80 - create IPUIPlugin
2025-06-10 19:41:50,911 [INFO] IPUIPlugin:80 - create IPUIPlugin
2025-06-10 19:41:50,911 [INFO] IPUIPlugin:80 - create IPUIPlugin
2025-06-10 19:41:50,911 [INFO] IPUIPlugin:80 - create IPUIPlugin
2025-06-10 19:41:50,912 [INFO] IPUIPlugin:80 - create IPUIPlugin
2025-06-10 19:41:50,912 [INFO] IPUIPlugin:80 - create IPUIPlugin
2025-06-10 19:41:50,912 [INFO] IPUIPlugin:80 - create IPUIPlugin
2025-06-10 19:41:50,912 [INFO] IPUIPlugin:80 - create IPUIPlugin
2025-06-10 19:41:50,912 [INFO] IPUIPlugin:80 - create IPUIPlugin
2025-06-10 19:41:50,912 [INFO] IPUIPlugin:80 - create IPUIPlugin
2025-06-10 19:41:50,912 [INFO] IPUIPlugin:80 - create IPUIPlugin
2025-06-10 19:41:50,912 [INFO] IPUIPlugin:80 - create IPUIPlugin
2025-06-10 19:41:50,913 [INFO] IPUIPlugin:80 - create IPUIPlugin
2025-06-10 19:41:50,913 [INFO] IPUIPlugin:80 - create IPUIPlugin
2025-06-10 19:41:50,913 [INFO] IPUIPlugin:80 - create IPUIPlugin
2025-06-10 19:41:50,913 [INFO] IPUIPlugin:80 - create IPUIPlugin
2025-06-10 19:41:50,913 [INFO] IPUIPlugin:80 - create IPUIPlugin
2025-06-10 19:41:50,914 [INFO] IPUIPlugin:80 - create IPUIPlugin
2025-06-10 19:41:51,075 [INFO] ApiDbMcu:508 - Load IP Config File for PDM2PCM
2025-06-10 19:41:51,095 [WARN] IP:2120 - I2C_Coeff_DF not found: check if there is a RefParameter without a condition.
2025-06-10 19:41:51,095 [WARN] IP:2120 - Analog_Filter not found: check if there is a RefParameter without a condition.
2025-06-10 19:41:51,342 [INFO] CADModel:165 - CPN selected for project levelSTM32F401CCU6
2025-06-10 19:41:51,342 [INFO] CADModel:114 - Register for checkConnection events
2025-06-10 19:41:51,394 [INFO] OpenFileManager:343 - Restore cursor
2025-06-10 19:41:51,578 [WARN] IP:2120 - I2C_Coeff_DF not found: check if there is a RefParameter without a condition.
2025-06-10 19:41:51,578 [WARN] IP:2120 - Analog_Filter not found: check if there is a RefParameter without a condition.
2025-06-10 19:41:51,579 [WARN] IP:2120 - I2C_Coeff_DF not found: check if there is a RefParameter without a condition.
2025-06-10 19:41:51,579 [WARN] IP:2120 - Analog_Filter not found: check if there is a RefParameter without a condition.
2025-06-10 19:50:37,970 [WARN] IP:2120 - I2C_Coeff_DF not found: check if there is a RefParameter without a condition.
2025-06-10 19:50:37,970 [WARN] IP:2120 - Analog_Filter not found: check if there is a RefParameter without a condition.
2025-06-10 19:50:40,140 [WARN] IP:2120 - I2C_Coeff_DF not found: check if there is a RefParameter without a condition.
2025-06-10 19:50:40,141 [WARN] IP:2120 - Analog_Filter not found: check if there is a RefParameter without a condition.
2025-06-10 19:50:40,141 [WARN] IP:2120 - I2C_Coeff_DF not found: check if there is a RefParameter without a condition.
2025-06-10 19:50:40,141 [WARN] IP:2120 - Analog_Filter not found: check if there is a RefParameter without a condition.
2025-06-10 19:50:40,166 [INFO] NvicIntPanel:101 - NVIC parent = com.st.microxplorer.plugins.ip.nvic.MultiNvicIntPanel[,0,0,0x0,invalid,layout=javax.swing.BoxLayout,alignmentX=0.0,alignmentY=0.0,border=,flags=9,maximumSize=,minimumSize=,preferredSize=]
2025-06-10 19:50:40,208 [WARN] IP:2120 - I2C_Coeff_DF not found: check if there is a RefParameter without a condition.
2025-06-10 19:50:40,208 [WARN] IP:2120 - Analog_Filter not found: check if there is a RefParameter without a condition.
2025-06-10 19:50:40,216 [WARN] IP:2120 - I2C_Coeff_DF not found: check if there is a RefParameter without a condition.
2025-06-10 19:50:40,217 [WARN] IP:2120 - Analog_Filter not found: check if there is a RefParameter without a condition.
2025-06-10 19:50:43,671 [INFO] UtilMem:75 - End SaveConfig() Used Memory: 826944984 Bytes (1073741824)
2025-06-10 19:50:43,725 [INFO] UtilMem:75 - End SaveConfig() Used Memory: 840989752 Bytes (1073741824)
2025-06-10 19:50:44,318 [INFO] UtilMem:75 - End SaveConfig() Used Memory: 873906856 Bytes (1073741824)
2025-06-10 19:50:44,829 [INFO] BlockDiagram:2759 - set Specific Code input for plugin: NVIC
2025-06-10 19:50:44,829 [INFO] BlockDiagram:2759 - set Specific Code input for plugin: USART
2025-06-10 19:50:44,829 [INFO] BlockDiagram:2759 - set Specific Code input for plugin: TIM1_8
2025-06-10 19:50:44,829 [INFO] BlockDiagram:2759 - set Specific Code input for plugin: TIM1_8
2025-06-10 19:50:44,829 [INFO] BlockDiagram:2759 - set Specific Code input for plugin: SYS
2025-06-10 19:50:44,829 [INFO] BlockDiagram:2759 - set Specific Code input for plugin: GPIO
2025-06-10 19:50:44,829 [INFO] BlockDiagram:2759 - set Specific Code input for plugin: RCC
2025-06-10 19:50:44,829 [INFO] BlockDiagram:2759 - set Specific Code input for plugin: I2C
2025-06-10 19:50:44,832 [INFO] CodeGenerator:807 - code generatio: config db path: C:\ST\STM32CubeIDE_1.15.1\STM32CubeIDE\plugins\com.st.stm32cube.common.mx_6.11.1.202404110753\\db\
2025-06-10 19:50:44,837 [WARN] IP:2120 - I2C_Coeff_DF not found: check if there is a RefParameter without a condition.
2025-06-10 19:50:44,837 [WARN] IP:2120 - Analog_Filter not found: check if there is a RefParameter without a condition.
2025-06-10 19:50:45,025 [INFO] CodeEngine:255 - oldGeneratedFile, C:\Users\nicor\FlightController\SingleCopter\MXTmpFiles\license.tmp_save
2025-06-10 19:50:45,360 [INFO] CodeEngine:279 - Generated code: C:\Users\nicor\FlightController\SingleCopter\MXTmpFiles\license.tmp
2025-06-10 19:50:45,478 [INFO] CodeEngine:255 - oldGeneratedFile, C:\Users\nicor\FlightController\SingleCopter\MXTmpFiles\gpio.tmp_save
2025-06-10 19:50:45,636 [INFO] CodeEngine:279 - Generated code: C:\Users\nicor\FlightController\SingleCopter\MXTmpFiles\gpio.tmp
2025-06-10 19:50:45,983 [INFO] CodeEngine:255 - oldGeneratedFile, C:\Users\nicor\FlightController\SingleCopter\Core\Src\stm32f4xx_it.c_save
2025-06-10 19:50:46,181 [INFO] CodeEngine:279 - Generated code: C:\Users\nicor\FlightController\SingleCopter\Core\Src\stm32f4xx_it.c
2025-06-10 19:50:46,220 [INFO] CodeEngine:255 - oldGeneratedFile, C:\Users\nicor\FlightController\SingleCopter\Core\Inc\stm32f4xx_it.h_save
2025-06-10 19:50:46,344 [INFO] CodeEngine:279 - Generated code: C:\Users\nicor\FlightController\SingleCopter\Core\Inc\stm32f4xx_it.h
2025-06-10 19:50:46,385 [INFO] CodeEngine:255 - oldGeneratedFile, C:\Users\nicor\FlightController\SingleCopter\Core\Src\stm32f4xx_hal_msp.c_save
2025-06-10 19:50:46,562 [INFO] CodeEngine:279 - Generated code: C:\Users\nicor\FlightController\SingleCopter\Core\Src\stm32f4xx_hal_msp.c
2025-06-10 19:50:46,585 [INFO] CodeEngine:255 - oldGeneratedFile, C:\Users\nicor\FlightController\SingleCopter\MXTmpFiles\system.tmp_save
2025-06-10 19:50:46,657 [INFO] CodeEngine:279 - Generated code: C:\Users\nicor\FlightController\SingleCopter\MXTmpFiles\system.tmp
2025-06-10 19:50:46,687 [INFO] CodeEngine:311 - oldGeneratedFile, C:\Users\nicor\FlightController\SingleCopter\Core\Inc\stm32f4xx_hal_conf.h_save
2025-06-10 19:50:46,778 [INFO] CodeEngine:335 - Generated code: C:\Users\nicor\FlightController\SingleCopter\Core\Inc\stm32f4xx_hal_conf.h
2025-06-10 19:50:46,810 [WARN] IPConfigManager:3513 - IP not found : TIM
2025-06-10 19:50:46,811 [WARN] CodeGenerator:3951 - IP not found : null
2025-06-10 19:50:46,844 [INFO] CodeEngine:255 - oldGeneratedFile, C:\Users\nicor\FlightController\SingleCopter\Core\Inc\main.h_save
2025-06-10 19:50:46,970 [INFO] CodeEngine:279 - Generated code: C:\Users\nicor\FlightController\SingleCopter\Core\Inc\main.h
2025-06-10 19:50:46,997 [INFO] CodeEngine:255 - oldGeneratedFile, C:\Users\nicor\FlightController\SingleCopter\Core\Src\main.c_save
2025-06-10 19:50:47,183 [INFO] CodeEngine:279 - Generated code: C:\Users\nicor\FlightController\SingleCopter\Core\Src\main.c
2025-06-10 19:50:47,601 [INFO] ProjectBuilder:3163 - Time for Copy HAL[1] : 234mS.
2025-06-10 19:50:47,608 [INFO] ProjectBuilder:4736 - Project Generator version: 4.3.0-B58
2025-06-10 19:50:47,687 [INFO] ConfigFileManager:1503 - The Die is : DIE423
2025-06-10 19:50:47,706 [INFO] ApiDbMcu:508 - Load IP Config File for FATFS
2025-06-10 19:50:47,721 [INFO] ApiDbMcu:508 - Load IP Config File for FREERTOS
2025-06-10 19:50:47,734 [INFO] ApiDbMcu:508 - Load IP Config File for LIBJPEG
2025-06-10 19:50:47,749 [INFO] ApiDbMcu:508 - Load IP Config File for MBEDTLS
2025-06-10 19:50:47,766 [INFO] ApiDbMcu:508 - Load IP Config File for USB_DEVICE
2025-06-10 19:50:47,779 [INFO] ApiDbMcu:508 - Load IP Config File for USB_HOST
2025-06-10 19:50:48,466 [INFO] LogOutputStream:77 - [STDOUT_REDIRECT] 
2025-06-10 19:50:50,014 [INFO] ProjectBuilder:5002 - Time for Generating toolchain IDE Files: 2405mS.
2025-06-10 19:50:50,015 [INFO] ProjectBuilder:3034 - Time for Copy CMSIS : 1mS.
2025-06-10 19:50:50,020 [INFO] ProjectBuilder:3034 - Time for Copy CMSIS : 0mS.
2025-06-10 20:20:02,340 [WARN] IP:2120 - I2C_Coeff_DF not found: check if there is a RefParameter without a condition.
2025-06-10 20:20:02,340 [WARN] IP:2120 - Analog_Filter not found: check if there is a RefParameter without a condition.
2025-06-10 20:20:02,340 [WARN] IP:2120 - I2C_Coeff_DF not found: check if there is a RefParameter without a condition.
2025-06-10 20:20:02,340 [WARN] IP:2120 - Analog_Filter not found: check if there is a RefParameter without a condition.
2025-06-10 20:20:02,362 [INFO] NvicIntPanel:101 - NVIC parent = com.st.microxplorer.plugins.ip.nvic.MultiNvicIntPanel[,0,0,0x0,invalid,layout=javax.swing.BoxLayout,alignmentX=0.0,alignmentY=0.0,border=,flags=9,maximumSize=,minimumSize=,preferredSize=]
2025-06-10 20:20:02,397 [WARN] IP:2120 - I2C_Coeff_DF not found: check if there is a RefParameter without a condition.
2025-06-10 20:20:02,398 [WARN] IP:2120 - Analog_Filter not found: check if there is a RefParameter without a condition.
2025-06-10 20:20:02,405 [WARN] IP:2120 - I2C_Coeff_DF not found: check if there is a RefParameter without a condition.
2025-06-10 20:20:02,405 [WARN] IP:2120 - Analog_Filter not found: check if there is a RefParameter without a condition.
2025-06-10 20:20:04,721 [INFO] UtilMem:75 - End SaveConfig() Used Memory: 702794112 Bytes (1073741824)
2025-06-10 20:20:04,774 [INFO] UtilMem:75 - End SaveConfig() Used Memory: 716956704 Bytes (1073741824)
2025-06-10 20:20:05,241 [INFO] UtilMem:75 - End SaveConfig() Used Memory: 747840176 Bytes (1073741824)
2025-06-10 20:20:05,423 [INFO] BlockDiagram:2759 - set Specific Code input for plugin: NVIC
2025-06-10 20:20:05,423 [INFO] BlockDiagram:2759 - set Specific Code input for plugin: USART
2025-06-10 20:20:05,423 [INFO] BlockDiagram:2759 - set Specific Code input for plugin: TIM1_8
2025-06-10 20:20:05,423 [INFO] BlockDiagram:2759 - set Specific Code input for plugin: TIM1_8
2025-06-10 20:20:05,423 [INFO] BlockDiagram:2759 - set Specific Code input for plugin: SYS
2025-06-10 20:20:05,423 [INFO] BlockDiagram:2759 - set Specific Code input for plugin: GPIO
2025-06-10 20:20:05,423 [INFO] BlockDiagram:2759 - set Specific Code input for plugin: RCC
2025-06-10 20:20:05,423 [INFO] BlockDiagram:2759 - set Specific Code input for plugin: I2C
2025-06-10 20:20:05,424 [INFO] CodeGenerator:807 - code generatio: config db path: C:\ST\STM32CubeIDE_1.15.1\STM32CubeIDE\plugins\com.st.stm32cube.common.mx_6.11.1.202404110753\\db\
2025-06-10 20:20:05,425 [WARN] IP:2120 - I2C_Coeff_DF not found: check if there is a RefParameter without a condition.
2025-06-10 20:20:05,425 [WARN] IP:2120 - Analog_Filter not found: check if there is a RefParameter without a condition.
2025-06-10 20:20:05,479 [INFO] CodeEngine:255 - oldGeneratedFile, C:\Users\nicor\FlightController\SingleCopter\MXTmpFiles\license.tmp_save
2025-06-10 20:20:05,555 [INFO] CodeEngine:279 - Generated code: C:\Users\nicor\FlightController\SingleCopter\MXTmpFiles\license.tmp
2025-06-10 20:20:05,578 [INFO] CodeEngine:255 - oldGeneratedFile, C:\Users\nicor\FlightController\SingleCopter\MXTmpFiles\gpio.tmp_save
2025-06-10 20:20:05,676 [INFO] CodeEngine:279 - Generated code: C:\Users\nicor\FlightController\SingleCopter\MXTmpFiles\gpio.tmp
2025-06-10 20:20:05,825 [INFO] CodeEngine:255 - oldGeneratedFile, C:\Users\nicor\FlightController\SingleCopter\Core\Src\stm32f4xx_it.c_save
2025-06-10 20:20:05,972 [INFO] CodeEngine:279 - Generated code: C:\Users\nicor\FlightController\SingleCopter\Core\Src\stm32f4xx_it.c
2025-06-10 20:20:05,977 [INFO] CodeEngine:255 - oldGeneratedFile, C:\Users\nicor\FlightController\SingleCopter\Core\Inc\stm32f4xx_it.h_save
2025-06-10 20:20:06,035 [INFO] CodeEngine:279 - Generated code: C:\Users\nicor\FlightController\SingleCopter\Core\Inc\stm32f4xx_it.h
2025-06-10 20:20:06,059 [INFO] CodeEngine:255 - oldGeneratedFile, C:\Users\nicor\FlightController\SingleCopter\Core\Src\stm32f4xx_hal_msp.c_save
2025-06-10 20:20:06,180 [INFO] CodeEngine:279 - Generated code: C:\Users\nicor\FlightController\SingleCopter\Core\Src\stm32f4xx_hal_msp.c
2025-06-10 20:20:06,192 [INFO] CodeEngine:255 - oldGeneratedFile, C:\Users\nicor\FlightController\SingleCopter\MXTmpFiles\system.tmp_save
2025-06-10 20:20:06,246 [INFO] CodeEngine:279 - Generated code: C:\Users\nicor\FlightController\SingleCopter\MXTmpFiles\system.tmp
2025-06-10 20:20:06,265 [INFO] CodeEngine:311 - oldGeneratedFile, C:\Users\nicor\FlightController\SingleCopter\Core\Inc\stm32f4xx_hal_conf.h_save
2025-06-10 20:20:06,353 [INFO] CodeEngine:335 - Generated code: C:\Users\nicor\FlightController\SingleCopter\Core\Inc\stm32f4xx_hal_conf.h
2025-06-10 20:20:06,378 [WARN] IPConfigManager:3513 - IP not found : TIM
2025-06-10 20:20:06,379 [WARN] CodeGenerator:3951 - IP not found : null
2025-06-10 20:20:06,399 [INFO] CodeEngine:255 - oldGeneratedFile, C:\Users\nicor\FlightController\SingleCopter\Core\Inc\main.h_save
2025-06-10 20:20:06,482 [INFO] CodeEngine:279 - Generated code: C:\Users\nicor\FlightController\SingleCopter\Core\Inc\main.h
2025-06-10 20:20:06,497 [INFO] CodeEngine:255 - oldGeneratedFile, C:\Users\nicor\FlightController\SingleCopter\Core\Src\main.c_save
2025-06-10 20:20:06,627 [INFO] CodeEngine:279 - Generated code: C:\Users\nicor\FlightController\SingleCopter\Core\Src\main.c
2025-06-10 20:20:06,983 [INFO] ProjectBuilder:3163 - Time for Copy HAL[1] : 200mS.
2025-06-10 20:20:06,987 [INFO] ProjectBuilder:4736 - Project Generator version: 4.3.0-B58
2025-06-10 20:20:07,046 [INFO] ConfigFileManager:1503 - The Die is : DIE423
2025-06-10 20:20:07,757 [INFO] ProjectBuilder:5002 - Time for Generating toolchain IDE Files: 770mS.
2025-06-10 20:20:07,758 [INFO] ProjectBuilder:3034 - Time for Copy CMSIS : 1mS.
2025-06-10 20:20:07,767 [INFO] ProjectBuilder:3034 - Time for Copy CMSIS : 0mS.
2025-06-10 22:31:39,500 [ERROR] LogOutputStream:75 - [STDERR_REDIRECT] 
