2024-06-11 09:32:52,067 [INFO] Activator:176 - 


2024-06-11 09:32:52,073 [INFO] Activator:177 - !SESSION log4j initialized
2024-06-11 09:32:58,761 [INFO] LogOutputStream:77 - [STDOUT_REDIRECT] 
2024-06-11 09:33:00,605 [INFO] ApplicationProperties:184 - Using Application install path: C:\ST\STM32CubeIDE_1.15.1\STM32CubeIDE\plugins\com.st.stm32cube.common.mx_6.11.1.202404110753
2024-06-11 09:33:00,621 [INFO] DbMcusXml:78 - Set database path to: C:\ST\STM32CubeIDE_1.15.1\STM32CubeIDE\plugins\com.st.stm32cube.common.mx_6.11.1.202404110753\\db\/mcu/
2024-06-11 09:33:00,621 [INFO] ApiDb:274 - Set plugin database path to: C:\ST\STM32CubeIDE_1.15.1\STM32CubeIDE\plugins\com.st.stm32cube.common.mx_6.11.1.202404110753\\db\/plugins/boardmanager/
2024-06-11 09:33:00,621 [WARN] ApiDb:259 - Overriding images path with different value:  => C:\ST\STM32CubeIDE_1.15.1\STM32CubeIDE\plugins\com.st.stm32cube.common.mx_6.11.1.202404110753\\db\/plugins/mcufinder/images/
2024-06-11 09:33:00,629 [INFO] ApiDb:250 - Set database path to: C:\Users\nicor\.stmcufinder\plugins\mcufinder//mcu/
2024-06-11 09:33:00,630 [INFO] DbMcusAds:125 - Set database path to: C:\Users\nicor\.stmcufinder\plugins\mcufinder//mcu/
2024-06-11 09:33:00,633 [INFO] CrossReferenceDbSqlite:203 - Set database path to: C:\Users\nicor\.stmcufinder\plugins\mcufinder//mcu/cs/
2024-06-11 09:33:00,730 [INFO] RulesReader:64 - Compatibility file has been processed (297 Rules)
2024-06-11 09:33:00,822 [INFO] DbMcusXml:78 - Set database path to: C:\ST\STM32CubeIDE_1.15.1\STM32CubeIDE\plugins\com.st.stm32cube.common.mx_6.11.1.202404110753\\db\/mcu/
2024-06-11 09:33:00,822 [INFO] ApiDb:274 - Set plugin database path to: C:\ST\STM32CubeIDE_1.15.1\STM32CubeIDE\plugins\com.st.stm32cube.common.mx_6.11.1.202404110753\\db\/plugins/boardmanager/
2024-06-11 09:33:00,823 [INFO] ApiDb:261 - Set plugin images path to: C:\ST\STM32CubeIDE_1.15.1\STM32CubeIDE\plugins\com.st.stm32cube.common.mx_6.11.1.202404110753\\db\/plugins/mcufinder/images/
2024-06-11 09:33:00,823 [WARN] DbFile:41 - Overriding database path with different value: C:\Users\nicor\.stmcufinder\plugins\mcufinder/ => C:\Users\nicor\.stmcufinder\plugins\mcufinder
2024-06-11 09:33:00,823 [INFO] ApiDb:250 - Set database path to: C:\Users\nicor\.stmcufinder\plugins\mcufinder//mcu/
2024-06-11 09:33:00,823 [WARN] DbFile:41 - Overriding database path with different value: C:\Users\nicor\.stmcufinder\plugins\mcufinder/ => C:\Users\nicor\.stmcufinder\plugins\mcufinder
2024-06-11 09:33:00,823 [INFO] DbMcusAds:125 - Set database path to: C:\Users\nicor\.stmcufinder\plugins\mcufinder//mcu/
2024-06-11 09:33:00,823 [WARN] DbFile:41 - Overriding database path with different value: C:\Users\nicor\.stmcufinder\plugins\mcufinder/ => C:\Users\nicor\.stmcufinder\plugins\mcufinder
2024-06-11 09:33:00,823 [WARN] DbFile:41 - Overriding database path with different value: C:\Users\nicor\.stmcufinder\plugins\mcufinder/ => C:\Users\nicor\.stmcufinder\plugins\mcufinder
2024-06-11 09:33:00,823 [INFO] CrossReferenceDbSqlite:203 - Set database path to: C:\Users\nicor\.stmcufinder\plugins\mcufinder//mcu/cs/
2024-06-11 09:33:00,899 [INFO] MainPanel:264 - HeapMemory: 268435456
2024-06-11 09:33:00,987 [INFO] DbMcusXml:78 - Set database path to: C:\ST\STM32CubeIDE_1.15.1\STM32CubeIDE\plugins\com.st.stm32cube.common.mx_6.11.1.202404110753\\db\/mcu/
2024-06-11 09:33:00,987 [INFO] ApiDb:274 - Set plugin database path to: C:\ST\STM32CubeIDE_1.15.1\STM32CubeIDE\plugins\com.st.stm32cube.common.mx_6.11.1.202404110753\\db\/plugins/boardmanager/
2024-06-11 09:33:00,987 [INFO] ApiDb:261 - Set plugin images path to: C:\ST\STM32CubeIDE_1.15.1\STM32CubeIDE\plugins\com.st.stm32cube.common.mx_6.11.1.202404110753\\db\/plugins/mcufinder/images/
2024-06-11 09:33:00,988 [WARN] DbFile:41 - Overriding database path with different value: C:\Users\nicor\.stmcufinder\plugins\mcufinder/ => C:\Users\nicor\.stmcufinder\plugins\mcufinder
2024-06-11 09:33:00,988 [INFO] ApiDb:250 - Set database path to: C:\Users\nicor\.stmcufinder\plugins\mcufinder//mcu/
2024-06-11 09:33:00,988 [WARN] DbFile:41 - Overriding database path with different value: C:\Users\nicor\.stmcufinder\plugins\mcufinder/ => C:\Users\nicor\.stmcufinder\plugins\mcufinder
2024-06-11 09:33:00,988 [INFO] DbMcusAds:125 - Set database path to: C:\Users\nicor\.stmcufinder\plugins\mcufinder//mcu/
2024-06-11 09:33:00,988 [WARN] DbFile:41 - Overriding database path with different value: C:\Users\nicor\.stmcufinder\plugins\mcufinder/ => C:\Users\nicor\.stmcufinder\plugins\mcufinder
2024-06-11 09:33:00,988 [WARN] DbFile:41 - Overriding database path with different value: C:\Users\nicor\.stmcufinder\plugins\mcufinder/ => C:\Users\nicor\.stmcufinder\plugins\mcufinder
2024-06-11 09:33:00,988 [INFO] CrossReferenceDbSqlite:203 - Set database path to: C:\Users\nicor\.stmcufinder\plugins\mcufinder//mcu/cs/
2024-06-11 09:33:01,006 [INFO] ApplicationProperties:184 - Using Application install path: C:\ST\STM32CubeIDE_1.15.1\STM32CubeIDE\plugins\com.st.stm32cube.common.mx_6.11.1.202404110753
2024-06-11 09:33:01,008 [INFO] PluginManage:196 - Search for loadable plugins [exclusion list=, ]
2024-06-11 09:33:01,009 [INFO] PluginManage:310 - Check plugin analytics
2024-06-11 09:33:01,143 [INFO] AnalyticsPlugin:253 - Accepted Software Licenses: 
2024-06-11 09:33:01,143 [INFO] AnalyticsPlugin:255 - Accepted CMSIS Pack Licenses: 
2024-06-11 09:33:01,143 [INFO] AnalyticsPlugin:257 - Accepted Firmware Licenses: FW.F4.1.28.0
2024-06-11 09:33:01,146 [INFO] PluginManage:359 - Loaded plugin analytics (category:tool,tabindex:-1)
2024-06-11 09:33:01,146 [INFO] PluginManage:310 - Check plugin cadmodel
2024-06-11 09:33:01,160 [INFO] CADModel:105 - Init CAD model plugin
2024-06-11 09:33:01,161 [INFO] PluginManage:359 - Loaded plugin cadmodel (category:power,tabindex:5)
2024-06-11 09:33:01,161 [INFO] PluginManage:310 - Check plugin clock
2024-06-11 09:33:01,178 [INFO] PluginManage:359 - Loaded plugin clock (category:base,tabindex:2)
2024-06-11 09:33:01,178 [INFO] PluginManage:310 - Check plugin ddr
2024-06-11 09:33:01,180 [INFO] PluginManage:359 - Loaded plugin ddr (category:tool,tabindex:6)
2024-06-11 09:33:01,180 [INFO] PluginManage:310 - Check plugin filemanager
2024-06-11 09:33:01,303 [INFO] PluginManage:359 - Loaded plugin filemanager (category:base,tabindex:10)
2024-06-11 09:33:01,303 [INFO] PluginManage:310 - Check plugin ipmanager
2024-06-11 09:33:01,309 [INFO] PluginManage:359 - Loaded plugin ipmanager (category:base,tabindex:5)
2024-06-11 09:33:01,310 [INFO] PluginManage:310 - Check plugin lpbam
2024-06-11 09:33:01,326 [INFO] PluginManage:359 - Loaded plugin lpbam (category:base,tabindex:0)
2024-06-11 09:33:01,326 [INFO] PluginManage:310 - Check plugin memorymap
2024-06-11 09:33:01,356 [INFO] PluginManage:359 - Loaded plugin memorymap (category:base,tabindex:4)
2024-06-11 09:33:01,356 [INFO] PluginManage:310 - Check plugin pinoutandconfiguration
2024-06-11 09:33:01,375 [INFO] PluginManage:359 - Loaded plugin pinoutandconfiguration (category:base,tabindex:1)
2024-06-11 09:33:01,375 [INFO] PluginManage:310 - Check plugin pinoutconfig
2024-06-11 09:33:01,454 [WARN] SupportedApi:132 - Cannot load RTOS API schema: s4s-elt-must-match.1: The content of 'definitions' must match (annotation?, (simpleType | complexType)?, (unique | key | keyref)*)). A problem was found starting at: attribute.
2024-06-11 09:33:01,562 [INFO] PluginManage:359 - Loaded plugin pinoutconfig (category:base,tabindex:0)
2024-06-11 09:33:01,562 [INFO] PluginManage:310 - Check plugin power
2024-06-11 09:33:01,580 [INFO] PluginManage:359 - Loaded plugin power (category:power,tabindex:4)
2024-06-11 09:33:01,580 [INFO] PluginManage:310 - Check plugin projectmanager
2024-06-11 09:33:01,592 [INFO] PluginManage:359 - Loaded plugin projectmanager (category:projectmanager,tabindex:3)
2024-06-11 09:33:01,592 [INFO] PluginManage:310 - Check plugin thirdparty
2024-06-11 09:33:01,841 [INFO] PluginManage:359 - Loaded plugin thirdparty (category:base,tabindex:-1)
2024-06-11 09:33:01,841 [WARN] IntegrityCheckThread:84 - waiting for thirdparty lock release [integrity check]
2024-06-11 09:33:01,841 [INFO] PluginManage:310 - Check plugin tools
2024-06-11 09:33:01,842 [INFO] IntegrityCheckThread:86 - entering critical section [integrity check]
2024-06-11 09:33:01,842 [INFO] ThirdPartyUpdaterWithRetryManager:70 - Updater plugin not ready yet. [1/15]
2024-06-11 09:33:01,871 [INFO] PluginManage:359 - Loaded plugin tools (category:base,tabindex:7)
2024-06-11 09:33:01,871 [INFO] PluginManage:310 - Check plugin tutovideos
2024-06-11 09:33:02,032 [INFO] PluginManage:359 - Loaded plugin tutovideos (category:base,tabindex:-1)
2024-06-11 09:33:02,032 [INFO] PluginManage:310 - Check plugin updater
2024-06-11 09:33:02,042 [INFO] PluginManage:359 - Loaded plugin updater (category:base,tabindex:12)
2024-06-11 09:33:02,042 [INFO] PluginManage:310 - Check plugin userauth
2024-06-11 09:33:02,047 [INFO] UserAuth:114 - Init User Auth plugin
2024-06-11 09:33:02,047 [INFO] PluginManage:359 - Loaded plugin userauth (category:base,tabindex:14)
2024-06-11 09:33:02,048 [INFO] PluginManage:283 - PluginManage : Loaded plugins [17]
2024-06-11 09:33:02,231 [INFO] PinOutPanel:1561 - setPackage(No Configuration,No Configuration)
2024-06-11 09:33:02,292 [INFO] CADModel:165 - CPN selected for project level
2024-06-11 09:33:02,292 [INFO] CADModel:114 - Register for checkConnection events
2024-06-11 09:33:02,317 [INFO] IPUIPlugin:80 - create IPUIPlugin
2024-06-11 09:33:02,317 [INFO] PluginManager:220 - loadIPPluginJar : add adc
2024-06-11 09:33:02,360 [INFO] IPUIPlugin:80 - create IPUIPlugin
2024-06-11 09:33:02,360 [INFO] PluginManager:220 - loadIPPluginJar : add aes
2024-06-11 09:33:02,401 [INFO] IPUIPlugin:80 - create IPUIPlugin
2024-06-11 09:33:02,401 [INFO] PluginManager:220 - loadIPPluginJar : add can
2024-06-11 09:33:02,424 [INFO] IPUIPlugin:80 - create IPUIPlugin
2024-06-11 09:33:02,424 [INFO] PluginManager:220 - loadIPPluginJar : add comp
2024-06-11 09:33:02,456 [INFO] IPUIPlugin:80 - create IPUIPlugin
2024-06-11 09:33:02,456 [INFO] PluginManager:220 - loadIPPluginJar : add cryp
2024-06-11 09:33:02,495 [INFO] IPUIPlugin:80 - create IPUIPlugin
2024-06-11 09:33:02,495 [INFO] PluginManager:220 - loadIPPluginJar : add dfsdm
2024-06-11 09:33:02,507 [INFO] IPUIPlugin:80 - create IPUIPlugin
2024-06-11 09:33:02,507 [INFO] PluginManager:220 - loadIPPluginJar : add dma
2024-06-11 09:33:02,549 [INFO] IPUIPlugin:80 - create IPUIPlugin
2024-06-11 09:33:02,549 [INFO] PluginManager:220 - loadIPPluginJar : add dma3
2024-06-11 09:33:02,603 [INFO] IPUIPlugin:80 - create IPUIPlugin
2024-06-11 09:33:02,603 [INFO] PluginManager:220 - loadIPPluginJar : add extmemmanager
2024-06-11 09:33:02,627 [INFO] IPUIPlugin:80 - create IPUIPlugin
2024-06-11 09:33:02,627 [INFO] PluginManager:220 - loadIPPluginJar : add fatfs
2024-06-11 09:33:02,686 [INFO] IPUIPlugin:80 - create IPUIPlugin
2024-06-11 09:33:02,686 [INFO] PluginManager:220 - loadIPPluginJar : add fmc
2024-06-11 09:33:02,703 [INFO] IPUIPlugin:80 - create IPUIPlugin
2024-06-11 09:33:02,703 [INFO] PluginManager:220 - loadIPPluginJar : add freertos
2024-06-11 09:33:02,729 [INFO] IPUIPlugin:80 - create IPUIPlugin
2024-06-11 09:33:02,729 [INFO] PluginManager:220 - loadIPPluginJar : add genericplugin
2024-06-11 09:33:02,826 [INFO] IPUIPlugin:80 - create IPUIPlugin
2024-06-11 09:33:02,827 [INFO] PluginManager:220 - loadIPPluginJar : add gfxmmu
2024-06-11 09:33:02,980 [INFO] IPUIPlugin:80 - create IPUIPlugin
2024-06-11 09:33:02,980 [INFO] PluginManager:220 - loadIPPluginJar : add gic
2024-06-11 09:33:03,001 [INFO] IPUIPlugin:80 - create IPUIPlugin
2024-06-11 09:33:03,001 [INFO] PluginManager:220 - loadIPPluginJar : add gpio
2024-06-11 09:33:03,116 [INFO] IPUIPlugin:80 - create IPUIPlugin
2024-06-11 09:33:03,116 [INFO] PluginManager:220 - loadIPPluginJar : add gtzc
2024-06-11 09:33:03,146 [INFO] IPUIPlugin:80 - create IPUIPlugin
2024-06-11 09:33:03,146 [INFO] PluginManager:220 - loadIPPluginJar : add hash
2024-06-11 09:33:03,216 [INFO] IPUIPlugin:80 - create IPUIPlugin
2024-06-11 09:33:03,216 [INFO] PluginManager:220 - loadIPPluginJar : add i2c
2024-06-11 09:33:03,252 [INFO] IPUIPlugin:80 - create IPUIPlugin
2024-06-11 09:33:03,252 [INFO] PluginManager:220 - loadIPPluginJar : add i2s
2024-06-11 09:33:03,301 [INFO] IPUIPlugin:80 - create IPUIPlugin
2024-06-11 09:33:03,302 [INFO] PluginManager:220 - loadIPPluginJar : add i3c
2024-06-11 09:33:03,416 [INFO] IPUIPlugin:80 - create IPUIPlugin
2024-06-11 09:33:03,416 [INFO] PluginManager:220 - loadIPPluginJar : add ipddr
2024-06-11 09:33:03,496 [INFO] IPUIPlugin:80 - create IPUIPlugin
2024-06-11 09:33:03,496 [INFO] PluginManager:220 - loadIPPluginJar : add linkedlist
2024-06-11 09:33:03,527 [INFO] IPUIPlugin:80 - create IPUIPlugin
2024-06-11 09:33:03,528 [INFO] PluginManager:220 - loadIPPluginJar : add lorawan
2024-06-11 09:33:03,578 [INFO] IPUIPlugin:80 - create IPUIPlugin
2024-06-11 09:33:03,578 [INFO] PluginManager:220 - loadIPPluginJar : add ltdc
2024-06-11 09:33:03,591 [INFO] IPUIPlugin:80 - create IPUIPlugin
2024-06-11 09:33:03,591 [INFO] PluginManager:220 - loadIPPluginJar : add mdma
2024-06-11 09:33:03,601 [INFO] IPUIPlugin:80 - create IPUIPlugin
2024-06-11 09:33:03,602 [INFO] PluginManager:220 - loadIPPluginJar : add nvic
2024-06-11 09:33:03,633 [INFO] IPUIPlugin:80 - create IPUIPlugin
2024-06-11 09:33:03,633 [INFO] PluginManager:220 - loadIPPluginJar : add opamp
2024-06-11 09:33:03,682 [INFO] IPUIPlugin:80 - create IPUIPlugin
2024-06-11 09:33:03,683 [INFO] PluginManager:220 - loadIPPluginJar : add openamp
2024-06-11 09:33:03,729 [INFO] IPUIPlugin:80 - create IPUIPlugin
2024-06-11 09:33:03,729 [INFO] PluginManager:220 - loadIPPluginJar : add pdm2pcm
2024-06-11 09:33:03,742 [INFO] IPUIPlugin:80 - create IPUIPlugin
2024-06-11 09:33:03,743 [INFO] PluginManager:220 - loadIPPluginJar : add plateformsettings
2024-06-11 09:33:03,760 [INFO] IPUIPlugin:80 - create IPUIPlugin
2024-06-11 09:33:03,760 [INFO] PluginManager:220 - loadIPPluginJar : add quadspi
2024-06-11 09:33:03,771 [INFO] IPUIPlugin:80 - create IPUIPlugin
2024-06-11 09:33:03,771 [INFO] PluginManager:220 - loadIPPluginJar : add resmgrutility
2024-06-11 09:33:03,825 [INFO] IPUIPlugin:80 - create IPUIPlugin
2024-06-11 09:33:03,825 [INFO] PluginManager:220 - loadIPPluginJar : add sai
2024-06-11 09:33:03,867 [INFO] IPUIPlugin:80 - create IPUIPlugin
2024-06-11 09:33:03,867 [INFO] PluginManager:220 - loadIPPluginJar : add spi
2024-06-11 09:33:03,927 [INFO] IPUIPlugin:80 - create IPUIPlugin
2024-06-11 09:33:03,927 [INFO] PluginManager:220 - loadIPPluginJar : add stm32_wpan
2024-06-11 09:33:03,947 [INFO] IPUIPlugin:80 - create IPUIPlugin
2024-06-11 09:33:03,948 [INFO] PluginManager:220 - loadIPPluginJar : add tim
2024-06-11 09:33:04,015 [INFO] IPUIPlugin:80 - create IPUIPlugin
2024-06-11 09:33:04,015 [INFO] PluginManager:220 - loadIPPluginJar : add touchsensing
2024-06-11 09:33:04,035 [INFO] IPUIPlugin:80 - create IPUIPlugin
2024-06-11 09:33:04,035 [INFO] PluginManager:220 - loadIPPluginJar : add tracer_emb
2024-06-11 09:33:04,054 [INFO] IPUIPlugin:80 - create IPUIPlugin
2024-06-11 09:33:04,054 [INFO] PluginManager:220 - loadIPPluginJar : add ts
2024-06-11 09:33:04,072 [INFO] IPUIPlugin:80 - create IPUIPlugin
2024-06-11 09:33:04,072 [INFO] PluginManager:220 - loadIPPluginJar : add tsc
2024-06-11 09:33:04,095 [INFO] IPUIPlugin:80 - create IPUIPlugin
2024-06-11 09:33:04,095 [INFO] PluginManager:220 - loadIPPluginJar : add ucpd
2024-06-11 09:33:04,129 [INFO] IPUIPlugin:80 - create IPUIPlugin
2024-06-11 09:33:04,129 [INFO] PluginManager:220 - loadIPPluginJar : add usart
2024-06-11 09:33:04,179 [INFO] IPUIPlugin:80 - create IPUIPlugin
2024-06-11 09:33:04,179 [INFO] PluginManager:220 - loadIPPluginJar : add usbx
2024-06-11 09:33:04,294 [INFO] CADModel:165 - CPN selected for project level
2024-06-11 09:33:04,294 [INFO] CADModel:114 - Register for checkConnection events
2024-06-11 09:33:04,294 [FATAL] Updater:308 - Updater called before beeing initialized
2024-06-11 09:33:04,294 [ERROR] CADModel:125 - Updater not yet initialized, retry later 
2024-06-11 09:33:04,396 [INFO] CADModel:165 - CPN selected for project level
2024-06-11 09:33:04,396 [INFO] CADModel:114 - Register for checkConnection events
2024-06-11 09:33:04,396 [FATAL] Updater:308 - Updater called before beeing initialized
2024-06-11 09:33:04,396 [ERROR] CADModel:125 - Updater not yet initialized, retry later 
2024-06-11 09:33:04,400 [FATAL] Updater:308 - Updater called before beeing initialized
2024-06-11 09:33:04,484 [FATAL] Updater:308 - Updater called before beeing initialized
2024-06-11 09:33:04,495 [INFO] DbMcusAds:53 - JSON generation date=Thu May 16 06:22:00 ART 2024 (1715851320852)
2024-06-11 09:33:04,495 [FATAL] Updater:308 - Updater called before beeing initialized
2024-06-11 09:33:04,559 [WARN] DetailPanel:346 - Failed to get advertising image, set to default
2024-06-11 09:33:04,636 [FATAL] Updater:308 - Updater called before beeing initialized
2024-06-11 09:33:04,637 [FATAL] Updater:308 - Updater called before beeing initialized
2024-06-11 09:33:04,637 [FATAL] Updater:308 - Updater called before beeing initialized
2024-06-11 09:33:04,637 [WARN] DetailPanel:346 - Failed to get advertising image, set to default
2024-06-11 09:33:04,638 [FATAL] Updater:308 - Updater called before beeing initialized
2024-06-11 09:33:04,685 [ERROR] Updater:1120 - MainUpdater not yet initialized. External WinMGr cannot be set.
2024-06-11 09:33:04,698 [INFO] Updater:1056 - Updater Version found : 6.11.1
2024-06-11 09:33:04,715 [INFO] ApplicationProperties:184 - Using Application install path: C:\ST\STM32CubeIDE_1.15.1\STM32CubeIDE\plugins\com.st.stm32cube.common.mx_6.11.1.202404110753
2024-06-11 09:33:04,845 [INFO] ThirdPartyUpdaterWithRetryManager:70 - Updater plugin not ready yet. [2/15]
2024-06-11 09:33:06,317 [ERROR] LogOutputStream:75 - [STDERR_REDIRECT] Jun 11, 2024 9:33:06 AM java.util.prefs.WindowsPreferences <init>
2024-06-11 09:33:06,319 [ERROR] LogOutputStream:75 - [STDERR_REDIRECT] WARNING: Could not open/create prefs root node Software\JavaSoft\Prefs at root 0xffffffff80000002. Windows RegCreateKeyEx(...) returned error code 5.
2024-06-11 09:33:06,319 [ERROR] LogOutputStream:75 - [STDERR_REDIRECT] 
2024-06-11 09:33:06,649 [INFO] MainUpdater:2873 - connection check result : 10
2024-06-11 09:33:06,650 [INFO] MainUpdater:290 - Updater Check For Update Now.
2024-06-11 09:33:06,650 [INFO] MicroXplorer:498 - Change Database Version : DB.6.0.111
2024-06-11 09:33:06,665 [INFO] McuFinderGlobals:63 - Set McuFinder mode to 2 (CubeIDE integrated)
2024-06-11 09:33:06,677 [INFO] UserAuth:415 - Internet connection configuration mode: 1
2024-06-11 09:33:06,712 [INFO] JxBrowserEngine:152 - Initiate JxBrowser Engine with user profile folder
2024-06-11 09:33:06,867 [INFO] CheckServerUpdateThread:120 - End of CheckServer Thread
2024-06-11 09:33:08,064 [WARN] PackLoader:240 - Cannot read IP mode file for STMicroelectronics.FP-SNS-MOTENVWB1.1.4.0
2024-06-11 09:33:08,084 [WARN] PackLoader:240 - Cannot read IP mode file for STMicroelectronics.X-CUBE-SMBUS.2.1.0
2024-06-11 09:33:08,098 [WARN] PackLoader:240 - Cannot read IP mode file for STMicroelectronics.X-CUBE-TOUCHGFX.4.23.2
2024-06-11 09:33:08,138 [WARN] PackLoader:240 - Cannot read IP mode file for STMicroelectronics.X-CUBE-AZRTOS-F7.1.1.0
2024-06-11 09:33:08,158 [WARN] PackLoader:240 - Cannot read IP mode file for STMicroelectronics.FP-SNS-FLIGHT1.5.0.2
2024-06-11 09:33:08,180 [WARN] PackLoader:240 - Cannot read IP mode file for STMicroelectronics.X-CUBE-DISPLAY.3.0.0
2024-06-11 09:33:08,203 [WARN] PackLoader:240 - Cannot read IP mode file for STMicroelectronics.X-CUBE-BLE1.7.0.0
2024-06-11 09:33:08,221 [WARN] PackLoader:240 - Cannot read IP mode file for emotas.I-CUBE-CANOPEN.1.3.0
2024-06-11 09:33:08,242 [WARN] PackLoader:240 - Cannot read IP mode file for STMicroelectronics.X-CUBE-BLEMGR.3.1.0
2024-06-11 09:33:08,259 [WARN] PackLoader:240 - Cannot read IP mode file for STMicroelectronics.FP-SNS-SMARTAG2.1.2.0
2024-06-11 09:33:08,281 [INFO] LogOutputStream:77 - [STDOUT_REDIRECT] 1 : Invalid condition id : UX_CORESTACK_Condition cause : null
2024-06-11 09:33:08,282 [INFO] LogOutputStream:77 - [STDOUT_REDIRECT] 1 : Invalid condition id : UX_CORESTACK_Condition cause : null
2024-06-11 09:33:08,282 [INFO] LogOutputStream:77 - [STDOUT_REDIRECT] 1 : Invalid condition id : UX_CORESTACK_Condition cause : null
2024-06-11 09:33:08,283 [INFO] LogOutputStream:77 - [STDOUT_REDIRECT] 1 : Invalid condition id : UX_CORESTACK_Condition cause : null
2024-06-11 09:33:08,283 [INFO] LogOutputStream:77 - [STDOUT_REDIRECT] 1 : Invalid condition id : UX_CORESTACK_Condition cause : null
2024-06-11 09:33:08,285 [WARN] PackLoader:240 - Cannot read IP mode file for STMicroelectronics.X-CUBE-AZRTOS-WL.2.0.0
2024-06-11 09:33:08,300 [WARN] PackLoader:240 - Cannot read IP mode file for STMicroelectronics.FP-SNS-MOTENV1.5.0.0
2024-06-11 09:33:08,319 [WARN] PackLoader:240 - Cannot read IP mode file for WES.I-CUBE-Cesium.1.3.0
2024-06-11 09:33:08,333 [WARN] PackLoader:240 - Cannot read IP mode file for STMicroelectronics.X-CUBE-BLE2.3.3.0
2024-06-11 09:33:08,346 [WARN] PackLoader:240 - Cannot read IP mode file for STMicroelectronics.X-CUBE-TCPP.4.1.0
2024-06-11 09:33:08,376 [WARN] PackLoader:240 - Cannot read IP mode file for STMicroelectronics.X-CUBE-AZRTOS-G0.1.1.0
2024-06-11 09:33:08,392 [WARN] PackLoader:240 - Cannot read IP mode file for STMicroelectronics.X-CUBE-SAFEA1.1.2.2
2024-06-11 09:33:08,409 [WARN] PackLoader:240 - Cannot read IP mode file for STMicroelectronics.X-CUBE-NFC4.3.0.0
2024-06-11 09:33:08,427 [WARN] PackLoader:240 - Cannot read IP mode file for wolfSSL.I-CUBE-wolfMQTT.1.18.0
2024-06-11 09:33:08,444 [WARN] PackLoader:240 - Cannot read IP mode file for wolfSSL.I-CUBE-wolfSSL.5.7.0
2024-06-11 09:33:08,459 [WARN] PackLoader:240 - Cannot read IP mode file for STMicroelectronics.FP-ATR-SIGFOX1.3.2.0
2024-06-11 09:33:08,475 [WARN] PackLoader:240 - Cannot read IP mode file for STMicroelectronics.X-CUBE-EEPRMA1.5.1.0
2024-06-11 09:33:08,491 [WARN] PackLoader:240 - Cannot read IP mode file for ITTIA_DB.I-CUBE-ITTIADB.8.9.0
2024-06-11 09:33:08,534 [WARN] PackLoader:240 - Cannot read IP mode file for SEGGER.I-CUBE-embOS.1.3.1
2024-06-11 09:33:08,582 [WARN] PackLoader:240 - Cannot read IP mode file for STMicroelectronics.X-CUBE-ALGOBUILD.1.4.0
2024-06-11 09:33:08,597 [WARN] PackLoader:240 - Cannot read IP mode file for STMicroelectronics.X-CUBE-GNSS1.6.0.0
2024-06-11 09:33:08,622 [WARN] PackLoader:240 - Cannot read IP mode file for STMicroelectronics.X-CUBE-AZRTOS-F4.1.1.0
2024-06-11 09:33:08,637 [WARN] PackLoader:240 - Cannot read IP mode file for STMicroelectronics.X-CUBE-FREERTOS.1.2.0
2024-06-11 09:33:08,667 [WARN] PackLoader:240 - Cannot read IP mode file for STMicroelectronics.X-CUBE-AZRTOS-L5.2.0.0
2024-06-11 09:33:08,685 [WARN] PackLoader:240 - Cannot read IP mode file for STMicroelectronics.X-CUBE-NFC6.3.1.0
2024-06-11 09:33:08,701 [WARN] PackLoader:240 - Cannot read IP mode file for STMicroelectronics.X-CUBE-AI.9.0.0
2024-06-11 09:33:08,717 [WARN] PackLoader:240 - Cannot read IP mode file for STMicroelectronics.X-CUBE-NFC7.1.0.1
2024-06-11 09:33:08,745 [WARN] ConditionMgr:438 - getConditionDescription Invalid condition id : LAN8742 Phy interface Condition cause : null
2024-06-11 09:33:08,745 [WARN] PackLoader:240 - Cannot read IP mode file for STMicroelectronics.X-CUBE-AZRTOS-L4.2.0.0
2024-06-11 09:33:08,747 [WARN] ConditionMgr:1039 - genDependencies : Invalid condition id : LAN8742 Phy interface Condition cause : null
2024-06-11 09:33:08,748 [WARN] ConditionMgr:1039 - genDependencies : Invalid condition id : LAN8742 Phy interface Condition cause : null
2024-06-11 09:33:08,749 [WARN] ConditionMgr:1039 - genDependencies : Invalid condition id : LAN8742 Phy interface Condition cause : null
2024-06-11 09:33:08,765 [WARN] PackLoader:240 - Cannot read IP mode file for STMicroelectronics.X-CUBE-SFXS2LP1.4.0.0
2024-06-11 09:33:08,793 [WARN] ConditionMgr:438 - getConditionDescription Invalid condition id : UX DEVICE CLASS RTOS Condition cause : null
2024-06-11 09:33:08,793 [WARN] ConditionMgr:438 - getConditionDescription Invalid condition id : UX DEVICE CLASS RTOS Condition cause : null
2024-06-11 09:33:08,795 [WARN] PackLoader:240 - Cannot read IP mode file for STMicroelectronics.X-CUBE-AZRTOS-WB.2.0.0
2024-06-11 09:33:08,795 [WARN] ConditionMgr:1039 - genDependencies : Invalid condition id : UX DEVICE CLASS RTOS Condition cause : null
2024-06-11 09:33:08,795 [WARN] ConditionMgr:1039 - genDependencies : Invalid condition id : UX DEVICE CLASS RTOS Condition cause : null
2024-06-11 09:33:08,795 [WARN] ConditionMgr:1039 - genDependencies : Invalid condition id : UX DEVICE CLASS RTOS Condition cause : null
2024-06-11 09:33:08,797 [WARN] ConditionMgr:1039 - genDependencies : Invalid condition id : UX DEVICE CLASS RTOS Condition cause : null
2024-06-11 09:33:08,797 [WARN] ConditionMgr:1039 - genDependencies : Invalid condition id : UX DEVICE CLASS RTOS Condition cause : null
2024-06-11 09:33:08,818 [WARN] PackLoader:240 - Cannot read IP mode file for STMicroelectronics.X-CUBE-SUBG2.5.0.0
2024-06-11 09:33:08,836 [WARN] PackLoader:240 - Cannot read IP mode file for Cesanta.I-CUBE-Mongoose.7.13.0
2024-06-11 09:33:08,866 [WARN] PackLoader:240 - Cannot read IP mode file for STMicroelectronics.X-CUBE-AZRTOS-G4.2.0.0
2024-06-11 09:33:08,888 [WARN] PackLoader:240 - Cannot read IP mode file for STMicroelectronics.X-CUBE-ISPU.2.0.0
2024-06-11 09:33:08,902 [WARN] PackLoader:240 - Cannot read IP mode file for STMicroelectronics.X-CUBE-ALS.1.0.2
2024-06-11 09:33:08,945 [WARN] PackLoader:240 - Cannot read IP mode file for STMicroelectronics.X-CUBE-MEMS1.10.0.0
2024-06-11 09:33:09,036 [WARN] PackLoader:240 - Cannot read IP mode file for portGmbH.I-Cube-SoM-uGOAL.1.1.0
2024-06-11 09:33:09,068 [WARN] PackLoader:240 - Cannot read IP mode file for STMicroelectronics.X-CUBE-AZRTOS-H7RS.1.0.0
2024-06-11 09:33:09,085 [WARN] PackLoader:240 - Cannot read IP mode file for STMicroelectronics.FP-ATR-ASTRA1.2.0.0
2024-06-11 09:33:09,107 [WARN] PackLoader:240 - Cannot read IP mode file for STMicroelectronics.X-CUBE-TOF1.3.4.1
2024-06-11 09:33:09,142 [WARN] PackLoader:240 - Cannot read IP mode file for STMicroelectronics.X-CUBE-AZRTOS-H7.3.2.0
2024-06-11 09:33:09,169 [WARN] PackLoader:240 - Cannot read IP mode file for Infineon.AIROC-Wi-Fi-Bluetooth-STM32.1.6.0
2024-06-11 09:33:09,172 [INFO] ThirdParty:978 - Integrity check success = true
2024-06-11 09:33:09,173 [INFO] IntegrityCheckThread:100 - exiting critical section [integrity check]
2024-06-11 09:33:09,173 [INFO] IntegrityCheckThread:103 - End integrity checks thread
2024-06-11 09:33:11,448 [INFO] WebApp:161 - Instantiating new browser for Auth
2024-06-11 09:33:11,987 [INFO] WebApp:779 - Register for checkConnection events
2024-06-11 09:33:11,987 [INFO] WebApp:414 - Apply proxy settings
2024-06-11 09:33:11,987 [INFO] WebApp:499 - Chromium requires no authentication
2024-06-11 09:33:11,994 [INFO] WebApp:442 - Direct internet connection detected
2024-06-11 09:33:12,158 [INFO] WebApp:192 - Starting web application
2024-06-11 09:33:12,158 [INFO] WebApp:544 - Web application path used C:\ST\STM32CubeIDE_1.15.1\STM32CubeIDE\plugins\com.st.stm32cube.common.mx_6.11.1.202404110753\db\plugins\mcufinder\reactClient1\index.html
2024-06-11 09:54:14,426 [INFO] WebApp:354 - JxBrowser engine has been closed 
